{"meta": {"format": 3, "version": "7.14.0", "timestamp": "2026-05-27T23:12:48.548527", "branch_coverage": false, "show_contexts": false}, "files": {"app/__init__.py": {"executed_lines": [], "summary": {"covered_lines": 0, "num_statements": 0, "percent_covered": 100.0, "percent_covered_display": "100", "missing_lines": 0, "excluded_lines": 0, "percent_statements_covered": 100.0, "percent_statements_covered_display": "100"}, "missing_lines": [], "excluded_lines": [], "functions": {"": {"executed_lines": [], "summary": {"covered_lines": 0, "num_statements": 0, "percent_covered": 100.0, "percent_covered_display": "100", "missing_lines": 0, "excluded_lines": 0, "percent_statements_covered": 100.0, "percent_statements_covered_display": "100"}, "missing_lines": [], "excluded_lines": [], "start_line": 1}}, "classes": {"": {"executed_lines": [], "summary": {"covered_lines": 0, "num_statements": 0, "percent_covered": 100.0, "percent_covered_display": "100", "missing_lines": 0, "excluded_lines": 0, "percent_statements_covered": 100.0, "percent_statements_covered_display": "100"}, "missing_lines": [], "excluded_lines": [], "start_line": 1}}}, "app/i18n/__init__.py": {"executed_lines": [2, 4], "summary": {"covered_lines": 2, "num_statements": 2, "percent_covered": 100.0, "percent_covered_display": "100", "missing_lines": 0, "excluded_lines": 0, "percent_statements_covered": 100.0, "percent_statements_covered_display": "100"}, "missing_lines": [], "excluded_lines": [], "functions": {"": {"executed_lines": [2, 4], "summary": {"covered_lines": 2, "num_statements": 2, "percent_covered": 100.0, "percent_covered_display": "100", "missing_lines": 0, "excluded_lines": 0, "percent_statements_covered": 100.0, "percent_statements_covered_display": "100"}, "missing_lines": [], "excluded_lines": [], "start_line": 1}}, "classes": {"": {"executed_lines": [2, 4], "summary": {"covered_lines": 2, "num_statements": 2, "percent_covered": 100.0, "percent_covered_display": "100", "missing_lines": 0, "excluded_lines": 0, "percent_statements_covered": 100.0, "percent_statements_covered_display": "100"}, "missing_lines": [], "excluded_lines": [], "start_line": 1}}}, "app/i18n/i18n_utils.py": {"executed_lines": [8, 9, 10, 11, 12, 14, 15, 16, 19, 20, 22, 23, 24, 25, 26, 27, 28, 29, 32, 37, 38, 39, 40, 41, 44, 49, 50, 51, 52, 53, 54, 57, 58, 59, 61, 62, 63, 67, 80, 81, 82, 83, 86, 87, 88, 89, 90, 92], "summary": {"covered_lines": 48, "num_statements": 50, "percent_covered": 96.0, "percent_covered_display": "96", "missing_lines": 2, "excluded_lines": 0, "percent_statements_covered": 96.0, "percent_statements_covered_display": "96"}, "missing_lines": [56, 64], "excluded_lines": [], "functions": {"_load_i18n": {"executed_lines": [22, 23, 24, 25, 26, 27, 28, 29], "summary": {"covered_lines": 8, "num_statements": 8, "percent_covered": 100.0, "percent_covered_display": "100", "missing_lines": 0, "excluded_lines": 0, "percent_statements_covered": 100.0, "percent_statements_covered_display": "100"}, "missing_lines": [], "excluded_lines": [], "start_line": 20}, "get_i18n": {"executed_lines": [37, 38, 39, 40, 41], "summary": {"covered_lines": 5, "num_statements": 5, "percent_covered": 100.0, "percent_covered_display": "100", "missing_lines": 0, "excluded_lines": 0, "percent_statements_covered": 100.0, "percent_statements_covered_display": "100"}, "missing_lines": [], "excluded_lines": [], "start_line": 32}, "t": {"executed_lines": [49, 50, 51, 52, 53, 54, 57, 58, 59, 61, 62, 63], "summary": {"covered_lines": 12, "num_statements": 14, "percent_covered": 85.71428571428571, "percent_covered_display": "86", "missing_lines": 2, "excluded_lines": 0, "percent_statements_covered": 85.71428571428571, "percent_statements_covered_display": "86"}, "missing_lines": [56, 64], "excluded_lines": [], "start_line": 44}, "resolve_lang": {"executed_lines": [80, 81, 82, 83, 86, 87, 88, 89, 90, 92], "summary": {"covered_lines": 10, "num_statements": 10, "percent_covered": 100.0, "percent_covered_display": "100", "missing_lines": 0, "excluded_lines": 0, "percent_statements_covered": 100.0, "percent_statements_covered_display": "100"}, "missing_lines": [], "excluded_lines": [], "start_line": 67}, "": {"executed_lines": [8, 9, 10, 11, 12, 14, 15, 16, 19, 20, 32, 44, 67], "summary": {"covered_lines": 13, "num_statements": 13, "percent_covered": 100.0, "percent_covered_display": "100", "missing_lines": 0, "excluded_lines": 0, "percent_statements_covered": 100.0, "percent_statements_covered_display": "100"}, "missing_lines": [], "excluded_lines": [], "start_line": 1}}, "classes": {"": {"executed_lines": [8, 9, 10, 11, 12, 14, 15, 16, 19, 20, 22, 23, 24, 25, 26, 27, 28, 29, 32, 37, 38, 39, 40, 41, 44, 49, 50, 51, 52, 53, 54, 57, 58, 59, 61, 62, 63, 67, 80, 81, 82, 83, 86, 87, 88, 89, 90, 92], "summary": {"covered_lines": 48, "num_statements": 50, "percent_covered": 96.0, "percent_covered_display": "96", "missing_lines": 2, "excluded_lines": 0, "percent_statements_covered": 96.0, "percent_statements_covered_display": "96"}, "missing_lines": [56, 64], "excluded_lines": [], "start_line": 1}}}, "app/prompts/__init__.py": {"executed_lines": [], "summary": {"covered_lines": 0, "num_statements": 0, "percent_covered": 100.0, "percent_covered_display": "100", "missing_lines": 0, "excluded_lines": 0, "percent_statements_covered": 100.0, "percent_statements_covered_display": "100"}, "missing_lines": [], "excluded_lines": [], "functions": {"": {"executed_lines": [], "summary": {"covered_lines": 0, "num_statements": 0, "percent_covered": 100.0, "percent_covered_display": "100", "missing_lines": 0, "excluded_lines": 0, "percent_statements_covered": 100.0, "percent_statements_covered_display": "100"}, "missing_lines": [], "excluded_lines": [], "start_line": 1}}, "classes": {"": {"executed_lines": [], "summary": {"covered_lines": 0, "num_statements": 0, "percent_covered": 100.0, "percent_covered_display": "100", "missing_lines": 0, "excluded_lines": 0, "percent_statements_covered": 100.0, "percent_statements_covered_display": "100"}, "missing_lines": [], "excluded_lines": [], "start_line": 1}}}, "app/prompts/saju_prompt_template.py": {"executed_lines": [13, 14, 15, 16, 23, 24, 29, 30, 31, 32, 33, 34, 36, 39, 42, 43, 48, 49, 61, 62, 65, 66, 67, 68, 69, 70, 73, 74, 75, 76, 79, 80, 81, 84, 85, 86, 89, 90, 91, 92, 93, 94, 95, 98, 99, 100, 103, 104, 111, 137, 146, 155, 164, 175, 205, 277, 331, 397, 494], "summary": {"covered_lines": 59, "num_statements": 178, "percent_covered": 33.146067415730336, "percent_covered_display": "33", "missing_lines": 119, "excluded_lines": 0, "percent_statements_covered": 33.146067415730336, "percent_statements_covered_display": "33"}, "missing_lines": [37, 40, 44, 45, 46, 50, 51, 52, 53, 54, 186, 187, 188, 190, 191, 192, 193, 195, 197, 207, 225, 226, 227, 228, 229, 230, 231, 232, 233, 234, 235, 237, 244, 245, 247, 248, 249, 251, 253, 254, 259, 260, 262, 274, 279, 297, 298, 299, 300, 301, 303, 310, 311, 316, 317, 319, 328, 333, 351, 352, 353, 354, 355, 356, 357, 359, 366, 367, 369, 370, 375, 376, 378, 390, 413, 415, 417, 418, 420, 421, 424, 425, 426, 427, 430, 431, 432, 433, 436, 437, 438, 439, 440, 443, 444, 445, 446, 447, 448, 449, 450, 451, 452, 453, 454, 457, 458, 459, 460, 462, 499, 501, 525, 526, 528, 529, 553, 554, 576], "excluded_lines": [], "functions": {"FortuneResponseSchema.to_dict": {"executed_lines": [], "summary": {"covered_lines": 0, "num_statements": 1, "percent_covered": 0.0, "percent_covered_display": "0", "missing_lines": 1, "excluded_lines": 0, "percent_statements_covered": 0.0, "percent_statements_covered_display": "0"}, "missing_lines": [37], "excluded_lines": [], "start_line": 36}, "FortuneResponseSchema.to_json": {"executed_lines": [], "summary": {"covered_lines": 0, "num_statements": 1, "percent_covered": 0.0, "percent_covered_display": "0", "missing_lines": 1, "excluded_lines": 0, "percent_statements_covered": 0.0, "percent_statements_covered_display": "0"}, "missing_lines": [40], "excluded_lines": [], "start_line": 39}, "FortuneResponseSchema.from_dict": {"executed_lines": [], "summary": {"covered_lines": 0, "num_statements": 3, "percent_covered": 0.0, "percent_covered_display": "0", "missing_lines": 3, "excluded_lines": 0, "percent_statements_covered": 0.0, "percent_statements_covered_display": "0"}, "missing_lines": [44, 45, 46], "excluded_lines": [], "start_line": 43}, "FortuneResponseSchema.from_json": {"executed_lines": [], "summary": {"covered_lines": 0, "num_statements": 5, "percent_covered": 0.0, "percent_covered_display": "0", "missing_lines": 5, "excluded_lines": 0, "percent_statements_covered": 0.0, "percent_statements_covered_display": "0"}, "missing_lines": [50, 51, 52, 53, 54], "excluded_lines": [], "start_line": 49}, "build_saju_prompt": {"executed_lines": [], "summary": {"covered_lines": 0, "num_statements": 9, "percent_covered": 0.0, "percent_covered_display": "0", "missing_lines": 9, "excluded_lines": 0, "percent_statements_covered": 0.0, "percent_statements_covered_display": "0"}, "missing_lines": [186, 187, 188, 190, 191, 192, 193, 195, 197], "excluded_lines": [], "start_line": 175}, "_build_user_prompt_ko": {"executed_lines": [], "summary": {"covered_lines": 0, "num_statements": 25, "percent_covered": 0.0, "percent_covered_display": "0", "missing_lines": 25, "excluded_lines": 0, "percent_statements_covered": 0.0, "percent_statements_covered_display": "0"}, "missing_lines": [207, 225, 226, 227, 228, 229, 230, 231, 232, 233, 234, 235, 237, 244, 245, 247, 248, 249, 251, 253, 254, 259, 260, 262, 274], "excluded_lines": [], "start_line": 205}, "_build_user_prompt_ja": {"executed_lines": [], "summary": {"covered_lines": 0, "num_statements": 13, "percent_covered": 0.0, "percent_covered_display": "0", "missing_lines": 13, "excluded_lines": 0, "percent_statements_covered": 0.0, "percent_statements_covered_display": "0"}, "missing_lines": [279, 297, 298, 299, 300, 301, 303, 310, 311, 316, 317, 319, 328], "excluded_lines": [], "start_line": 277}, "_build_user_prompt_en": {"executed_lines": [], "summary": {"covered_lines": 0, "num_statements": 17, "percent_covered": 0.0, "percent_covered_display": "0", "missing_lines": 17, "excluded_lines": 0, "percent_statements_covered": 0.0, "percent_statements_covered_display": "0"}, "missing_lines": [333, 351, 352, 353, 354, 355, 356, 357, 359, 366, 367, 369, 370, 375, 376, 378, 390], "excluded_lines": [], "start_line": 331}, "build_context_from_saju_result": {"executed_lines": [], "summary": {"covered_lines": 0, "num_statements": 34, "percent_covered": 0.0, "percent_covered_display": "0", "missing_lines": 34, "excluded_lines": 0, "percent_statements_covered": 0.0, "percent_statements_covered_display": "0"}, "missing_lines": [413, 415, 417, 420, 424, 425, 426, 427, 430, 431, 432, 433, 436, 437, 438, 439, 440, 443, 444, 445, 446, 447, 448, 449, 450, 451, 452, 453, 454, 457, 458, 459, 460, 462], "excluded_lines": [], "start_line": 397}, "build_context_from_saju_result._glyph": {"executed_lines": [], "summary": {"covered_lines": 0, "num_statements": 1, "percent_covered": 0.0, "percent_covered_display": "0", "missing_lines": 1, "excluded_lines": 0, "percent_statements_covered": 0.0, "percent_statements_covered_display": "0"}, "missing_lines": [418], "excluded_lines": [], "start_line": 417}, "build_context_from_saju_result._element_ko": {"executed_lines": [], "summary": {"covered_lines": 0, "num_statements": 1, "percent_covered": 0.0, "percent_covered_display": "0", "missing_lines": 1, "excluded_lines": 0, "percent_statements_covered": 0.0, "percent_statements_covered_display": "0"}, "missing_lines": [421], "excluded_lines": [], "start_line": 420}, "make_rule_based_response": {"executed_lines": [], "summary": {"covered_lines": 0, "num_statements": 9, "percent_covered": 0.0, "percent_covered_display": "0", "missing_lines": 9, "excluded_lines": 0, "percent_statements_covered": 0.0, "percent_statements_covered_display": "0"}, "missing_lines": [499, 501, 525, 526, 528, 529, 553, 554, 576], "excluded_lines": [], "start_line": 494}, "": {"executed_lines": [13, 14, 15, 16, 23, 24, 29, 30, 31, 32, 33, 34, 36, 39, 42, 43, 48, 49, 61, 62, 65, 66, 67, 68, 69, 70, 73, 74, 75, 76, 79, 80, 81, 84, 85, 86, 89, 90, 91, 92, 93, 94, 95, 98, 99, 100, 103, 104, 111, 137, 146, 155, 164, 175, 205, 277, 331, 397, 494], "summary": {"covered_lines": 59, "num_statements": 59, "percent_covered": 100.0, "percent_covered_display": "100", "missing_lines": 0, "excluded_lines": 0, "percent_statements_covered": 100.0, "percent_statements_covered_display": "100"}, "missing_lines": [], "excluded_lines": [], "start_line": 1}}, "classes": {"FortuneResponseSchema": {"executed_lines": [], "summary": {"covered_lines": 0, "num_statements": 10, "percent_covered": 0.0, "percent_covered_display": "0", "missing_lines": 10, "excluded_lines": 0, "percent_statements_covered": 0.0, "percent_statements_covered_display": "0"}, "missing_lines": [37, 40, 44, 45, 46, 50, 51, 52, 53, 54], "excluded_lines": [], "start_line": 24}, "SajuPromptContext": {"executed_lines": [], "summary": {"covered_lines": 0, "num_statements": 0, "percent_covered": 100.0, "percent_covered_display": "100", "missing_lines": 0, "excluded_lines": 0, "percent_statements_covered": 100.0, "percent_statements_covered_display": "100"}, "missing_lines": [], "excluded_lines": [], "start_line": 62}, "": {"executed_lines": [13, 14, 15, 16, 23, 24, 29, 30, 31, 32, 33, 34, 36, 39, 42, 43, 48, 49, 61, 62, 65, 66, 67, 68, 69, 70, 73, 74, 75, 76, 79, 80, 81, 84, 85, 86, 89, 90, 91, 92, 93, 94, 95, 98, 99, 100, 103, 104, 111, 137, 146, 155, 164, 175, 205, 277, 331, 397, 494], "summary": {"covered_lines": 59, "num_statements": 168, "percent_covered": 35.11904761904762, "percent_covered_display": "35", "missing_lines": 109, "excluded_lines": 0, "percent_statements_covered": 35.11904761904762, "percent_statements_covered_display": "35"}, "missing_lines": [186, 187, 188, 190, 191, 192, 193, 195, 197, 207, 225, 226, 227, 228, 229, 230, 231, 232, 233, 234, 235, 237, 244, 245, 247, 248, 249, 251, 253, 254, 259, 260, 262, 274, 279, 297, 298, 299, 300, 301, 303, 310, 311, 316, 317, 319, 328, 333, 351, 352, 353, 354, 355, 356, 357, 359, 366, 367, 369, 370, 375, 376, 378, 390, 413, 415, 417, 418, 420, 421, 424, 425, 426, 427, 430, 431, 432, 433, 436, 437, 438, 439, 440, 443, 444, 445, 446, 447, 448, 449, 450, 451, 452, 453, 454, 457, 458, 459, 460, 462, 499, 501, 525, 526, 528, 529, 553, 554, 576], "excluded_lines": [], "start_line": 1}}}, "saju_engine.py": {"executed_lines": [9, 10, 11, 12, 19, 20, 21, 22, 25, 26, 28, 29, 32, 33, 34, 37, 45, 46, 47, 48, 51, 53, 54, 61, 62, 63, 64, 66, 67, 70, 71, 74, 75, 78, 79, 82, 83, 91, 95, 96, 97, 98, 99, 100, 102, 103, 106, 107, 110, 111, 114, 130, 142, 164, 171, 181, 253, 273, 281, 294, 303, 313, 378, 445, 819, 844], "summary": {"covered_lines": 66, "num_statements": 218, "percent_covered": 30.275229357798164, "percent_covered_display": "30", "missing_lines": 152, "excluded_lines": 0, "percent_statements_covered": 30.275229357798164, "percent_statements_covered_display": "30"}, "missing_lines": [68, 72, 76, 80, 84, 92, 104, 108, 112, 115, 132, 133, 134, 136, 137, 139, 144, 145, 146, 147, 148, 149, 150, 151, 152, 153, 154, 155, 156, 165, 166, 167, 168, 172, 173, 174, 201, 202, 203, 204, 205, 206, 207, 208, 209, 210, 216, 219, 220, 221, 222, 223, 224, 230, 231, 239, 240, 255, 256, 257, 258, 259, 260, 265, 266, 304, 305, 306, 307, 308, 309, 310, 328, 329, 330, 331, 332, 333, 335, 354, 362, 392, 393, 394, 396, 397, 398, 399, 400, 401, 402, 403, 404, 405, 406, 407, 414, 415, 416, 417, 419, 420, 421, 422, 423, 424, 425, 426, 427, 429, 431, 832, 833, 834, 835, 836, 847, 848, 849, 850, 851, 852, 853, 854, 856, 857, 858, 859, 860, 861, 862, 864, 865, 866, 867, 869, 870, 871, 872, 873, 874, 875, 877, 878, 879, 880, 881, 882, 883, 884, 885, 887], "excluded_lines": [], "functions": {"Pillar.stem": {"executed_lines": [], "summary": {"covered_lines": 0, "num_statements": 1, "percent_covered": 0.0, "percent_covered_display": "0", "missing_lines": 1, "excluded_lines": 0, "percent_statements_covered": 0.0, "percent_statements_covered_display": "0"}, "missing_lines": [68], "excluded_lines": [], "start_line": 67}, "Pillar.branch": {"executed_lines": [], "summary": {"covered_lines": 0, "num_statements": 1, "percent_covered": 0.0, "percent_covered_display": "0", "missing_lines": 1, "excluded_lines": 0, "percent_statements_covered": 0.0, "percent_statements_covered_display": "0"}, "missing_lines": [72], "excluded_lines": [], "start_line": 71}, "Pillar.glyph": {"executed_lines": [], "summary": {"covered_lines": 0, "num_statements": 1, "percent_covered": 0.0, "percent_covered_display": "0", "missing_lines": 1, "excluded_lines": 0, "percent_statements_covered": 0.0, "percent_statements_covered_display": "0"}, "missing_lines": [76], "excluded_lines": [], "start_line": 75}, "Pillar.reading": {"executed_lines": [], "summary": {"covered_lines": 0, "num_statements": 1, "percent_covered": 0.0, "percent_covered_display": "0", "missing_lines": 1, "excluded_lines": 0, "percent_statements_covered": 0.0, "percent_statements_covered_display": "0"}, "missing_lines": [80], "excluded_lines": [], "start_line": 79}, "Pillar.element": {"executed_lines": [], "summary": {"covered_lines": 0, "num_statements": 1, "percent_covered": 0.0, "percent_covered_display": "0", "missing_lines": 1, "excluded_lines": 0, "percent_statements_covered": 0.0, "percent_statements_covered_display": "0"}, "missing_lines": [84], "excluded_lines": [], "start_line": 83}, "Pillar.to_dict": {"executed_lines": [], "summary": {"covered_lines": 0, "num_statements": 1, "percent_covered": 0.0, "percent_covered_display": "0", "missing_lines": 1, "excluded_lines": 0, "percent_statements_covered": 0.0, "percent_statements_covered_display": "0"}, "missing_lines": [92], "excluded_lines": [], "start_line": 91}, "EightChar.eight_glyphs": {"executed_lines": [], "summary": {"covered_lines": 0, "num_statements": 1, "percent_covered": 0.0, "percent_covered_display": "0", "missing_lines": 1, "excluded_lines": 0, "percent_statements_covered": 0.0, "percent_statements_covered_display": "0"}, "missing_lines": [104], "excluded_lines": [], "start_line": 103}, "EightChar.stems": {"executed_lines": [], "summary": {"covered_lines": 0, "num_statements": 1, "percent_covered": 0.0, "percent_covered_display": "0", "missing_lines": 1, "excluded_lines": 0, "percent_statements_covered": 0.0, "percent_statements_covered_display": "0"}, "missing_lines": [108], "excluded_lines": [], "start_line": 107}, "EightChar.branches": {"executed_lines": [], "summary": {"covered_lines": 0, "num_statements": 1, "percent_covered": 0.0, "percent_covered_display": "0", "missing_lines": 1, "excluded_lines": 0, "percent_statements_covered": 0.0, "percent_statements_covered_display": "0"}, "missing_lines": [112], "excluded_lines": [], "start_line": 111}, "EightChar.to_dict": {"executed_lines": [], "summary": {"covered_lines": 0, "num_statements": 1, "percent_covered": 0.0, "percent_covered_display": "0", "missing_lines": 1, "excluded_lines": 0, "percent_statements_covered": 0.0, "percent_statements_covered_display": "0"}, "missing_lines": [115], "excluded_lines": [], "start_line": 114}, "_calc_lunar_python": {"executed_lines": [], "summary": {"covered_lines": 0, "num_statements": 5, "percent_covered": 0.0, "percent_covered_display": "0", "missing_lines": 5, "excluded_lines": 0, "percent_statements_covered": 0.0, "percent_statements_covered_display": "0"}, "missing_lines": [132, 133, 134, 136, 139], "excluded_lines": [], "start_line": 130}, "_calc_lunar_python.parse": {"executed_lines": [], "summary": {"covered_lines": 0, "num_statements": 1, "percent_covered": 0.0, "percent_covered_display": "0", "missing_lines": 1, "excluded_lines": 0, "percent_statements_covered": 0.0, "percent_statements_covered_display": "0"}, "missing_lines": [137], "excluded_lines": [], "start_line": 136}, "_calc_fallback": {"executed_lines": [], "summary": {"covered_lines": 0, "num_statements": 13, "percent_covered": 0.0, "percent_covered_display": "0", "missing_lines": 13, "excluded_lines": 0, "percent_statements_covered": 0.0, "percent_statements_covered_display": "0"}, "missing_lines": [144, 145, 146, 147, 148, 149, 150, 151, 152, 153, 154, 155, 156], "excluded_lines": [], "start_line": 142}, "_calc": {"executed_lines": [], "summary": {"covered_lines": 0, "num_statements": 4, "percent_covered": 0.0, "percent_covered_display": "0", "missing_lines": 4, "excluded_lines": 0, "percent_statements_covered": 0.0, "percent_statements_covered_display": "0"}, "missing_lines": [165, 166, 167, 168], "excluded_lines": [], "start_line": 164}, "_branch_time_range": {"executed_lines": [], "summary": {"covered_lines": 0, "num_statements": 3, "percent_covered": 0.0, "percent_covered_display": "0", "missing_lines": 3, "excluded_lines": 0, "percent_statements_covered": 0.0, "percent_statements_covered_display": "0"}, "missing_lines": [172, 173, 174], "excluded_lines": [], "start_line": 171}, "get_saju": {"executed_lines": [], "summary": {"covered_lines": 0, "num_statements": 21, "percent_covered": 0.0, "percent_covered_display": "0", "missing_lines": 21, "excluded_lines": 0, "percent_statements_covered": 0.0, "percent_statements_covered_display": "0"}, "missing_lines": [201, 202, 203, 204, 205, 206, 207, 208, 209, 210, 216, 219, 220, 221, 222, 223, 224, 230, 231, 239, 240], "excluded_lines": [], "start_line": 181}, "get_daewoon": {"executed_lines": [], "summary": {"covered_lines": 0, "num_statements": 8, "percent_covered": 0.0, "percent_covered_display": "0", "missing_lines": 8, "excluded_lines": 0, "percent_statements_covered": 0.0, "percent_statements_covered_display": "0"}, "missing_lines": [255, 256, 257, 258, 259, 260, 265, 266], "excluded_lines": [], "start_line": 253}, "_element_relation": {"executed_lines": [], "summary": {"covered_lines": 0, "num_statements": 7, "percent_covered": 0.0, "percent_covered_display": "0", "missing_lines": 7, "excluded_lines": 0, "percent_statements_covered": 0.0, "percent_statements_covered_display": "0"}, "missing_lines": [304, 305, 306, 307, 308, 309, 310], "excluded_lines": [], "start_line": 303}, "map_mood_to_saju": {"executed_lines": [], "summary": {"covered_lines": 0, "num_statements": 9, "percent_covered": 0.0, "percent_covered_display": "0", "missing_lines": 9, "excluded_lines": 0, "percent_statements_covered": 0.0, "percent_statements_covered_display": "0"}, "missing_lines": [328, 329, 330, 331, 332, 333, 335, 354, 362], "excluded_lines": [], "start_line": 313}, "get_five_element_distribution": {"executed_lines": [], "summary": {"covered_lines": 0, "num_statements": 30, "percent_covered": 0.0, "percent_covered_display": "0", "missing_lines": 30, "excluded_lines": 0, "percent_statements_covered": 0.0, "percent_statements_covered_display": "0"}, "missing_lines": [392, 393, 394, 396, 397, 398, 399, 400, 401, 402, 403, 404, 405, 406, 407, 414, 415, 416, 417, 419, 420, 421, 422, 423, 424, 425, 426, 427, 429, 431], "excluded_lines": [], "start_line": 378}, "get_ilju_personality": {"executed_lines": [], "summary": {"covered_lines": 0, "num_statements": 5, "percent_covered": 0.0, "percent_covered_display": "0", "missing_lines": 5, "excluded_lines": 0, "percent_statements_covered": 0.0, "percent_statements_covered_display": "0"}, "missing_lines": [832, 833, 834, 835, 836], "excluded_lines": [], "start_line": 819}, "": {"executed_lines": [9, 10, 11, 12, 19, 20, 21, 22, 25, 26, 28, 29, 32, 33, 34, 37, 45, 46, 47, 48, 51, 53, 54, 61, 62, 63, 64, 66, 67, 70, 71, 74, 75, 78, 79, 82, 83, 91, 95, 96, 97, 98, 99, 100, 102, 103, 106, 107, 110, 111, 114, 130, 142, 164, 171, 181, 253, 273, 281, 294, 303, 313, 378, 445, 819, 844], "summary": {"covered_lines": 66, "num_statements": 102, "percent_covered": 64.70588235294117, "percent_covered_display": "65", "missing_lines": 36, "excluded_lines": 0, "percent_statements_covered": 64.70588235294117, "percent_statements_covered_display": "65"}, "missing_lines": [847, 848, 849, 850, 851, 852, 853, 854, 856, 857, 858, 859, 860, 861, 862, 864, 865, 866, 867, 869, 870, 871, 872, 873, 874, 875, 877, 878, 879, 880, 881, 882, 883, 884, 885, 887], "excluded_lines": [], "start_line": 1}}, "classes": {"Pillar": {"executed_lines": [], "summary": {"covered_lines": 0, "num_statements": 6, "percent_covered": 0.0, "percent_covered_display": "0", "missing_lines": 6, "excluded_lines": 0, "percent_statements_covered": 0.0, "percent_statements_covered_display": "0"}, "missing_lines": [68, 72, 76, 80, 84, 92], "excluded_lines": [], "start_line": 62}, "EightChar": {"executed_lines": [], "summary": {"covered_lines": 0, "num_statements": 4, "percent_covered": 0.0, "percent_covered_display": "0", "missing_lines": 4, "excluded_lines": 0, "percent_statements_covered": 0.0, "percent_statements_covered_display": "0"}, "missing_lines": [104, 108, 112, 115], "excluded_lines": [], "start_line": 96}, "": {"executed_lines": [9, 10, 11, 12, 19, 20, 21, 22, 25, 26, 28, 29, 32, 33, 34, 37, 45, 46, 47, 48, 51, 53, 54, 61, 62, 63, 64, 66, 67, 70, 71, 74, 75, 78, 79, 82, 83, 91, 95, 96, 97, 98, 99, 100, 102, 103, 106, 107, 110, 111, 114, 130, 142, 164, 171, 181, 253, 273, 281, 294, 303, 313, 378, 445, 819, 844], "summary": {"covered_lines": 66, "num_statements": 208, "percent_covered": 31.73076923076923, "percent_covered_display": "32", "missing_lines": 142, "excluded_lines": 0, "percent_statements_covered": 31.73076923076923, "percent_statements_covered_display": "32"}, "missing_lines": [132, 133, 134, 136, 137, 139, 144, 145, 146, 147, 148, 149, 150, 151, 152, 153, 154, 155, 156, 165, 166, 167, 168, 172, 173, 174, 201, 202, 203, 204, 205, 206, 207, 208, 209, 210, 216, 219, 220, 221, 222, 223, 224, 230, 231, 239, 240, 255, 256, 257, 258, 259, 260, 265, 266, 304, 305, 306, 307, 308, 309, 310, 328, 329, 330, 331, 332, 333, 335, 354, 362, 392, 393, 394, 396, 397, 398, 399, 400, 401, 402, 403, 404, 405, 406, 407, 414, 415, 416, 417, 419, 420, 421, 422, 423, 424, 425, 426, 427, 429, 431, 832, 833, 834, 835, 836, 847, 848, 849, 850, 851, 852, 853, 854, 856, 857, 858, 859, 860, 861, 862, 864, 865, 866, 867, 869, 870, 871, 872, 873, 874, 875, 877, 878, 879, 880, 881, 882, 883, 884, 885, 887], "excluded_lines": [], "start_line": 1}}}, "src/__init__.py": {"executed_lines": [], "summary": {"covered_lines": 0, "num_statements": 0, "percent_covered": 100.0, "percent_covered_display": "100", "missing_lines": 0, "excluded_lines": 0, "percent_statements_covered": 100.0, "percent_statements_covered_display": "100"}, "missing_lines": [], "excluded_lines": [], "functions": {"": {"executed_lines": [], "summary": {"covered_lines": 0, "num_statements": 0, "percent_covered": 100.0, "percent_covered_display": "100", "missing_lines": 0, "excluded_lines": 0, "percent_statements_covered": 100.0, "percent_statements_covered_display": "100"}, "missing_lines": [], "excluded_lines": [], "start_line": 1}}, "classes": {"": {"executed_lines": [], "summary": {"covered_lines": 0, "num_statements": 0, "percent_covered": 100.0, "percent_covered_display": "100", "missing_lines": 0, "excluded_lines": 0, "percent_statements_covered": 100.0, "percent_statements_covered_display": "100"}, "missing_lines": [], "excluded_lines": [], "start_line": 1}}}, "src/api/main.py": {"executed_lines": [5, 6, 7, 8, 9, 10, 12, 14, 21, 22, 24, 35, 36, 37, 38, 42, 44, 46, 47, 48, 49, 50, 52, 53, 60, 61, 66, 67, 68, 70, 71, 84, 85, 86, 88, 89, 90, 92, 93, 94], "summary": {"covered_lines": 40, "num_statements": 42, "percent_covered": 95.23809523809524, "percent_covered_display": "95", "missing_lines": 2, "excluded_lines": 0, "percent_statements_covered": 95.23809523809524, "percent_statements_covered_display": "95"}, "missing_lines": [69, 73], "excluded_lines": [], "functions": {"privacy_policy": {"executed_lines": [46, 47, 48, 49, 50, 52, 53], "summary": {"covered_lines": 7, "num_statements": 7, "percent_covered": 100.0, "percent_covered_display": "100", "missing_lines": 0, "excluded_lines": 0, "percent_statements_covered": 100.0, "percent_statements_covered_display": "100"}, "missing_lines": [], "excluded_lines": [], "start_line": 44}, "health_check": {"executed_lines": [66, 67, 68, 70, 71], "summary": {"covered_lines": 5, "num_statements": 7, "percent_covered": 71.42857142857143, "percent_covered_display": "71", "missing_lines": 2, "excluded_lines": 0, "percent_statements_covered": 71.42857142857143, "percent_statements_covered_display": "71"}, "missing_lines": [69, 73], "excluded_lines": [], "start_line": 61}, "webapp": {"executed_lines": [94], "summary": {"covered_lines": 1, "num_statements": 1, "percent_covered": 100.0, "percent_covered_display": "100", "missing_lines": 0, "excluded_lines": 0, "percent_statements_covered": 100.0, "percent_statements_covered_display": "100"}, "missing_lines": [], "excluded_lines": [], "start_line": 93}, "": {"executed_lines": [5, 6, 7, 8, 9, 10, 12, 14, 21, 22, 24, 35, 36, 37, 38, 42, 44, 60, 61, 84, 85, 86, 88, 89, 90, 92, 93], "summary": {"covered_lines": 27, "num_statements": 27, "percent_covered": 100.0, "percent_covered_display": "100", "missing_lines": 0, "excluded_lines": 0, "percent_statements_covered": 100.0, "percent_statements_covered_display": "100"}, "missing_lines": [], "excluded_lines": [], "start_line": 1}}, "classes": {"": {"executed_lines": [5, 6, 7, 8, 9, 10, 12, 14, 21, 22, 24, 35, 36, 37, 38, 42, 44, 46, 47, 48, 49, 50, 52, 53, 60, 61, 66, 67, 68, 70, 71, 84, 85, 86, 88, 89, 90, 92, 93, 94], "summary": {"covered_lines": 40, "num_statements": 42, "percent_covered": 95.23809523809524, "percent_covered_display": "95", "missing_lines": 2, "excluded_lines": 0, "percent_statements_covered": 95.23809523809524, "percent_statements_covered_display": "95"}, "missing_lines": [69, 73], "excluded_lines": [], "start_line": 1}}}, "src/api/rate_limiter.py": {"executed_lines": [8, 9, 10, 12, 14], "summary": {"covered_lines": 5, "num_statements": 5, "percent_covered": 100.0, "percent_covered_display": "100", "missing_lines": 0, "excluded_lines": 0, "percent_statements_covered": 100.0, "percent_statements_covered_display": "100"}, "missing_lines": [], "excluded_lines": [], "functions": {"": {"executed_lines": [8, 9, 10, 12, 14], "summary": {"covered_lines": 5, "num_statements": 5, "percent_covered": 100.0, "percent_covered_display": "100", "missing_lines": 0, "excluded_lines": 0, "percent_statements_covered": 100.0, "percent_statements_covered_display": "100"}, "missing_lines": [], "excluded_lines": [], "start_line": 1}}, "classes": {"": {"executed_lines": [8, 9, 10, 12, 14], "summary": {"covered_lines": 5, "num_statements": 5, "percent_covered": 100.0, "percent_covered_display": "100", "missing_lines": 0, "excluded_lines": 0, "percent_statements_covered": 100.0, "percent_statements_covered_display": "100"}, "missing_lines": [], "excluded_lines": [], "start_line": 1}}}, "src/api/routes/auth.py": {"executed_lines": [4, 5, 6, 7, 8, 14, 15, 18, 19, 20, 21, 24, 25, 37, 38, 58, 59, 77, 78, 107, 108, 113, 114, 116, 119, 120], "summary": {"covered_lines": 26, "num_statements": 58, "percent_covered": 44.827586206896555, "percent_covered_display": "45", "missing_lines": 32, "excluded_lines": 0, "percent_statements_covered": 44.827586206896555, "percent_statements_covered_display": "45"}, "missing_lines": [32, 33, 34, 47, 48, 50, 51, 67, 68, 69, 70, 84, 85, 86, 87, 88, 90, 91, 92, 93, 95, 96, 97, 101, 102, 103, 104, 110, 127, 129, 133, 134], "excluded_lines": [], "functions": {"generate_oauth_state": {"executed_lines": [], "summary": {"covered_lines": 0, "num_statements": 3, "percent_covered": 0.0, "percent_covered_display": "0", "missing_lines": 3, "excluded_lines": 0, "percent_statements_covered": 0.0, "percent_statements_covered_display": "0"}, "missing_lines": [32, 33, 34], "excluded_lines": [], "start_line": 25}, "kakao_login": {"executed_lines": [], "summary": {"covered_lines": 0, "num_statements": 4, "percent_covered": 0.0, "percent_covered_display": "0", "missing_lines": 4, "excluded_lines": 0, "percent_statements_covered": 0.0, "percent_statements_covered_display": "0"}, "missing_lines": [47, 48, 50, 51], "excluded_lines": [], "start_line": 38}, "google_login": {"executed_lines": [], "summary": {"covered_lines": 0, "num_statements": 4, "percent_covered": 0.0, "percent_covered_display": "0", "missing_lines": 4, "excluded_lines": 0, "percent_statements_covered": 0.0, "percent_statements_covered_display": "0"}, "missing_lines": [67, 68, 69, 70], "excluded_lines": [], "start_line": 59}, "refresh_token": {"executed_lines": [], "summary": {"covered_lines": 0, "num_statements": 16, "percent_covered": 0.0, "percent_covered_display": "0", "missing_lines": 16, "excluded_lines": 0, "percent_statements_covered": 0.0, "percent_statements_covered_display": "0"}, "missing_lines": [84, 85, 86, 87, 88, 90, 91, 92, 93, 95, 96, 97, 101, 102, 103, 104], "excluded_lines": [], "start_line": 78}, "get_me": {"executed_lines": [], "summary": {"covered_lines": 0, "num_statements": 1, "percent_covered": 0.0, "percent_covered_display": "0", "missing_lines": 1, "excluded_lines": 0, "percent_statements_covered": 0.0, "percent_statements_covered_display": "0"}, "missing_lines": [110], "excluded_lines": [], "start_line": 108}, "logout": {"executed_lines": [116], "summary": {"covered_lines": 1, "num_statements": 1, "percent_covered": 100.0, "percent_covered_display": "100", "missing_lines": 0, "excluded_lines": 0, "percent_statements_covered": 100.0, "percent_statements_covered_display": "100"}, "missing_lines": [], "excluded_lines": [], "start_line": 114}, "delete_account": {"executed_lines": [], "summary": {"covered_lines": 0, "num_statements": 4, "percent_covered": 0.0, "percent_covered_display": "0", "missing_lines": 4, "excluded_lines": 0, "percent_statements_covered": 0.0, "percent_statements_covered_display": "0"}, "missing_lines": [127, 129, 133, 134], "excluded_lines": [], "start_line": 120}, "": {"executed_lines": [4, 5, 6, 7, 8, 14, 15, 18, 19, 20, 21, 24, 25, 37, 38, 58, 59, 77, 78, 107, 108, 113, 114, 119, 120], "summary": {"covered_lines": 25, "num_statements": 25, "percent_covered": 100.0, "percent_covered_display": "100", "missing_lines": 0, "excluded_lines": 0, "percent_statements_covered": 100.0, "percent_statements_covered_display": "100"}, "missing_lines": [], "excluded_lines": [], "start_line": 1}}, "classes": {"TokenPair": {"executed_lines": [], "summary": {"covered_lines": 0, "num_statements": 0, "percent_covered": 100.0, "percent_covered_display": "100", "missing_lines": 0, "excluded_lines": 0, "percent_statements_covered": 100.0, "percent_statements_covered_display": "100"}, "missing_lines": [], "excluded_lines": [], "start_line": 18}, "": {"executed_lines": [4, 5, 6, 7, 8, 14, 15, 18, 19, 20, 21, 24, 25, 37, 38, 58, 59, 77, 78, 107, 108, 113, 114, 116, 119, 120], "summary": {"covered_lines": 26, "num_statements": 58, "percent_covered": 44.827586206896555, "percent_covered_display": "45", "missing_lines": 32, "excluded_lines": 0, "percent_statements_covered": 44.827586206896555, "percent_statements_covered_display": "45"}, "missing_lines": [32, 33, 34, 47, 48, 50, 51, 67, 68, 69, 70, 84, 85, 86, 87, 88, 90, 91, 92, 93, 95, 96, 97, 101, 102, 103, 104, 110, 127, 129, 133, 134], "excluded_lines": [], "start_line": 1}}}, "src/api/routes/insight.py": {"executed_lines": [6, 7, 8, 9, 10, 11, 12, 13, 14, 16, 19, 48, 64, 65, 66, 67, 68, 69, 70, 71, 74, 80, 108, 109, 110, 154, 155, 156, 208, 220, 221, 222, 225, 226, 257, 258, 259], "summary": {"covered_lines": 37, "num_statements": 109, "percent_covered": 33.944954128440365, "percent_covered_display": "34", "missing_lines": 72, "excluded_lines": 0, "percent_statements_covered": 33.944954128440365, "percent_statements_covered_display": "34"}, "missing_lines": [76, 77, 83, 90, 91, 92, 93, 94, 96, 98, 99, 102, 103, 105, 118, 119, 120, 121, 124, 129, 130, 131, 132, 140, 141, 143, 163, 164, 165, 166, 169, 170, 175, 176, 180, 181, 182, 183, 184, 185, 192, 194, 195, 196, 197, 198, 209, 214, 231, 248, 249, 270, 271, 272, 273, 275, 276, 277, 279, 280, 282, 283, 284, 285, 286, 287, 288, 289, 290, 291, 293, 295], "excluded_lines": [], "functions": {"_get_element_from_birth": {"executed_lines": [], "summary": {"covered_lines": 0, "num_statements": 2, "percent_covered": 0.0, "percent_covered_display": "0", "missing_lines": 2, "excluded_lines": 0, "percent_statements_covered": 0.0, "percent_statements_covered_display": "0"}, "missing_lines": [76, 77], "excluded_lines": [], "start_line": 74}, "_generate_insight": {"executed_lines": [], "summary": {"covered_lines": 0, "num_statements": 12, "percent_covered": 0.0, "percent_covered_display": "0", "missing_lines": 12, "excluded_lines": 0, "percent_statements_covered": 0.0, "percent_statements_covered_display": "0"}, "missing_lines": [83, 90, 91, 92, 93, 94, 96, 98, 99, 102, 103, 105], "excluded_lines": [], "start_line": 80}, "get_daily_insight": {"executed_lines": [], "summary": {"covered_lines": 0, "num_statements": 12, "percent_covered": 0.0, "percent_covered_display": "0", "missing_lines": 12, "excluded_lines": 0, "percent_statements_covered": 0.0, "percent_statements_covered_display": "0"}, "missing_lines": [118, 119, 120, 121, 124, 129, 130, 131, 132, 140, 141, 143], "excluded_lines": [], "start_line": 110}, "start_insight_session": {"executed_lines": [], "summary": {"covered_lines": 0, "num_statements": 20, "percent_covered": 0.0, "percent_covered_display": "0", "missing_lines": 20, "excluded_lines": 0, "percent_statements_covered": 0.0, "percent_statements_covered_display": "0"}, "missing_lines": [163, 164, 165, 166, 169, 170, 175, 176, 180, 181, 182, 183, 184, 185, 192, 194, 195, 196, 197, 198], "excluded_lines": [], "start_line": 156}, "_disclaimer": {"executed_lines": [], "summary": {"covered_lines": 0, "num_statements": 2, "percent_covered": 0.0, "percent_covered_display": "0", "missing_lines": 2, "excluded_lines": 0, "percent_statements_covered": 0.0, "percent_statements_covered_display": "0"}, "missing_lines": [209, 214], "excluded_lines": [], "start_line": 208}, "ai_loading_status": {"executed_lines": [], "summary": {"covered_lines": 0, "num_statements": 3, "percent_covered": 0.0, "percent_covered_display": "0", "missing_lines": 3, "excluded_lines": 0, "percent_statements_covered": 0.0, "percent_statements_covered_display": "0"}, "missing_lines": [231, 248, 249], "excluded_lines": [], "start_line": 226}, "ai_insight_stream": {"executed_lines": [], "summary": {"covered_lines": 0, "num_statements": 2, "percent_covered": 0.0, "percent_covered_display": "0", "missing_lines": 2, "excluded_lines": 0, "percent_statements_covered": 0.0, "percent_statements_covered_display": "0"}, "missing_lines": [270, 295], "excluded_lines": [], "start_line": 259}, "ai_insight_stream.generate": {"executed_lines": [], "summary": {"covered_lines": 0, "num_statements": 19, "percent_covered": 0.0, "percent_covered_display": "0", "missing_lines": 19, "excluded_lines": 0, "percent_statements_covered": 0.0, "percent_statements_covered_display": "0"}, "missing_lines": [271, 272, 273, 275, 276, 277, 279, 280, 282, 283, 284, 285, 286, 287, 288, 289, 290, 291, 293], "excluded_lines": [], "start_line": 270}, "": {"executed_lines": [6, 7, 8, 9, 10, 11, 12, 13, 14, 16, 19, 48, 64, 65, 66, 67, 68, 69, 70, 71, 74, 80, 108, 109, 110, 154, 155, 156, 208, 220, 221, 222, 225, 226, 257, 258, 259], "summary": {"covered_lines": 37, "num_statements": 37, "percent_covered": 100.0, "percent_covered_display": "100", "missing_lines": 0, "excluded_lines": 0, "percent_statements_covered": 100.0, "percent_statements_covered_display": "100"}, "missing_lines": [], "excluded_lines": [], "start_line": 1}}, "classes": {"InsightRequest": {"executed_lines": [], "summary": {"covered_lines": 0, "num_statements": 0, "percent_covered": 100.0, "percent_covered_display": "100", "missing_lines": 0, "excluded_lines": 0, "percent_statements_covered": 100.0, "percent_statements_covered_display": "100"}, "missing_lines": [], "excluded_lines": [], "start_line": 64}, "": {"executed_lines": [6, 7, 8, 9, 10, 11, 12, 13, 14, 16, 19, 48, 64, 65, 66, 67, 68, 69, 70, 71, 74, 80, 108, 109, 110, 154, 155, 156, 208, 220, 221, 222, 225, 226, 257, 258, 259], "summary": {"covered_lines": 37, "num_statements": 109, "percent_covered": 33.944954128440365, "percent_covered_display": "34", "missing_lines": 72, "excluded_lines": 0, "percent_statements_covered": 33.944954128440365, "percent_statements_covered_display": "34"}, "missing_lines": [76, 77, 83, 90, 91, 92, 93, 94, 96, 98, 99, 102, 103, 105, 118, 119, 120, 121, 124, 129, 130, 131, 132, 140, 141, 143, 163, 164, 165, 166, 169, 170, 175, 176, 180, 181, 182, 183, 184, 185, 192, 194, 195, 196, 197, 198, 209, 214, 231, 248, 249, 270, 271, 272, 273, 275, 276, 277, 279, 280, 282, 283, 284, 285, 286, 287, 288, 289, 290, 291, 293, 295], "excluded_lines": [], "start_line": 1}}}, "src/api/routes/ivr.py": {"executed_lines": [20, 22, 23, 24, 25, 26, 27, 28, 29, 31, 32, 34, 36, 39, 40, 41, 44, 45, 48, 52, 58, 66, 73, 78, 84, 87, 96, 101, 106, 107, 110, 113, 114, 121, 124, 129, 146, 155, 162, 181, 209, 217, 223, 237, 242, 252, 266, 267, 305, 306, 375, 376, 414, 415, 466, 467], "summary": {"covered_lines": 56, "num_statements": 175, "percent_covered": 32.0, "percent_covered_display": "32", "missing_lines": 119, "excluded_lines": 0, "percent_statements_covered": 32.0, "percent_statements_covered_display": "32"}, "missing_lines": [98, 126, 134, 135, 136, 137, 142, 143, 148, 150, 151, 152, 157, 158, 159, 164, 165, 167, 168, 169, 170, 171, 172, 173, 174, 175, 176, 178, 185, 186, 187, 188, 190, 192, 201, 211, 219, 220, 231, 232, 233, 234, 239, 244, 245, 254, 255, 272, 273, 281, 282, 283, 284, 285, 286, 287, 289, 292, 299, 300, 302, 318, 319, 320, 321, 322, 323, 324, 326, 327, 333, 335, 337, 340, 346, 349, 350, 351, 352, 353, 356, 357, 358, 365, 367, 388, 389, 390, 391, 392, 393, 395, 396, 398, 399, 403, 405, 409, 427, 428, 434, 435, 436, 437, 439, 440, 441, 442, 443, 448, 449, 450, 454, 459, 460, 461, 462, 463, 471], "excluded_lines": [], "functions": {"_is_twilio_configured": {"executed_lines": [], "summary": {"covered_lines": 0, "num_statements": 1, "percent_covered": 0.0, "percent_covered_display": "0", "missing_lines": 1, "excluded_lines": 0, "percent_statements_covered": 0.0, "percent_statements_covered_display": "0"}, "missing_lines": [98], "excluded_lines": [], "start_line": 96}, "_verify_twilio_signature": {"executed_lines": [106, 107, 110, 113, 114, 121], "summary": {"covered_lines": 6, "num_statements": 6, "percent_covered": 100.0, "percent_covered_display": "100", "missing_lines": 0, "excluded_lines": 0, "percent_statements_covered": 100.0, "percent_statements_covered_display": "100"}, "missing_lines": [], "excluded_lines": [], "start_line": 101}, "_sanitize_digits": {"executed_lines": [], "summary": {"covered_lines": 0, "num_statements": 1, "percent_covered": 0.0, "percent_covered_display": "0", "missing_lines": 1, "excluded_lines": 0, "percent_statements_covered": 0.0, "percent_statements_covered_display": "0"}, "missing_lines": [126], "excluded_lines": [], "start_line": 124}, "_parse_birthday": {"executed_lines": [], "summary": {"covered_lines": 0, "num_statements": 6, "percent_covered": 0.0, "percent_covered_display": "0", "missing_lines": 6, "excluded_lines": 0, "percent_statements_covered": 0.0, "percent_statements_covered_display": "0"}, "missing_lines": [134, 135, 136, 137, 142, 143], "excluded_lines": [], "start_line": 129}, "_get_today_element": {"executed_lines": [], "summary": {"covered_lines": 0, "num_statements": 4, "percent_covered": 0.0, "percent_covered_display": "0", "missing_lines": 4, "excluded_lines": 0, "percent_statements_covered": 0.0, "percent_statements_covered_display": "0"}, "missing_lines": [148, 150, 151, 152], "excluded_lines": [], "start_line": 146}, "_get_birth_element": {"executed_lines": [], "summary": {"covered_lines": 0, "num_statements": 3, "percent_covered": 0.0, "percent_covered_display": "0", "missing_lines": 3, "excluded_lines": 0, "percent_statements_covered": 0.0, "percent_statements_covered_display": "0"}, "missing_lines": [157, 158, 159], "excluded_lines": [], "start_line": 155}, "_get_element_relation": {"executed_lines": [], "summary": {"covered_lines": 0, "num_statements": 13, "percent_covered": 0.0, "percent_covered_display": "0", "missing_lines": 13, "excluded_lines": 0, "percent_statements_covered": 0.0, "percent_statements_covered_display": "0"}, "missing_lines": [164, 165, 167, 168, 169, 170, 171, 172, 173, 174, 175, 176, 178], "excluded_lines": [], "start_line": 162}, "_build_fortune_script": {"executed_lines": [], "summary": {"covered_lines": 0, "num_statements": 7, "percent_covered": 0.0, "percent_covered_display": "0", "missing_lines": 7, "excluded_lines": 0, "percent_statements_covered": 0.0, "percent_statements_covered_display": "0"}, "missing_lines": [185, 186, 187, 188, 190, 192, 201], "excluded_lines": [], "start_line": 181}, "_twiml_response": {"executed_lines": [], "summary": {"covered_lines": 0, "num_statements": 1, "percent_covered": 0.0, "percent_covered_display": "0", "missing_lines": 1, "excluded_lines": 0, "percent_statements_covered": 0.0, "percent_statements_covered_display": "0"}, "missing_lines": [211], "excluded_lines": [], "start_line": 209}, "_twiml_say": {"executed_lines": [], "summary": {"covered_lines": 0, "num_statements": 2, "percent_covered": 0.0, "percent_covered_display": "0", "missing_lines": 2, "excluded_lines": 0, "percent_statements_covered": 0.0, "percent_statements_covered_display": "0"}, "missing_lines": [219, 220], "excluded_lines": [], "start_line": 217}, "_twiml_gather": {"executed_lines": [], "summary": {"covered_lines": 0, "num_statements": 4, "percent_covered": 0.0, "percent_covered_display": "0", "missing_lines": 4, "excluded_lines": 0, "percent_statements_covered": 0.0, "percent_statements_covered_display": "0"}, "missing_lines": [231, 232, 233, 234], "excluded_lines": [], "start_line": 223}, "_twiml_redirect": {"executed_lines": [], "summary": {"covered_lines": 0, "num_statements": 1, "percent_covered": 0.0, "percent_covered_display": "0", "missing_lines": 1, "excluded_lines": 0, "percent_statements_covered": 0.0, "percent_statements_covered_display": "0"}, "missing_lines": [239], "excluded_lines": [], "start_line": 237}, "_build_twiml": {"executed_lines": [], "summary": {"covered_lines": 0, "num_statements": 2, "percent_covered": 0.0, "percent_covered_display": "0", "missing_lines": 2, "excluded_lines": 0, "percent_statements_covered": 0.0, "percent_statements_covered_display": "0"}, "missing_lines": [244, 245], "excluded_lines": [], "start_line": 242}, "_check_twilio_configured": {"executed_lines": [], "summary": {"covered_lines": 0, "num_statements": 2, "percent_covered": 0.0, "percent_covered_display": "0", "missing_lines": 2, "excluded_lines": 0, "percent_statements_covered": 0.0, "percent_statements_covered_display": "0"}, "missing_lines": [254, 255], "excluded_lines": [], "start_line": 252}, "ivr_incoming": {"executed_lines": [], "summary": {"covered_lines": 0, "num_statements": 14, "percent_covered": 0.0, "percent_covered_display": "0", "missing_lines": 14, "excluded_lines": 0, "percent_statements_covered": 0.0, "percent_statements_covered_display": "0"}, "missing_lines": [272, 273, 281, 282, 283, 284, 285, 286, 287, 289, 292, 299, 300, 302], "excluded_lines": [], "start_line": 267}, "ivr_gather": {"executed_lines": [], "summary": {"covered_lines": 0, "num_statements": 24, "percent_covered": 0.0, "percent_covered_display": "0", "missing_lines": 24, "excluded_lines": 0, "percent_statements_covered": 0.0, "percent_statements_covered_display": "0"}, "missing_lines": [318, 319, 320, 321, 322, 323, 324, 326, 327, 333, 335, 337, 340, 346, 349, 350, 351, 352, 353, 356, 357, 358, 365, 367], "excluded_lines": [], "start_line": 306}, "ivr_menu": {"executed_lines": [], "summary": {"covered_lines": 0, "num_statements": 13, "percent_covered": 0.0, "percent_covered_display": "0", "missing_lines": 13, "excluded_lines": 0, "percent_statements_covered": 0.0, "percent_statements_covered_display": "0"}, "missing_lines": [388, 389, 390, 391, 392, 393, 395, 396, 398, 399, 403, 405, 409], "excluded_lines": [], "start_line": 376}, "ivr_outbound": {"executed_lines": [], "summary": {"covered_lines": 0, "num_statements": 20, "percent_covered": 0.0, "percent_covered_display": "0", "missing_lines": 20, "excluded_lines": 0, "percent_statements_covered": 0.0, "percent_statements_covered_display": "0"}, "missing_lines": [427, 428, 434, 435, 436, 437, 439, 440, 441, 442, 443, 448, 449, 450, 454, 459, 460, 461, 462, 463], "excluded_lines": [], "start_line": 415}, "ivr_status": {"executed_lines": [], "summary": {"covered_lines": 0, "num_statements": 1, "percent_covered": 0.0, "percent_covered_display": "0", "missing_lines": 1, "excluded_lines": 0, "percent_statements_covered": 0.0, "percent_statements_covered_display": "0"}, "missing_lines": [471], "excluded_lines": [], "start_line": 467}, "": {"executed_lines": [20, 22, 23, 24, 25, 26, 27, 28, 29, 31, 32, 34, 36, 39, 40, 41, 44, 45, 48, 52, 58, 66, 73, 78, 84, 87, 96, 101, 124, 129, 146, 155, 162, 181, 209, 217, 223, 237, 242, 252, 266, 267, 305, 306, 375, 376, 414, 415, 466, 467], "summary": {"covered_lines": 50, "num_statements": 50, "percent_covered": 100.0, "percent_covered_display": "100", "missing_lines": 0, "excluded_lines": 0, "percent_statements_covered": 100.0, "percent_statements_covered_display": "100"}, "missing_lines": [], "excluded_lines": [], "start_line": 1}}, "classes": {"": {"executed_lines": [20, 22, 23, 24, 25, 26, 27, 28, 29, 31, 32, 34, 36, 39, 40, 41, 44, 45, 48, 52, 58, 66, 73, 78, 84, 87, 96, 101, 106, 107, 110, 113, 114, 121, 124, 129, 146, 155, 162, 181, 209, 217, 223, 237, 242, 252, 266, 267, 305, 306, 375, 376, 414, 415, 466, 467], "summary": {"covered_lines": 56, "num_statements": 175, "percent_covered": 32.0, "percent_covered_display": "32", "missing_lines": 119, "excluded_lines": 0, "percent_statements_covered": 32.0, "percent_statements_covered_display": "32"}, "missing_lines": [98, 126, 134, 135, 136, 137, 142, 143, 148, 150, 151, 152, 157, 158, 159, 164, 165, 167, 168, 169, 170, 171, 172, 173, 174, 175, 176, 178, 185, 186, 187, 188, 190, 192, 201, 211, 219, 220, 231, 232, 233, 234, 239, 244, 245, 254, 255, 272, 273, 281, 282, 283, 284, 285, 286, 287, 289, 292, 299, 300, 302, 318, 319, 320, 321, 322, 323, 324, 326, 327, 333, 335, 337, 340, 346, 349, 350, 351, 352, 353, 356, 357, 358, 365, 367, 388, 389, 390, 391, 392, 393, 395, 396, 398, 399, 403, 405, 409, 427, 428, 434, 435, 436, 437, 439, 440, 441, 442, 443, 448, 449, 450, 454, 459, 460, 461, 462, 463, 471], "excluded_lines": [], "start_line": 1}}}, "src/api/routes/saju.py": {"executed_lines": [5, 6, 8, 9, 10, 12, 13, 14, 15, 16, 17, 18, 19, 21, 23, 28, 29, 43, 44, 65, 73, 74, 76, 85, 86, 89, 92, 93, 94, 95, 96, 97, 98, 101, 102, 103, 104, 106, 107, 110, 111, 114, 116, 117, 118, 121, 123, 124, 125, 126, 127, 128, 129, 130, 131, 132, 133, 144, 149, 151, 152, 153, 154, 155, 164, 165, 166, 169, 171, 180, 184, 190, 191, 192, 193, 194, 195, 196, 198, 199, 201, 202, 203, 208, 211, 212, 213, 221, 222, 223, 293, 294, 346, 347, 348, 350, 353, 354, 355, 356, 358, 361, 362, 363, 364, 365, 368, 369, 370, 373, 374, 375, 376, 379, 380, 382, 383, 384, 385, 387, 388, 391, 393, 396, 398, 399, 400, 401, 403, 420, 421, 511, 512, 632, 633, 694, 727, 740, 750, 751, 752, 753, 754, 755, 756, 757, 764, 765, 805, 806, 846, 847, 855, 856, 857, 858, 862, 872, 873, 874, 940, 941], "summary": {"covered_lines": 162, "num_statements": 407, "percent_covered": 39.8034398034398, "percent_covered_display": "40", "missing_lines": 245, "excluded_lines": 0, "percent_statements_covered": 39.8034398034398, "percent_statements_covered_display": "40"}, "missing_lines": [45, 46, 47, 49, 50, 51, 52, 53, 54, 55, 56, 57, 58, 59, 60, 105, 181, 182, 204, 239, 240, 241, 242, 243, 244, 245, 247, 248, 250, 251, 252, 253, 254, 255, 256, 257, 258, 260, 261, 263, 269, 274, 279, 299, 300, 302, 303, 307, 308, 310, 313, 314, 315, 318, 321, 322, 323, 325, 351, 389, 394, 426, 427, 429, 430, 432, 434, 435, 438, 439, 440, 441, 443, 444, 447, 448, 451, 452, 453, 454, 455, 456, 457, 458, 459, 460, 461, 462, 463, 464, 465, 466, 467, 468, 469, 470, 471, 472, 474, 475, 476, 478, 479, 480, 482, 485, 486, 487, 488, 489, 490, 491, 492, 493, 495, 496, 498, 521, 522, 524, 525, 526, 527, 529, 530, 531, 532, 534, 537, 560, 583, 584, 586, 587, 590, 592, 594, 595, 596, 597, 598, 599, 600, 601, 602, 603, 604, 607, 608, 609, 612, 614, 623, 638, 640, 643, 644, 645, 646, 647, 650, 651, 652, 655, 656, 658, 660, 661, 662, 674, 675, 676, 677, 679, 696, 697, 698, 699, 700, 701, 703, 728, 779, 781, 782, 783, 784, 785, 788, 789, 790, 791, 792, 794, 816, 817, 819, 820, 821, 822, 823, 825, 826, 827, 828, 829, 831, 859, 860, 883, 884, 885, 886, 887, 889, 916, 917, 919, 924, 929, 952, 953, 955, 956, 958, 959, 960, 961, 964, 967, 968, 973, 983, 985, 986, 987, 988, 992, 995, 996, 997, 998, 999, 1001, 1003], "excluded_lines": [], "functions": {"_load_pillar_data": {"executed_lines": [93, 94, 95, 96, 97, 98], "summary": {"covered_lines": 6, "num_statements": 6, "percent_covered": 100.0, "percent_covered_display": "100", "missing_lines": 0, "excluded_lines": 0, "percent_statements_covered": 100.0, "percent_statements_covered_display": "100"}, "missing_lines": [], "excluded_lines": [], "start_line": 92}, "_load_element_data": {"executed_lines": [102, 103, 104, 106, 107], "summary": {"covered_lines": 5, "num_statements": 6, "percent_covered": 83.33333333333333, "percent_covered_display": "83", "missing_lines": 1, "excluded_lines": 0, "percent_statements_covered": 83.33333333333333, "percent_statements_covered_display": "83"}, "missing_lines": [105], "excluded_lines": [], "start_line": 101}, "_get_element_han": {"executed_lines": [111], "summary": {"covered_lines": 1, "num_statements": 1, "percent_covered": 100.0, "percent_covered_display": "100", "missing_lines": 0, "excluded_lines": 0, "percent_statements_covered": 100.0, "percent_statements_covered_display": "100"}, "missing_lines": [], "excluded_lines": [], "start_line": 110}, "_kst_today": {"executed_lines": [116, 117, 118], "summary": {"covered_lines": 3, "num_statements": 3, "percent_covered": 100.0, "percent_covered_display": "100", "missing_lines": 0, "excluded_lines": 0, "percent_statements_covered": 100.0, "percent_statements_covered_display": "100"}, "missing_lines": [], "excluded_lines": [], "start_line": 114}, "_calc_today_pillar": {"executed_lines": [123, 124, 125, 126, 127, 128, 129, 130, 131, 132, 133], "summary": {"covered_lines": 11, "num_statements": 11, "percent_covered": 100.0, "percent_covered_display": "100", "missing_lines": 0, "excluded_lines": 0, "percent_statements_covered": 100.0, "percent_statements_covered_display": "100"}, "missing_lines": [], "excluded_lines": [], "start_line": 121}, "_saju_engine_to_legacy": {"executed_lines": [149, 151, 164, 165, 166, 169, 171, 180, 184], "summary": {"covered_lines": 9, "num_statements": 11, "percent_covered": 81.81818181818181, "percent_covered_display": "82", "missing_lines": 2, "excluded_lines": 0, "percent_statements_covered": 81.81818181818181, "percent_statements_covered_display": "82"}, "missing_lines": [181, 182], "excluded_lines": [], "start_line": 144}, "_saju_engine_to_legacy.pillar_dict": {"executed_lines": [152, 153, 154, 155], "summary": {"covered_lines": 4, "num_statements": 4, "percent_covered": 100.0, "percent_covered_display": "100", "missing_lines": 0, "excluded_lines": 0, "percent_statements_covered": 100.0, "percent_statements_covered_display": "100"}, "missing_lines": [], "excluded_lines": [], "start_line": 151}, "BirthInfo.validate_date": {"executed_lines": [201, 202, 203, 208], "summary": {"covered_lines": 4, "num_statements": 5, "percent_covered": 80.0, "percent_covered_display": "80", "missing_lines": 1, "excluded_lines": 0, "percent_statements_covered": 80.0, "percent_statements_covered_display": "80"}, "missing_lines": [204], "excluded_lines": [], "start_line": 199}, "get_compatibility_preview": {"executed_lines": [], "summary": {"covered_lines": 0, "num_statements": 23, "percent_covered": 0.0, "percent_covered_display": "0", "missing_lines": 23, "excluded_lines": 0, "percent_statements_covered": 0.0, "percent_statements_covered_display": "0"}, "missing_lines": [239, 240, 241, 242, 243, 244, 245, 247, 250, 251, 252, 253, 254, 255, 256, 257, 258, 260, 261, 263, 269, 274, 279], "excluded_lines": [], "start_line": 223}, "get_compatibility_preview.get_day_el": {"executed_lines": [], "summary": {"covered_lines": 0, "num_statements": 1, "percent_covered": 0.0, "percent_covered_display": "0", "missing_lines": 1, "excluded_lines": 0, "percent_statements_covered": 0.0, "percent_statements_covered_display": "0"}, "missing_lines": [248], "excluded_lines": [], "start_line": 247}, "calculate_saju": {"executed_lines": [], "summary": {"covered_lines": 0, "num_statements": 15, "percent_covered": 0.0, "percent_covered_display": "0", "missing_lines": 15, "excluded_lines": 0, "percent_statements_covered": 0.0, "percent_statements_covered_display": "0"}, "missing_lines": [299, 300, 302, 303, 307, 308, 310, 313, 314, 315, 318, 321, 322, 323, 325], "excluded_lines": [], "start_line": 294}, "get_daily_energy": {"executed_lines": [350, 353, 354, 355, 356, 358, 361, 362, 363, 364, 365, 368, 369, 370, 373, 374, 375, 376, 379, 380, 382, 383, 384, 385, 387, 388, 391, 393, 396, 398, 399, 400, 401, 403], "summary": {"covered_lines": 34, "num_statements": 37, "percent_covered": 91.89189189189189, "percent_covered_display": "92", "missing_lines": 3, "excluded_lines": 0, "percent_statements_covered": 91.89189189189189, "percent_statements_covered_display": "92"}, "missing_lines": [351, 389, 394], "excluded_lines": [], "start_line": 348}, "check_compatibility": {"executed_lines": [], "summary": {"covered_lines": 0, "num_statements": 53, "percent_covered": 0.0, "percent_covered_display": "0", "missing_lines": 53, "excluded_lines": 0, "percent_statements_covered": 0.0, "percent_statements_covered_display": "0"}, "missing_lines": [426, 427, 429, 430, 432, 434, 435, 438, 443, 444, 447, 448, 451, 452, 453, 454, 455, 456, 457, 458, 459, 460, 461, 462, 463, 464, 465, 466, 467, 468, 469, 470, 471, 472, 474, 475, 476, 478, 479, 480, 482, 485, 486, 487, 488, 489, 490, 491, 492, 493, 495, 496, 498], "excluded_lines": [], "start_line": 421}, "check_compatibility.get_day_element": {"executed_lines": [], "summary": {"covered_lines": 0, "num_statements": 3, "percent_covered": 0.0, "percent_covered_display": "0", "missing_lines": 3, "excluded_lines": 0, "percent_statements_covered": 0.0, "percent_statements_covered_display": "0"}, "missing_lines": [439, 440, 441], "excluded_lines": [], "start_line": 438}, "get_fortune_calendar": {"executed_lines": [], "summary": {"covered_lines": 0, "num_statements": 36, "percent_covered": 0.0, "percent_covered_display": "0", "missing_lines": 36, "excluded_lines": 0, "percent_statements_covered": 0.0, "percent_statements_covered_display": "0"}, "missing_lines": [521, 522, 524, 525, 526, 527, 529, 530, 531, 532, 534, 537, 560, 583, 584, 586, 587, 590, 592, 594, 595, 596, 597, 598, 599, 600, 601, 602, 603, 604, 607, 608, 609, 612, 614, 623], "excluded_lines": [], "start_line": 512}, "get_pillar_details": {"executed_lines": [], "summary": {"covered_lines": 0, "num_statements": 21, "percent_covered": 0.0, "percent_covered_display": "0", "missing_lines": 21, "excluded_lines": 0, "percent_statements_covered": 0.0, "percent_statements_covered_display": "0"}, "missing_lines": [638, 640, 643, 644, 645, 646, 647, 650, 651, 652, 655, 656, 658, 660, 661, 662, 674, 675, 676, 677, 679], "excluded_lines": [], "start_line": 633}, "_get_pillar_interpretations": {"executed_lines": [], "summary": {"covered_lines": 0, "num_statements": 7, "percent_covered": 0.0, "percent_covered_display": "0", "missing_lines": 7, "excluded_lines": 0, "percent_statements_covered": 0.0, "percent_statements_covered_display": "0"}, "missing_lines": [696, 697, 698, 699, 700, 701, 703], "excluded_lines": [], "start_line": 694}, "_get_generic_interpretations": {"executed_lines": [], "summary": {"covered_lines": 0, "num_statements": 1, "percent_covered": 0.0, "percent_covered_display": "0", "missing_lines": 1, "excluded_lines": 0, "percent_statements_covered": 0.0, "percent_statements_covered_display": "0"}, "missing_lines": [728], "excluded_lines": [], "start_line": 727}, "_resolve_lang_from_request": {"executed_lines": [750, 751, 752, 753, 754, 755, 756, 757], "summary": {"covered_lines": 8, "num_statements": 8, "percent_covered": 100.0, "percent_covered_display": "100", "missing_lines": 0, "excluded_lines": 0, "percent_statements_covered": 100.0, "percent_statements_covered_display": "100"}, "missing_lines": [], "excluded_lines": [], "start_line": 740}, "get_astrology": {"executed_lines": [], "summary": {"covered_lines": 0, "num_statements": 12, "percent_covered": 0.0, "percent_covered_display": "0", "missing_lines": 12, "excluded_lines": 0, "percent_statements_covered": 0.0, "percent_statements_covered_display": "0"}, "missing_lines": [779, 781, 782, 783, 784, 785, 788, 789, 790, 791, 792, 794], "excluded_lines": [], "start_line": 765}, "post_astrology": {"executed_lines": [], "summary": {"covered_lines": 0, "num_statements": 13, "percent_covered": 0.0, "percent_covered_display": "0", "missing_lines": 13, "excluded_lines": 0, "percent_statements_covered": 0.0, "percent_statements_covered_display": "0"}, "missing_lines": [816, 817, 819, 820, 821, 822, 823, 825, 826, 827, 828, 829, 831], "excluded_lines": [], "start_line": 806}, "get_i18n_labels": {"executed_lines": [855, 856, 857, 858, 862], "summary": {"covered_lines": 5, "num_statements": 7, "percent_covered": 71.42857142857143, "percent_covered_display": "71", "missing_lines": 2, "excluded_lines": 0, "percent_statements_covered": 71.42857142857143, "percent_statements_covered_display": "71"}, "missing_lines": [859, 860], "excluded_lines": [], "start_line": 847}, "get_today_energy": {"executed_lines": [], "summary": {"covered_lines": 0, "num_statements": 11, "percent_covered": 0.0, "percent_covered_display": "0", "missing_lines": 11, "excluded_lines": 0, "percent_statements_covered": 0.0, "percent_statements_covered_display": "0"}, "missing_lines": [883, 884, 885, 886, 887, 889, 916, 917, 919, 924, 929], "excluded_lines": [], "start_line": 874}, "get_fortune_standard": {"executed_lines": [], "summary": {"covered_lines": 0, "num_statements": 25, "percent_covered": 0.0, "percent_covered_display": "0", "missing_lines": 25, "excluded_lines": 0, "percent_statements_covered": 0.0, "percent_statements_covered_display": "0"}, "missing_lines": [952, 953, 955, 956, 958, 959, 960, 961, 964, 967, 968, 973, 983, 985, 986, 987, 988, 992, 995, 996, 997, 998, 999, 1001, 1003], "excluded_lines": [], "start_line": 941}, "": {"executed_lines": [5, 6, 8, 9, 10, 12, 13, 14, 15, 16, 17, 18, 19, 21, 23, 28, 29, 43, 44, 65, 73, 74, 76, 85, 86, 89, 92, 101, 110, 114, 121, 144, 190, 191, 192, 193, 194, 195, 196, 198, 199, 211, 212, 213, 221, 222, 223, 293, 294, 346, 347, 348, 420, 421, 511, 512, 632, 633, 694, 727, 740, 764, 765, 805, 806, 846, 847, 872, 873, 874, 940, 941], "summary": {"covered_lines": 72, "num_statements": 87, "percent_covered": 82.75862068965517, "percent_covered_display": "83", "missing_lines": 15, "excluded_lines": 0, "percent_statements_covered": 82.75862068965517, "percent_statements_covered_display": "83"}, "missing_lines": [45, 46, 47, 49, 50, 51, 52, 53, 54, 55, 56, 57, 58, 59, 60], "excluded_lines": [], "start_line": 1}}, "classes": {"BirthInfo": {"executed_lines": [201, 202, 203, 208], "summary": {"covered_lines": 4, "num_statements": 5, "percent_covered": 80.0, "percent_covered_display": "80", "missing_lines": 1, "excluded_lines": 0, "percent_statements_covered": 80.0, "percent_statements_covered_display": "80"}, "missing_lines": [204], "excluded_lines": [], "start_line": 190}, "CompatibilityRequest": {"executed_lines": [], "summary": {"covered_lines": 0, "num_statements": 0, "percent_covered": 100.0, "percent_covered_display": "100", "missing_lines": 0, "excluded_lines": 0, "percent_statements_covered": 100.0, "percent_statements_covered_display": "100"}, "missing_lines": [], "excluded_lines": [], "start_line": 211}, "": {"executed_lines": [5, 6, 8, 9, 10, 12, 13, 14, 15, 16, 17, 18, 19, 21, 23, 28, 29, 43, 44, 65, 73, 74, 76, 85, 86, 89, 92, 93, 94, 95, 96, 97, 98, 101, 102, 103, 104, 106, 107, 110, 111, 114, 116, 117, 118, 121, 123, 124, 125, 126, 127, 128, 129, 130, 131, 132, 133, 144, 149, 151, 152, 153, 154, 155, 164, 165, 166, 169, 171, 180, 184, 190, 191, 192, 193, 194, 195, 196, 198, 199, 211, 212, 213, 221, 222, 223, 293, 294, 346, 347, 348, 350, 353, 354, 355, 356, 358, 361, 362, 363, 364, 365, 368, 369, 370, 373, 374, 375, 376, 379, 380, 382, 383, 384, 385, 387, 388, 391, 393, 396, 398, 399, 400, 401, 403, 420, 421, 511, 512, 632, 633, 694, 727, 740, 750, 751, 752, 753, 754, 755, 756, 757, 764, 765, 805, 806, 846, 847, 855, 856, 857, 858, 862, 872, 873, 874, 940, 941], "summary": {"covered_lines": 158, "num_statements": 402, "percent_covered": 39.30348258706468, "percent_covered_display": "39", "missing_lines": 244, "excluded_lines": 0, "percent_statements_covered": 39.30348258706468, "percent_statements_covered_display": "39"}, "missing_lines": [45, 46, 47, 49, 50, 51, 52, 53, 54, 55, 56, 57, 58, 59, 60, 105, 181, 182, 239, 240, 241, 242, 243, 244, 245, 247, 248, 250, 251, 252, 253, 254, 255, 256, 257, 258, 260, 261, 263, 269, 274, 279, 299, 300, 302, 303, 307, 308, 310, 313, 314, 315, 318, 321, 322, 323, 325, 351, 389, 394, 426, 427, 429, 430, 432, 434, 435, 438, 439, 440, 441, 443, 444, 447, 448, 451, 452, 453, 454, 455, 456, 457, 458, 459, 460, 461, 462, 463, 464, 465, 466, 467, 468, 469, 470, 471, 472, 474, 475, 476, 478, 479, 480, 482, 485, 486, 487, 488, 489, 490, 491, 492, 493, 495, 496, 498, 521, 522, 524, 525, 526, 527, 529, 530, 531, 532, 534, 537, 560, 583, 584, 586, 587, 590, 592, 594, 595, 596, 597, 598, 599, 600, 601, 602, 603, 604, 607, 608, 609, 612, 614, 623, 638, 640, 643, 644, 645, 646, 647, 650, 651, 652, 655, 656, 658, 660, 661, 662, 674, 675, 676, 677, 679, 696, 697, 698, 699, 700, 701, 703, 728, 779, 781, 782, 783, 784, 785, 788, 789, 790, 791, 792, 794, 816, 817, 819, 820, 821, 822, 823, 825, 826, 827, 828, 829, 831, 859, 860, 883, 884, 885, 886, 887, 889, 916, 917, 919, 924, 929, 952, 953, 955, 956, 958, 959, 960, 961, 964, 967, 968, 973, 983, 985, 986, 987, 988, 992, 995, 996, 997, 998, 999, 1001, 1003], "excluded_lines": [], "start_line": 1}}}, "src/core/auth.py": {"executed_lines": [8, 9, 10, 11, 12, 13, 14, 15, 16, 18, 24, 25, 26, 29, 30, 31, 33, 36, 39, 40, 41, 42, 58, 72, 86, 88, 89, 90, 92, 93, 104, 106, 111, 114, 116, 117, 118, 119, 120, 122, 125, 133, 142, 146, 153, 156, 167, 172, 173, 181, 188, 189, 190, 193, 194, 195, 197], "summary": {"covered_lines": 57, "num_statements": 115, "percent_covered": 49.56521739130435, "percent_covered_display": "50", "missing_lines": 58, "excluded_lines": 0, "percent_statements_covered": 49.56521739130435, "percent_statements_covered_display": "50"}, "missing_lines": [43, 44, 45, 46, 47, 48, 49, 50, 51, 52, 53, 54, 55, 60, 61, 62, 63, 64, 65, 66, 67, 68, 69, 74, 75, 76, 77, 78, 79, 80, 81, 82, 83, 95, 96, 97, 98, 99, 100, 101, 102, 107, 108, 109, 112, 113, 129, 130, 138, 139, 158, 164, 191, 196, 198, 199, 203, 204], "excluded_lines": [], "functions": {"_get_redis": {"executed_lines": [39, 40, 41, 42], "summary": {"covered_lines": 4, "num_statements": 17, "percent_covered": 23.529411764705884, "percent_covered_display": "24", "missing_lines": 13, "excluded_lines": 0, "percent_statements_covered": 23.529411764705884, "percent_statements_covered_display": "24"}, "missing_lines": [43, 44, 45, 46, 47, 48, 49, 50, 51, 52, 53, 54, 55], "excluded_lines": [], "start_line": 36}, "revoke_token": {"executed_lines": [], "summary": {"covered_lines": 0, "num_statements": 10, "percent_covered": 0.0, "percent_covered_display": "0", "missing_lines": 10, "excluded_lines": 0, "percent_statements_covered": 0.0, "percent_statements_covered_display": "0"}, "missing_lines": [60, 61, 62, 63, 64, 65, 66, 67, 68, 69], "excluded_lines": [], "start_line": 58}, "revoke_user_tokens": {"executed_lines": [], "summary": {"covered_lines": 0, "num_statements": 10, "percent_covered": 0.0, "percent_covered_display": "0", "missing_lines": 10, "excluded_lines": 0, "percent_statements_covered": 0.0, "percent_statements_covered_display": "0"}, "missing_lines": [74, 75, 76, 77, 78, 79, 80, 81, 82, 83], "excluded_lines": [], "start_line": 72}, "is_token_revoked": {"executed_lines": [88, 89, 90, 92, 93, 104, 106, 111, 114], "summary": {"covered_lines": 9, "num_statements": 22, "percent_covered": 40.90909090909091, "percent_covered_display": "41", "missing_lines": 13, "excluded_lines": 0, "percent_statements_covered": 40.90909090909091, "percent_statements_covered_display": "41"}, "missing_lines": [95, 96, 97, 98, 99, 100, 101, 102, 107, 108, 109, 112, 113], "excluded_lines": [], "start_line": 86}, "hash_password": {"executed_lines": [], "summary": {"covered_lines": 0, "num_statements": 2, "percent_covered": 0.0, "percent_covered_display": "0", "missing_lines": 2, "excluded_lines": 0, "percent_statements_covered": 0.0, "percent_statements_covered_display": "0"}, "missing_lines": [129, 130], "excluded_lines": [], "start_line": 125}, "verify_password": {"executed_lines": [], "summary": {"covered_lines": 0, "num_statements": 2, "percent_covered": 0.0, "percent_covered_display": "0", "missing_lines": 2, "excluded_lines": 0, "percent_statements_covered": 0.0, "percent_statements_covered_display": "0"}, "missing_lines": [138, 139], "excluded_lines": [], "start_line": 133}, "create_access_token": {"executed_lines": [146, 153], "summary": {"covered_lines": 2, "num_statements": 2, "percent_covered": 100.0, "percent_covered_display": "100", "missing_lines": 0, "excluded_lines": 0, "percent_statements_covered": 100.0, "percent_statements_covered_display": "100"}, "missing_lines": [], "excluded_lines": [], "start_line": 142}, "create_refresh_token": {"executed_lines": [], "summary": {"covered_lines": 0, "num_statements": 2, "percent_covered": 0.0, "percent_covered_display": "0", "missing_lines": 2, "excluded_lines": 0, "percent_statements_covered": 0.0, "percent_statements_covered_display": "0"}, "missing_lines": [158, 164], "excluded_lines": [], "start_line": 156}, "decode_token": {"executed_lines": [172, 173], "summary": {"covered_lines": 2, "num_statements": 2, "percent_covered": 100.0, "percent_covered_display": "100", "missing_lines": 0, "excluded_lines": 0, "percent_statements_covered": 100.0, "percent_statements_covered_display": "100"}, "missing_lines": [], "excluded_lines": [], "start_line": 167}, "get_current_user": {"executed_lines": [188, 189, 190, 193, 194, 195, 197], "summary": {"covered_lines": 7, "num_statements": 13, "percent_covered": 53.84615384615385, "percent_covered_display": "54", "missing_lines": 6, "excluded_lines": 0, "percent_statements_covered": 53.84615384615385, "percent_statements_covered_display": "54"}, "missing_lines": [191, 196, 198, 199, 203, 204], "excluded_lines": [], "start_line": 181}, "": {"executed_lines": [8, 9, 10, 11, 12, 13, 14, 15, 16, 18, 24, 25, 26, 29, 30, 31, 33, 36, 58, 72, 86, 116, 117, 118, 119, 120, 122, 125, 133, 142, 156, 167, 181], "summary": {"covered_lines": 33, "num_statements": 33, "percent_covered": 100.0, "percent_covered_display": "100", "missing_lines": 0, "excluded_lines": 0, "percent_statements_covered": 100.0, "percent_statements_covered_display": "100"}, "missing_lines": [], "excluded_lines": [], "start_line": 1}}, "classes": {"": {"executed_lines": [8, 9, 10, 11, 12, 13, 14, 15, 16, 18, 24, 25, 26, 29, 30, 31, 33, 36, 39, 40, 41, 42, 58, 72, 86, 88, 89, 90, 92, 93, 104, 106, 111, 114, 116, 117, 118, 119, 120, 122, 125, 133, 142, 146, 153, 156, 167, 172, 173, 181, 188, 189, 190, 193, 194, 195, 197], "summary": {"covered_lines": 57, "num_statements": 115, "percent_covered": 49.56521739130435, "percent_covered_display": "50", "missing_lines": 58, "excluded_lines": 0, "percent_statements_covered": 49.56521739130435, "percent_statements_covered_display": "50"}, "missing_lines": [43, 44, 45, 46, 47, 48, 49, 50, 51, 52, 53, 54, 55, 60, 61, 62, 63, 64, 65, 66, 67, 68, 69, 74, 75, 76, 77, 78, 79, 80, 81, 82, 83, 95, 96, 97, 98, 99, 100, 101, 102, 107, 108, 109, 112, 113, 129, 130, 138, 139, 158, 164, 191, 196, 198, 199, 203, 204], "excluded_lines": [], "start_line": 1}}}, "src/engine/saju_calculator.py": {"executed_lines": [9, 10, 13, 14, 15, 20, 23, 29, 30, 40, 42, 45, 57, 63, 64, 93, 95, 100, 115, 129, 143, 208, 210, 211, 212, 213, 225, 227, 232, 240, 248, 253, 258, 263, 270, 276, 284, 303, 304, 305, 308, 310, 311, 314, 315, 318, 319, 321, 331, 345, 346, 348, 349, 351, 361, 379, 380, 381, 384, 385, 389, 390, 395, 400], "summary": {"covered_lines": 64, "num_statements": 124, "percent_covered": 51.61290322580645, "percent_covered_display": "52", "missing_lines": 60, "excluded_lines": 0, "percent_statements_covered": 51.61290322580645, "percent_statements_covered_display": "52"}, "missing_lines": [31, 32, 33, 66, 67, 70, 71, 72, 73, 74, 75, 76, 78, 79, 81, 82, 83, 85, 86, 106, 107, 117, 118, 119, 120, 121, 131, 132, 133, 134, 135, 158, 162, 163, 164, 169, 170, 171, 172, 174, 175, 176, 183, 193, 195, 196, 197, 198, 199, 205, 214, 218, 219, 220, 221, 222, 306, 307, 312, 347], "excluded_lines": [], "functions": {"get_lunar_date": {"executed_lines": [29, 30, 40, 42], "summary": {"covered_lines": 4, "num_statements": 7, "percent_covered": 57.142857142857146, "percent_covered_display": "57", "missing_lines": 3, "excluded_lines": 0, "percent_statements_covered": 57.142857142857146, "percent_statements_covered_display": "57"}, "missing_lines": [31, 32, 33], "excluded_lines": [], "start_line": 23}, "get_jeolgi": {"executed_lines": [57, 63, 64, 93, 95, 100], "summary": {"covered_lines": 6, "num_statements": 24, "percent_covered": 25.0, "percent_covered_display": "25", "missing_lines": 18, "excluded_lines": 0, "percent_statements_covered": 25.0, "percent_statements_covered_display": "25"}, "missing_lines": [66, 67, 70, 71, 72, 73, 74, 75, 76, 78, 79, 81, 82, 83, 85, 86, 106, 107], "excluded_lines": [], "start_line": 45}, "calc_year_pillar": {"executed_lines": [], "summary": {"covered_lines": 0, "num_statements": 5, "percent_covered": 0.0, "percent_covered_display": "0", "missing_lines": 5, "excluded_lines": 0, "percent_statements_covered": 0.0, "percent_statements_covered_display": "0"}, "missing_lines": [117, 118, 119, 120, 121], "excluded_lines": [], "start_line": 115}, "calc_month_pillar": {"executed_lines": [], "summary": {"covered_lines": 0, "num_statements": 5, "percent_covered": 0.0, "percent_covered_display": "0", "missing_lines": 5, "excluded_lines": 0, "percent_statements_covered": 0.0, "percent_statements_covered_display": "0"}, "missing_lines": [131, 132, 133, 134, 135], "excluded_lines": [], "start_line": 129}, "calc_four_pillars": {"executed_lines": [], "summary": {"covered_lines": 0, "num_statements": 19, "percent_covered": 0.0, "percent_covered_display": "0", "missing_lines": 19, "excluded_lines": 0, "percent_statements_covered": 0.0, "percent_statements_covered_display": "0"}, "missing_lines": [158, 162, 163, 164, 169, 170, 171, 172, 174, 175, 176, 183, 193, 195, 196, 197, 198, 199, 205], "excluded_lines": [], "start_line": 143}, "_kasi_api_fallback": {"executed_lines": [210, 211, 212, 213], "summary": {"covered_lines": 4, "num_statements": 10, "percent_covered": 40.0, "percent_covered_display": "40", "missing_lines": 6, "excluded_lines": 0, "percent_statements_covered": 40.0, "percent_statements_covered_display": "40"}, "missing_lines": [214, 218, 219, 220, 221, 222], "excluded_lines": [], "start_line": 208}, "_get_disclaimer": {"executed_lines": [227, 232], "summary": {"covered_lines": 2, "num_statements": 2, "percent_covered": 100.0, "percent_covered_display": "100", "missing_lines": 0, "excluded_lines": 0, "percent_statements_covered": 100.0, "percent_statements_covered_display": "100"}, "missing_lines": [], "excluded_lines": [], "start_line": 225}, "get_western_astrology_sign": {"executed_lines": [303, 304, 305, 308, 310, 311, 314, 315, 318, 319, 321], "summary": {"covered_lines": 11, "num_statements": 14, "percent_covered": 78.57142857142857, "percent_covered_display": "79", "missing_lines": 3, "excluded_lines": 0, "percent_statements_covered": 78.57142857142857, "percent_statements_covered_display": "79"}, "missing_lines": [306, 307, 312], "excluded_lines": [], "start_line": 284}, "get_eastern_zodiac": {"executed_lines": [345, 346, 348, 349, 351], "summary": {"covered_lines": 5, "num_statements": 6, "percent_covered": 83.33333333333333, "percent_covered_display": "83", "missing_lines": 1, "excluded_lines": 0, "percent_statements_covered": 83.33333333333333, "percent_statements_covered_display": "83"}, "missing_lines": [347], "excluded_lines": [], "start_line": 331}, "get_astrology_info": {"executed_lines": [379, 380, 381, 384, 385, 389, 390, 395, 400], "summary": {"covered_lines": 9, "num_statements": 9, "percent_covered": 100.0, "percent_covered_display": "100", "missing_lines": 0, "excluded_lines": 0, "percent_statements_covered": 100.0, "percent_statements_covered_display": "100"}, "missing_lines": [], "excluded_lines": [], "start_line": 361}, "": {"executed_lines": [9, 10, 13, 14, 15, 20, 23, 45, 115, 129, 143, 208, 225, 240, 248, 253, 258, 263, 270, 276, 284, 331, 361], "summary": {"covered_lines": 23, "num_statements": 23, "percent_covered": 100.0, "percent_covered_display": "100", "missing_lines": 0, "excluded_lines": 0, "percent_statements_covered": 100.0, "percent_statements_covered_display": "100"}, "missing_lines": [], "excluded_lines": [], "start_line": 1}}, "classes": {"": {"executed_lines": [9, 10, 13, 14, 15, 20, 23, 29, 30, 40, 42, 45, 57, 63, 64, 93, 95, 100, 115, 129, 143, 208, 210, 211, 212, 213, 225, 227, 232, 240, 248, 253, 258, 263, 270, 276, 284, 303, 304, 305, 308, 310, 311, 314, 315, 318, 319, 321, 331, 345, 346, 348, 349, 351, 361, 379, 380, 381, 384, 385, 389, 390, 395, 400], "summary": {"covered_lines": 64, "num_statements": 124, "percent_covered": 51.61290322580645, "percent_covered_display": "52", "missing_lines": 60, "excluded_lines": 0, "percent_statements_covered": 51.61290322580645, "percent_statements_covered_display": "52"}, "missing_lines": [31, 32, 33, 66, 67, 70, 71, 72, 73, 74, 75, 76, 78, 79, 81, 82, 83, 85, 86, 106, 107, 117, 118, 119, 120, 121, 131, 132, 133, 134, 135, 158, 162, 163, 164, 169, 170, 171, 172, 174, 175, 176, 183, 193, 195, 196, 197, 198, 199, 205, 214, 218, 219, 220, 221, 222, 306, 307, 312, 347], "excluded_lines": [], "start_line": 1}}}, "src/engine/swiss_ephemeris.py": {"executed_lines": [13, 15, 16, 17, 19, 23, 52, 69, 72, 73, 77, 78, 80, 81, 82, 84, 85, 86, 87, 90, 119, 124, 131, 136, 137, 139, 140, 141, 142, 145, 153, 171, 172, 174, 175, 177, 178, 181, 182, 183, 185, 187, 189, 192, 194, 195, 196, 198, 200, 217, 218, 221, 243, 244, 246, 247, 248, 249, 252, 253, 254, 255, 256, 261, 262, 264, 267, 268, 270, 282, 302, 303, 305, 306, 307, 309, 341, 353, 354, 357, 358, 359, 360, 365, 366, 367, 370, 371, 373, 383, 385, 390, 391, 392, 404, 406, 407, 410, 411], "summary": {"covered_lines": 99, "num_statements": 161, "percent_covered": 61.49068322981366, "percent_covered_display": "61", "missing_lines": 62, "excluded_lines": 0, "percent_statements_covered": 61.49068322981366, "percent_statements_covered_display": "61"}, "missing_lines": [75, 92, 93, 94, 95, 96, 98, 99, 100, 101, 102, 103, 105, 106, 107, 109, 110, 111
[...]
00", "missing_lines": 0, "excluded_lines": 0, "percent_statements_covered": 100.0, "percent_statements_covered_display": "100"}, "missing_lines": [], "excluded_lines": [], "start_line": 130}, "User": {"executed_lines": [], "summary": {"covered_lines": 0, "num_statements": 0, "percent_covered": 100.0, "percent_covered_display": "100", "missing_lines": 0, "excluded_lines": 0, "percent_statements_covered": 100.0, "percent_statements_covered_display": "100"}, "missing_lines": [], "excluded_lines": [], "start_line": 141}, "SajuReading": {"executed_lines": [], "summary": {"covered_lines": 0, "num_statements": 0, "percent_covered": 100.0, "percent_covered_display": "100", "missing_lines": 0, "excluded_lines": 0, "percent_statements_covered": 100.0, "percent_statements_covered_display": "100"}, "missing_lines": [], "excluded_lines": [], "start_line": 154}, "": {"executed_lines": [5, 6, 7, 8, 15, 17, 18, 19, 20, 21, 22, 23, 25, 26, 27, 32, 34, 35, 36, 37, 38, 39, 40, 41, 42, 45, 47, 48, 49, 50, 51, 52, 62, 64, 65, 66, 69, 71, 72, 73, 74, 75, 76, 77, 80, 82, 83, 84, 85, 86, 87, 88, 89, 90, 93, 95, 96, 97, 98, 99, 100, 101, 102, 103, 104, 107, 109, 110, 111, 112, 113, 114, 115, 116, 119, 121, 122, 123, 130, 131, 132, 133, 134, 141, 143, 144, 145, 146, 147, 148, 149, 150, 151, 154, 156, 157, 158, 159, 160, 161, 162, 163, 164], "summary": {"covered_lines": 103, "num_statements": 103, "percent_covered": 100.0, "percent_covered_display": "100", "missing_lines": 0, "excluded_lines": 0, "percent_statements_covered": 100.0, "percent_statements_covered_display": "100"}, "missing_lines": [], "excluded_lines": [], "start_line": 1}}}, "src/routes/__init__.py": {"executed_lines": [], "summary": {"covered_lines": 0, "num_statements": 0, "percent_covered": 100.0, "percent_covered_display": "100", "missing_lines": 0, "excluded_lines": 0, "percent_statements_covered": 100.0, "percent_statements_covered_display": "100"}, "missing_lines": [], "excluded_lines": [], "functions": {"": {"executed_lines": [], "summary": {"covered_lines": 0, "num_statements": 0, "percent_covered": 100.0, "percent_covered_display": "100", "missing_lines": 0, "excluded_lines": 0, "percent_statements_covered": 100.0, "percent_statements_covered_display": "100"}, "missing_lines": [], "excluded_lines": [], "start_line": 1}}, "classes": {"": {"executed_lines": [], "summary": {"covered_lines": 0, "num_statements": 0, "percent_covered": 100.0, "percent_covered_display": "100", "missing_lines": 0, "excluded_lines": 0, "percent_statements_covered": 100.0, "percent_statements_covered_display": "100"}, "missing_lines": [], "excluded_lines": [], "start_line": 1}}}, "src/routes/fortune.py": {"executed_lines": [7, 8, 9, 10, 12, 13, 14, 16, 18, 20, 27, 60, 68, 98, 113, 118], "summary": {"covered_lines": 16, "num_statements": 53, "percent_covered": 30.18867924528302, "percent_covered_display": "30", "missing_lines": 37, "excluded_lines": 0, "percent_statements_covered": 30.18867924528302, "percent_statements_covered_display": "30"}, "missing_lines": [100, 101, 102, 103, 104, 105, 106, 107, 108, 109, 110, 130, 131, 132, 133, 134, 136, 137, 138, 141, 142, 143, 144, 146, 149, 150, 151, 152, 154, 155, 158, 159, 162, 163, 166, 167, 169], "excluded_lines": [], "functions": {"_get_element_relation": {"executed_lines": [], "summary": {"covered_lines": 0, "num_statements": 11, "percent_covered": 0.0, "percent_covered_display": "0", "missing_lines": 11, "excluded_lines": 0, "percent_statements_covered": 0.0, "percent_statements_covered_display": "0"}, "missing_lines": [100, 101, 102, 103, 104, 105, 106, 107, 108, 109, 110], "excluded_lines": [], "start_line": 98}, "get_daily_fortune": {"executed_lines": [], "summary": {"covered_lines": 0, "num_statements": 26, "percent_covered": 0.0, "percent_covered_display": "0", "missing_lines": 26, "excluded_lines": 0, "percent_statements_covered": 0.0, "percent_statements_covered_display": "0"}, "missing_lines": [130, 131, 132, 133, 134, 136, 137, 138, 141, 142, 143, 144, 146, 149, 150, 151, 152, 154, 155, 158, 159, 162, 163, 166, 167, 169], "excluded_lines": [], "start_line": 118}, "": {"executed_lines": [7, 8, 9, 10, 12, 13, 14, 16, 18, 20, 27, 60, 68, 98, 113, 118], "summary": {"covered_lines": 16, "num_statements": 16, "percent_covered": 100.0, "percent_covered_display": "100", "missing_lines": 0, "excluded_lines": 0, "percent_statements_covered": 100.0, "percent_statements_covered_display": "100"}, "missing_lines": [], "excluded_lines": [], "start_line": 1}}, "classes": {"": {"executed_lines": [7, 8, 9, 10, 12, 13, 14, 16, 18, 20, 27, 60, 68, 98, 113, 118], "summary": {"covered_lines": 16, "num_statements": 53, "percent_covered": 30.18867924528302, "percent_covered_display": "30", "missing_lines": 37, "excluded_lines": 0, "percent_statements_covered": 30.18867924528302, "percent_statements_covered_display": "30"}, "missing_lines": [100, 101, 102, 103, 104, 105, 106, 107, 108, 109, 110, 130, 131, 132, 133, 134, 136, 137, 138, 141, 142, 143, 144, 146, 149, 150, 151, 152, 154, 155, 158, 159, 162, 163, 166, 167, 169], "excluded_lines": [], "start_line": 1}}}, "src/routes/saju.py": {"executed_lines": [8, 9, 10, 11, 13, 14, 16, 23, 31, 33, 43, 44, 45, 48, 87, 104, 116, 131, 136, 147, 148, 149, 150, 182, 187, 189, 190, 191, 192], "summary": {"covered_lines": 29, "num_statements": 77, "percent_covered": 37.66233766233766, "percent_covered_display": "38", "missing_lines": 48, "excluded_lines": 0, "percent_statements_covered": 37.66233766233766, "percent_statements_covered_display": "38"}, "missing_lines": [89, 90, 96, 97, 98, 99, 100, 101, 106, 107, 118, 119, 120, 153, 154, 155, 156, 157, 158, 159, 160, 162, 163, 164, 165, 167, 168, 169, 170, 172, 194, 195, 196, 197, 198, 206, 207, 208, 209, 214, 215, 219, 220, 223, 224, 225, 226, 231], "excluded_lines": [], "functions": {"_calc_element_scores": {"executed_lines": [], "summary": {"covered_lines": 0, "num_statements": 8, "percent_covered": 0.0, "percent_covered_display": "0", "missing_lines": 8, "excluded_lines": 0, "percent_statements_covered": 0.0, "percent_statements_covered_display": "0"}, "missing_lines": [89, 90, 96, 97, 98, 99, 100, 101], "excluded_lines": [], "start_line": 87}, "_assess_strength": {"executed_lines": [], "summary": {"covered_lines": 0, "num_statements": 2, "percent_covered": 0.0, "percent_covered_display": "0", "missing_lines": 2, "excluded_lines": 0, "percent_statements_covered": 0.0, "percent_statements_covered_display": "0"}, "missing_lines": [106, 107], "excluded_lines": [], "start_line": 104}, "_get_personality": {"executed_lines": [], "summary": {"covered_lines": 0, "num_statements": 3, "percent_covered": 0.0, "percent_covered_display": "0", "missing_lines": 3, "excluded_lines": 0, "percent_statements_covered": 0.0, "percent_statements_covered_display": "0"}, "missing_lines": [118, 119, 120], "excluded_lines": [], "start_line": 116}, "get_saju_endpoint": {"executed_lines": [147, 148, 149, 150], "summary": {"covered_lines": 4, "num_statements": 21, "percent_covered": 19.047619047619047, "percent_covered_display": "19", "missing_lines": 17, "excluded_lines": 0, "percent_statements_covered": 19.047619047619047, "percent_statements_covered_display": "19"}, "missing_lines": [153, 154, 155, 156, 157, 158, 159, 160, 162, 163, 164, 165, 167, 168, 169, 170, 172], "excluded_lines": [], "start_line": 136}, "analyze_saju": {"executed_lines": [189, 190, 191, 192], "summary": {"covered_lines": 4, "num_statements": 22, "percent_covered": 18.181818181818183, "percent_covered_display": "18", "missing_lines": 18, "excluded_lines": 0, "percent_statements_covered": 18.181818181818183, "percent_statements_covered_display": "18"}, "missing_lines": [194, 195, 196, 197, 198, 206, 207, 208, 209, 214, 215, 219, 220, 223, 224, 225, 226, 231], "excluded_lines": [], "start_line": 187}, "": {"executed_lines": [8, 9, 10, 11, 13, 14, 16, 23, 31, 33, 43, 44, 45, 48, 87, 104, 116, 131, 136, 182, 187], "summary": {"covered_lines": 21, "num_statements": 21, "percent_covered": 100.0, "percent_covered_display": "100", "missing_lines": 0, "excluded_lines": 0, "percent_statements_covered": 100.0, "percent_statements_covered_display": "100"}, "missing_lines": [], "excluded_lines": [], "start_line": 1}}, "classes": {"": {"executed_lines": [8, 9, 10, 11, 13, 14, 16, 23, 31, 33, 43, 44, 45, 48, 87, 104, 116, 131, 136, 147, 148, 149, 150, 182, 187, 189, 190, 191, 192], "summary": {"covered_lines": 29, "num_statements": 77, "percent_covered": 37.66233766233766, "percent_covered_display": "38", "missing_lines": 48, "excluded_lines": 0, "percent_statements_covered": 37.66233766233766, "percent_statements_covered_display": "38"}, "missing_lines": [89, 90, 96, 97, 98, 99, 100, 101, 106, 107, 118, 119, 120, 153, 154, 155, 156, 157, 158, 159, 160, 162, 163, 164, 165, 167, 168, 169, 170, 172, 194, 195, 196, 197, 198, 206, 207, 208, 209, 214, 215, 219, 220, 223, 224, 225, 226, 231], "excluded_lines": [], "start_line": 1}}}, "src/services/ai_insight.py": {"executed_lines": [8, 9, 10, 11, 15, 18, 27, 30, 48, 55, 62, 68, 101, 104, 114, 131, 148], "summary": {"covered_lines": 17, "num_statements": 55, "percent_covered": 30.90909090909091, "percent_covered_display": "31", "missing_lines": 38, "excluded_lines": 0, "percent_statements_covered": 30.90909090909091, "percent_statements_covered_display": "31"}, "missing_lines": [22, 23, 24, 33, 34, 35, 36, 40, 44, 106, 108, 109, 110, 111, 119, 128, 141, 142, 143, 159, 162, 163, 164, 176, 179, 181, 182, 190, 192, 194, 199, 200, 206, 207, 209, 211, 212, 213], "excluded_lines": [], "functions": {"_get_semaphore": {"executed_lines": [], "summary": {"covered_lines": 0, "num_statements": 3, "percent_covered": 0.0, "percent_covered_display": "0", "missing_lines": 3, "excluded_lines": 0, "percent_statements_covered": 0.0, "percent_statements_covered_display": "0"}, "missing_lines": [22, 23, 24], "excluded_lines": [], "start_line": 18}, "_get_client": {"executed_lines": [], "summary": {"covered_lines": 0, "num_statements": 6, "percent_covered": 0.0, "percent_covered_display": "0", "missing_lines": 6, "excluded_lines": 0, "percent_statements_covered": 0.0, "percent_statements_covered_display": "0"}, "missing_lines": [33, 34, 35, 36, 40, 44], "excluded_lines": [], "start_line": 30}, "check_crisis_keywords": {"executed_lines": [], "summary": {"covered_lines": 0, "num_statements": 5, "percent_covered": 0.0, "percent_covered_display": "0", "missing_lines": 5, "excluded_lines": 0, "percent_statements_covered": 0.0, "percent_statements_covered_display": "0"}, "missing_lines": [106, 108, 109, 110, 111], "excluded_lines": [], "start_line": 104}, "_safe_saju_summary": {"executed_lines": [], "summary": {"covered_lines": 0, "num_statements": 2, "percent_covered": 0.0, "percent_covered_display": "0", "missing_lines": 2, "excluded_lines": 0, "percent_statements_covered": 0.0, "percent_statements_covered_display": "0"}, "missing_lines": [119, 128], "excluded_lines": [], "start_line": 114}, "generate_daily_insight_async": {"executed_lines": [], "summary": {"covered_lines": 0, "num_statements": 3, "percent_covered": 0.0, "percent_covered_display": "0", "missing_lines": 3, "excluded_lines": 0, "percent_statements_covered": 0.0, "percent_statements_covered_display": "0"}, "missing_lines": [141, 142, 143], "excluded_lines": [], "start_line": 131}, "generate_daily_insight": {"executed_lines": [], "summary": {"covered_lines": 0, "num_statements": 19, "percent_covered": 0.0, "percent_covered_display": "0", "missing_lines": 19, "excluded_lines": 0, "percent_statements_covered": 0.0, "percent_statements_covered_display": "0"}, "missing_lines": [159, 162, 163, 164, 176, 179, 181, 182, 190, 192, 194, 199, 200, 206, 207, 209, 211, 212, 213], "excluded_lines": [], "start_line": 148}, "": {"executed_lines": [8, 9, 10, 11, 15, 18, 27, 30, 48, 55, 62, 68, 101, 104, 114, 131, 148], "summary": {"covered_lines": 17, "num_statements": 17, "percent_covered": 100.0, "percent_covered_display": "100", "missing_lines": 0, "excluded_lines": 0, "percent_statements_covered": 100.0, "percent_statements_covered_display": "100"}, "missing_lines": [], "excluded_lines": [], "start_line": 1}}, "classes": {"": {"executed_lines": [8, 9, 10, 11, 15, 18, 27, 30, 48, 55, 62, 68, 101, 104, 114, 131, 148], "summary": {"covered_lines": 17, "num_statements": 55, "percent_covered": 30.90909090909091, "percent_covered_display": "31", "missing_lines": 38, "excluded_lines": 0, "percent_statements_covered": 30.90909090909091, "percent_statements_covered_display": "31"}, "missing_lines": [22, 23, 24, 33, 34, 35, 36, 40, 44, 106, 108, 109, 110, 111, 119, 128, 141, 142, 143, 159, 162, 163, 164, 176, 179, 181, 182, 190, 192, 194, 199, 200, 206, 207, 209, 211, 212, 213], "excluded_lines": [], "start_line": 1}}}, "src/services/llm_interpreter.py": {"executed_lines": [8, 9, 10, 11, 12, 17, 28, 40, 41, 42, 43, 44, 45, 47, 52, 57, 58, 61, 62, 65, 68, 78, 98, 108, 174, 225, 280, 318, 356, 398], "summary": {"covered_lines": 30, "num_statements": 153, "percent_covered": 19.607843137254903, "percent_covered_display": "20", "missing_lines": 123, "excluded_lines": 0, "percent_statements_covered": 19.607843137254903, "percent_statements_covered_display": "20"}, "missing_lines": [34, 35, 36, 38, 70, 71, 72, 73, 74, 75, 87, 88, 90, 92, 93, 94, 95, 100, 101, 102, 103, 104, 105, 128, 129, 132, 135, 136, 138, 139, 147, 148, 149, 157, 158, 164, 165, 184, 185, 186, 187, 189, 190, 198, 199, 200, 208, 209, 215, 216, 236, 237, 238, 239, 241, 242, 250, 251, 252, 260, 261, 267, 268, 282, 287, 288, 289, 292, 293, 294, 295, 296, 297, 298, 299, 300, 301, 304, 305, 306, 307, 308, 309, 310, 311, 312, 313, 315, 320, 321, 322, 323, 325, 326, 327, 328, 329, 331, 332, 342, 343, 349, 358, 359, 360, 361, 362, 364, 365, 366, 367, 369, 370, 378, 379, 388, 406, 407, 409, 410, 417, 418, 425], "excluded_lines": [], "functions": {"sanitize_user_input": {"executed_lines": [], "summary": {"covered_lines": 0, "num_statements": 4, "percent_covered": 0.0, "percent_covered_display": "0", "missing_lines": 4, "excluded_lines": 0, "percent_statements_covered": 0.0, "percent_statements_covered_display": "0"}, "missing_lines": [34, 35, 36, 38], "excluded_lines": [], "start_line": 28}, "get_client": {"executed_lines": [], "summary": {"covered_lines": 0, "num_statements": 6, "percent_covered": 0.0, "percent_covered_display": "0", "missing_lines": 6, "excluded_lines": 0, "percent_statements_covered": 0.0, "percent_statements_covered_display": "0"}, "missing_lines": [70, 71, 72, 73, 74, 75], "excluded_lines": [], "start_line": 68}, "load_prompt": {"executed_lines": [], "summary": {"covered_lines": 0, "num_statements": 7, "percent_covered": 0.0, "percent_covered_display": "0", "missing_lines": 7, "excluded_lines": 0, "percent_statements_covered": 0.0, "percent_statements_covered_display": "0"}, "missing_lines": [87, 88, 90, 92, 93, 94, 95], "excluded_lines": [], "start_line": 78}, "load_i18n": {"executed_lines": [], "summary": {"covered_lines": 0, "num_statements": 6, "percent_covered": 0.0, "percent_covered_display": "0", "missing_lines": 6, "excluded_lines": 0, "percent_statements_covered": 0.0, "percent_statements_covered_display": "0"}, "missing_lines": [100, 101, 102, 103, 104, 105], "excluded_lines": [], "start_line": 98}, "interpret_bazi": {"executed_lines": [], "summary": {"covered_lines": 0, "num_statements": 14, "percent_covered": 0.0, "percent_covered_display": "0", "missing_lines": 14, "excluded_lines": 0, "percent_statements_covered": 0.0, "percent_statements_covered_display": "0"}, "missing_lines": [128, 129, 132, 135, 136, 138, 139, 147, 148, 149, 157, 158, 164, 165], "excluded_lines": [], "start_line": 108}, "interpret_astrology": {"executed_lines": [], "summary": {"covered_lines": 0, "num_statements": 13, "percent_covered": 0.0, "percent_covered_display": "0", "missing_lines": 13, "excluded_lines": 0, "percent_statements_covered": 0.0, "percent_statements_covered_display": "0"}, "missing_lines": [184, 185, 186, 187, 189, 190, 198, 199, 200, 208, 209, 215, 216], "excluded_lines": [], "start_line": 174}, "interpret_integrated": {"executed_lines": [], "summary": {"covered_lines": 0, "num_statements": 13, "percent_covered": 0.0, "percent_covered_display": "0", "missing_lines": 13, "excluded_lines": 0, "percent_statements_covered": 0.0, "percent_statements_covered_display": "0"}, "missing_lines": [236, 237, 238, 239, 241, 242, 250, 251, 252, 260, 261, 267, 268], "excluded_lines": [], "start_line": 225}, "_extract_system_prompt": {"executed_lines": [], "summary": {"covered_lines": 0, "num_statements": 25, "percent_covered": 0.0, "percent_covered_display": "0", "missing_lines": 25, "excluded_lines": 0, "percent_statements_covered": 0.0, "percent_statements_covered_display": "0"}, "missing_lines": [282, 287, 288, 289, 292, 293, 294, 295, 296, 297, 298, 299, 300, 301, 304, 305, 306, 307, 308, 309, 310, 311, 312, 313, 315], "excluded_lines": [], "start_line": 280}, "_format_bazi_user_msg": {"executed_lines": [], "summary": {"covered_lines": 0, "num_statements": 14, "percent_covered": 0.0, "percent_covered_display": "0", "missing_lines": 14, "excluded_lines": 0, "percent_statements_covered": 0.0, "percent_statements_covered_display": "0"}, "missing_lines": [320, 321, 322, 323, 325, 326, 327, 328, 329, 331, 332, 342, 343, 349], "excluded_lines": [], "start_line": 318}, "_format_astrology_user_msg": {"executed_lines": [], "summary": {"covered_lines": 0, "num_statements": 14, "percent_covered": 0.0, "percent_covered_display": "0", "missing_lines": 14, "excluded_lines": 0, "percent_statements_covered": 0.0, "percent_statements_covered_display": "0"}, "missing_lines": [358, 359, 360, 361, 362, 364, 365, 366, 367, 369, 370, 378, 379, 388], "excluded_lines": [], "start_line": 356}, "_format_integrated_user_msg": {"executed_lines": [], "summary": {"covered_lines": 0, "num_statements": 7, "percent_covered": 0.0, "percent_covered_display": "0", "missing_lines": 7, "excluded_lines": 0, "percent_statements_covered": 0.0, "percent_statements_covered_display": "0"}, "missing_lines": [406, 407, 409, 410, 417, 418, 425], "excluded_lines": [], "start_line": 398}, "": {"executed_lines": [8, 9, 10, 11, 12, 17, 28, 40, 41, 42, 43, 44, 45, 47, 52, 57, 58, 61, 62, 65, 68, 78, 98, 108, 174, 225, 280, 318, 356, 398], "summary": {"covered_lines": 30, "num_statements": 30, "percent_covered": 100.0, "percent_covered_display": "100", "missing_lines": 0, "excluded_lines": 0, "percent_statements_covered": 100.0, "percent_statements_covered_display": "100"}, "missing_lines": [], "excluded_lines": [], "start_line": 1}}, "classes": {"": {"executed_lines": [8, 9, 10, 11, 12, 17, 28, 40, 41, 42, 43, 44, 45, 47, 52, 57, 58, 61, 62, 65, 68, 78, 98, 108, 174, 225, 280, 318, 356, 398], "summary": {"covered_lines": 30, "num_statements": 153, "percent_covered": 19.607843137254903, "percent_covered_display": "20", "missing_lines": 123, "excluded_lines": 0, "percent_statements_covered": 19.607843137254903, "percent_statements_covered_display": "20"}, "missing_lines": [34, 35, 36, 38, 70, 71, 72, 73, 74, 75, 87, 88, 90, 92, 93, 94, 95, 100, 101, 102, 103, 104, 105, 128, 129, 132, 135, 136, 138, 139, 147, 148, 149, 157, 158, 164, 165, 184, 185, 186, 187, 189, 190, 198, 199, 200, 208, 209, 215, 216, 236, 237, 238, 239, 241, 242, 250, 251, 252, 260, 261, 267, 268, 282, 287, 288, 289, 292, 293, 294, 295, 296, 297, 298, 299, 300, 301, 304, 305, 306, 307, 308, 309, 310, 311, 312, 313, 315, 320, 321, 322, 323, 325, 326, 327, 328, 329, 331, 332, 342, 343, 349, 358, 359, 360, 361, 362, 364, 365, 366, 367, 369, 370, 378, 379, 388, 406, 407, 409, 410, 417, 418, 425], "excluded_lines": [], "start_line": 1}}}}, "totals": {"covered_lines": 1020, "num_statements": 2197, "percent_covered": 46.42694583522986, "percent_covered_display": "46", "missing_lines": 1177, "excluded_lines": 0, "percent_statements_covered": 46.42694583522986, "percent_statements_covered_display": "46"}}