{"meta": {"format": 3, "version": "7.14.0", "timestamp": "2026-06-04T09:39:24.707262", "branch_coverage": false, "show_contexts": false}, "files": {"ai_interpreter.py": {"executed_lines": [17, 18, 25, 69, 147, 172, 174, 175, 177, 198, 199, 200, 202, 209, 236, 246, 247, 248, 249, 250, 256, 257, 258, 259, 260, 261, 262, 263, 265, 277], "summary": {"covered_lines": 30, "num_statements": 46, "percent_covered": 65.21739130434783, "percent_covered_display": "65", "missing_lines": 16, "excluded_lines": 0, "percent_statements_covered": 65.21739130434783, "percent_statements_covered_display": "65"}, "missing_lines": [279, 280, 281, 283, 284, 286, 287, 296, 297, 298, 299, 301, 302, 303, 312, 313], "excluded_lines": [], "functions": {"build_prompts": {"executed_lines": [172, 174, 177, 198, 199, 200, 202], "summary": {"covered_lines": 7, "num_statements": 7, "percent_covered": 100.0, "percent_covered_display": "100", "missing_lines": 0, "excluded_lines": 0, "percent_statements_covered": 100.0, "percent_statements_covered_display": "100"}, "missing_lines": [], "excluded_lines": [], "start_line": 147}, "build_prompts.el": {"executed_lines": [175], "summary": {"covered_lines": 1, "num_statements": 1, "percent_covered": 100.0, "percent_covered_display": "100", "missing_lines": 0, "excluded_lines": 0, "percent_statements_covered": 100.0, "percent_statements_covered_display": "100"}, "missing_lines": [], "excluded_lines": [], "start_line": 174}, "interpret_saju": {"executed_lines": [236, 246, 247, 248, 249, 250, 256, 257, 258, 259, 260, 261, 262, 263, 265], "summary": {"covered_lines": 15, "num_statements": 15, "percent_covered": 100.0, "percent_covered_display": "100", "missing_lines": 0, "excluded_lines": 0, "percent_statements_covered": 100.0, "percent_statements_covered_display": "100"}, "missing_lines": [], "excluded_lines": [], "start_line": 209}, "": {"executed_lines": [17, 18, 25, 69, 147, 209, 277], "summary": {"covered_lines": 7, "num_statements": 23, "percent_covered": 30.434782608695652, "percent_covered_display": "30", "missing_lines": 16, "excluded_lines": 0, "percent_statements_covered": 30.434782608695652, "percent_statements_covered_display": "30"}, "missing_lines": [279, 280, 281, 283, 284, 286, 287, 296, 297, 298, 299, 301, 302, 303, 312, 313], "excluded_lines": [], "start_line": 1}}, "classes": {"": {"executed_lines": [17, 18, 25, 69, 147, 172, 174, 175, 177, 198, 199, 200, 202, 209, 236, 246, 247, 248, 249, 250, 256, 257, 258, 259, 260, 261, 262, 263, 265, 277], "summary": {"covered_lines": 30, "num_statements": 46, "percent_covered": 65.21739130434783, "percent_covered_display": "65", "missing_lines": 16, "excluded_lines": 0, "percent_statements_covered": 65.21739130434783, "percent_statements_covered_display": "65"}, "missing_lines": [279, 280, 281, 283, 284, 286, 287, 296, 297, 298, 299, 301, 302, 303, 312, 313], "excluded_lines": [], "start_line": 1}}}, "app/__init__.py": {"executed_lines": [], "summary": {"covered_lines": 0, "num_statements": 0, "percent_covered": 100.0, "percent_covered_display": "100", "missing_lines": 0, "excluded_lines": 0, "percent_statements_covered": 100.0, "percent_statements_covered_display": "100"}, "missing_lines": [], "excluded_lines": [], "functions": {"": {"executed_lines": [], "summary": {"covered_lines": 0, "num_statements": 0, "percent_covered": 100.0, "percent_covered_display": "100", "missing_lines": 0, "excluded_lines": 0, "percent_statements_covered": 100.0, "percent_statements_covered_display": "100"}, "missing_lines": [], "excluded_lines": [], "start_line": 1}}, "classes": {"": {"executed_lines": [], "summary": {"covered_lines": 0, "num_statements": 0, "percent_covered": 100.0, "percent_covered_display": "100", "missing_lines": 0, "excluded_lines": 0, "percent_statements_covered": 100.0, "percent_statements_covered_display": "100"}, "missing_lines": [], "excluded_lines": [], "start_line": 1}}}, "app/i18n/__init__.py": {"executed_lines": [2, 4], "summary": {"covered_lines": 2, "num_statements": 2, "percent_covered": 100.0, "percent_covered_display": "100", "missing_lines": 0, "excluded_lines": 0, "percent_statements_covered": 100.0, "percent_statements_covered_display": "100"}, "missing_lines": [], "excluded_lines": [], "functions": {"": {"executed_lines": [2, 4], "summary": {"covered_lines": 2, "num_statements": 2, "percent_covered": 100.0, "percent_covered_display": "100", "missing_lines": 0, "excluded_lines": 0, "percent_statements_covered": 100.0, "percent_statements_covered_display": "100"}, "missing_lines": [], "excluded_lines": [], "start_line": 1}}, "classes": {"": {"executed_lines": [2, 4], "summary": {"covered_lines": 2, "num_statements": 2, "percent_covered": 100.0, "percent_covered_display": "100", "missing_lines": 0, "excluded_lines": 0, "percent_statements_covered": 100.0, "percent_statements_covered_display": "100"}, "missing_lines": [], "excluded_lines": [], "start_line": 1}}}, "app/i18n/i18n_utils.py": {"executed_lines": [8, 9, 10, 11, 12, 14, 15, 16, 19, 20, 22, 23, 24, 25, 26, 27, 28, 29, 32, 37, 38, 39, 40, 41, 44, 49, 50, 51, 52, 53, 54, 57, 58, 59, 61, 62, 63, 64, 67, 80, 81, 82, 83, 86, 87, 88, 89, 90, 92], "summary": {"covered_lines": 49, "num_statements": 50, "percent_covered": 98.0, "percent_covered_display": "98", "missing_lines": 1, "excluded_lines": 0, "percent_statements_covered": 98.0, "percent_statements_covered_display": "98"}, "missing_lines": [56], "excluded_lines": [], "functions": {"_load_i18n": {"executed_lines": [22, 23, 24, 25, 26, 27, 28, 29], "summary": {"covered_lines": 8, "num_statements": 8, "percent_covered": 100.0, "percent_covered_display": "100", "missing_lines": 0, "excluded_lines": 0, "percent_statements_covered": 100.0, "percent_statements_covered_display": "100"}, "missing_lines": [], "excluded_lines": [], "start_line": 20}, "get_i18n": {"executed_lines": [37, 38, 39, 40, 41], "summary": {"covered_lines": 5, "num_statements": 5, "percent_covered": 100.0, "percent_covered_display": "100", "missing_lines": 0, "excluded_lines": 0, "percent_statements_covered": 100.0, "percent_statements_covered_display": "100"}, "missing_lines": [], "excluded_lines": [], "start_line": 32}, "t": {"executed_lines": [49, 50, 51, 52, 53, 54, 57, 58, 59, 61, 62, 63, 64], "summary": {"covered_lines": 13, "num_statements": 14, "percent_covered": 92.85714285714286, "percent_covered_display": "93", "missing_lines": 1, "excluded_lines": 0, "percent_statements_covered": 92.85714285714286, "percent_statements_covered_display": "93"}, "missing_lines": [56], "excluded_lines": [], "start_line": 44}, "resolve_lang": {"executed_lines": [80, 81, 82, 83, 86, 87, 88, 89, 90, 92], "summary": {"covered_lines": 10, "num_statements": 10, "percent_covered": 100.0, "percent_covered_display": "100", "missing_lines": 0, "excluded_lines": 0, "percent_statements_covered": 100.0, "percent_statements_covered_display": "100"}, "missing_lines": [], "excluded_lines": [], "start_line": 67}, "": {"executed_lines": [8, 9, 10, 11, 12, 14, 15, 16, 19, 20, 32, 44, 67], "summary": {"covered_lines": 13, "num_statements": 13, "percent_covered": 100.0, "percent_covered_display": "100", "missing_lines": 0, "excluded_lines": 0, "percent_statements_covered": 100.0, "percent_statements_covered_display": "100"}, "missing_lines": [], "excluded_lines": [], "start_line": 1}}, "classes": {"": {"executed_lines": [8, 9, 10, 11, 12, 14, 15, 16, 19, 20, 22, 23, 24, 25, 26, 27, 28, 29, 32, 37, 38, 39, 40, 41, 44, 49, 50, 51, 52, 53, 54, 57, 58, 59, 61, 62, 63, 64, 67, 80, 81, 82, 83, 86, 87, 88, 89, 90, 92], "summary": {"covered_lines": 49, "num_statements": 50, "percent_covered": 98.0, "percent_covered_display": "98", "missing_lines": 1, "excluded_lines": 0, "percent_statements_covered": 98.0, "percent_statements_covered_display": "98"}, "missing_lines": [56], "excluded_lines": [], "start_line": 1}}}, "app/prompts/__init__.py": {"executed_lines": [], "summary": {"covered_lines": 0, "num_statements": 0, "percent_covered": 100.0, "percent_covered_display": "100", "missing_lines": 0, "excluded_lines": 0, "percent_statements_covered": 100.0, "percent_statements_covered_display": "100"}, "missing_lines": [], "excluded_lines": [], "functions": {"": {"executed_lines": [], "summary": {"covered_lines": 0, "num_statements": 0, "percent_covered": 100.0, "percent_covered_display": "100", "missing_lines": 0, "excluded_lines": 0, "percent_statements_covered": 100.0, "percent_statements_covered_display": "100"}, "missing_lines": [], "excluded_lines": [], "start_line": 1}}, "classes": {"": {"executed_lines": [], "summary": {"covered_lines": 0, "num_statements": 0, "percent_covered": 100.0, "percent_covered_display": "100", "missing_lines": 0, "excluded_lines": 0, "percent_statements_covered": 100.0, "percent_statements_covered_display": "100"}, "missing_lines": [], "excluded_lines": [], "start_line": 1}}}, "app/prompts/saju_prompt_template.py": {"executed_lines": [13, 14, 15, 16, 23, 24, 29, 30, 31, 32, 33, 34, 36, 37, 39, 40, 42, 43, 44, 45, 46, 48, 49, 50, 51, 52, 61, 62, 65, 66, 67, 68, 69, 70, 73, 74, 75, 76, 79, 80, 81, 84, 85, 86, 89, 90, 91, 92, 93, 94, 95, 98, 99, 100, 103, 104, 111, 137, 146, 155, 164, 175, 186, 187, 188, 190, 191, 192, 193, 195, 197, 205, 207, 225, 228, 230, 231, 232, 233, 234, 235, 237, 244, 247, 248, 249, 251, 253, 254, 259, 262, 274, 277, 279, 297, 300, 301, 303, 310, 311, 316, 319, 328, 331, 333, 351, 354, 356, 357, 359, 366, 369, 370, 375, 378, 390, 397, 413, 415, 417, 418, 420, 421, 424, 425, 426, 427, 430, 431, 432, 433, 436, 437, 438, 439, 440, 443, 444, 445, 446, 447, 448, 449, 450, 451, 452, 457, 458, 462, 494, 499, 501, 525, 526, 528, 529, 553, 554, 576], "summary": {"covered_lines": 159, "num_statements": 178, "percent_covered": 89.32584269662921, "percent_covered_display": "89", "missing_lines": 19, "excluded_lines": 0, "percent_statements_covered": 89.32584269662921, "percent_statements_covered_display": "89"}, "missing_lines": [53, 54, 226, 227, 229, 245, 260, 298, 299, 317, 352, 353, 355, 367, 376, 453, 454, 459, 460], "excluded_lines": [], "functions": {"FortuneResponseSchema.to_dict": {"executed_lines": [37], "summary": {"covered_lines": 1, "num_statements": 1, "percent_covered": 100.0, "percent_covered_display": "100", "missing_lines": 0, "excluded_lines": 0, "percent_statements_covered": 100.0, "percent_statements_covered_display": "100"}, "missing_lines": [], "excluded_lines": [], "start_line": 36}, "FortuneResponseSchema.to_json": {"executed_lines": [40], "summary": {"covered_lines": 1, "num_statements": 1, "percent_covered": 100.0, "percent_covered_display": "100", "missing_lines": 0, "excluded_lines": 0, "percent_statements_covered": 100.0, "percent_statements_covered_display": "100"}, "missing_lines": [], "excluded_lines": [], "start_line": 39}, "FortuneResponseSchema.from_dict": {"executed_lines": [44, 45, 46], "summary": {"covered_lines": 3, "num_statements": 3, "percent_covered": 100.0, "percent_covered_display": "100", "missing_lines": 0, "excluded_lines": 0, "percent_statements_covered": 100.0, "percent_statements_covered_display": "100"}, "missing_lines": [], "excluded_lines": [], "start_line": 43}, "FortuneResponseSchema.from_json": {"executed_lines": [50, 51, 52], "summary": {"covered_lines": 3, "num_statements": 5, "percent_covered": 60.0, "percent_covered_display": "60", "missing_lines": 2, "excluded_lines": 0, "percent_statements_covered": 60.0, "percent_statements_covered_display": "60"}, "missing_lines": [53, 54], "excluded_lines": [], "start_line": 49}, "build_saju_prompt": {"executed_lines": [186, 187, 188, 190, 191, 192, 193, 195, 197], "summary": {"covered_lines": 9, "num_statements": 9, "percent_covered": 100.0, "percent_covered_display": "100", "missing_lines": 0, "excluded_lines": 0, "percent_statements_covered": 100.0, "percent_statements_covered_display": "100"}, "missing_lines": [], "excluded_lines": [], "start_line": 175}, "_build_user_prompt_ko": {"executed_lines": [207, 225, 228, 230, 231, 232, 233, 234, 235, 237, 244, 247, 248, 249, 251, 253, 254, 259, 262, 274], "summary": {"covered_lines": 20, "num_statements": 25, "percent_covered": 80.0, "percent_covered_display": "80", "missing_lines": 5, "excluded_lines": 0, "percent_statements_covered": 80.0, "percent_statements_covered_display": "80"}, "missing_lines": [226, 227, 229, 245, 260], "excluded_lines": [], "start_line": 205}, "_build_user_prompt_ja": {"executed_lines": [279, 297, 300, 301, 303, 310, 311, 316, 319, 328], "summary": {"covered_lines": 10, "num_statements": 13, "percent_covered": 76.92307692307692, "percent_covered_display": "77", "missing_lines": 3, "excluded_lines": 0, "percent_statements_covered": 76.92307692307692, "percent_statements_covered_display": "77"}, "missing_lines": [298, 299, 317], "excluded_lines": [], "start_line": 277}, "_build_user_prompt_en": {"executed_lines": [333, 351, 354, 356, 357, 359, 366, 369, 370, 375, 378, 390], "summary": {"covered_lines": 12, "num_statements": 17, "percent_covered": 70.58823529411765, "percent_covered_display": "71", "missing_lines": 5, "excluded_lines": 0, "percent_statements_covered": 70.58823529411765, "percent_statements_covered_display": "71"}, "missing_lines": [352, 353, 355, 367, 376], "excluded_lines": [], "start_line": 331}, "build_context_from_saju_result": {"executed_lines": [413, 415, 417, 420, 424, 425, 426, 427, 430, 431, 432, 433, 436, 437, 438, 439, 440, 443, 444, 445, 446, 447, 448, 449, 450, 451, 452, 457, 458, 462], "summary": {"covered_lines": 30, "num_statements": 34, "percent_covered": 88.23529411764706, "percent_covered_display": "88", "missing_lines": 4, "excluded_lines": 0, "percent_statements_covered": 88.23529411764706, "percent_statements_covered_display": "88"}, "missing_lines": [453, 454, 459, 460], "excluded_lines": [], "start_line": 397}, "build_context_from_saju_result._glyph": {"executed_lines": [418], "summary": {"covered_lines": 1, "num_statements": 1, "percent_covered": 100.0, "percent_covered_display": "100", "missing_lines": 0, "excluded_lines": 0, "percent_statements_covered": 100.0, "percent_statements_covered_display": "100"}, "missing_lines": [], "excluded_lines": [], "start_line": 417}, "build_context_from_saju_result._element_ko": {"executed_lines": [421], "summary": {"covered_lines": 1, "num_statements": 1, "percent_covered": 100.0, "percent_covered_display": "100", "missing_lines": 0, "excluded_lines": 0, "percent_statements_covered": 100.0, "percent_statements_covered_display": "100"}, "missing_lines": [], "excluded_lines": [], "start_line": 420}, "make_rule_based_response": {"executed_lines": [499, 501, 525, 526, 528, 529, 553, 554, 576], "summary": {"covered_lines": 9, "num_statements": 9, "percent_covered": 100.0, "percent_covered_display": "100", "missing_lines": 0, "excluded_lines": 0, "percent_statements_covered": 100.0, "percent_statements_covered_display": "100"}, "missing_lines": [], "excluded_lines": [], "start_line": 494}, "": {"executed_lines": [13, 14, 15, 16, 23, 24, 29, 30, 31, 32, 33, 34, 36, 39, 42, 43, 48, 49, 61, 62, 65, 66, 67, 68, 69, 70, 73, 74, 75, 76, 79, 80, 81, 84, 85, 86, 89, 90, 91, 92, 93, 94, 95, 98, 99, 100, 103, 104, 111, 137, 146, 155, 164, 175, 205, 277, 331, 397, 494], "summary": {"covered_lines": 59, "num_statements": 59, "percent_covered": 100.0, "percent_covered_display": "100", "missing_lines": 0, "excluded_lines": 0, "percent_statements_covered": 100.0, "percent_statements_covered_display": "100"}, "missing_lines": [], "excluded_lines": [], "start_line": 1}}, "classes": {"FortuneResponseSchema": {"executed_lines": [37, 40, 44, 45, 46, 50, 51, 52], "summary": {"covered_lines": 8, "num_statements": 10, "percent_covered": 80.0, "percent_covered_display": "80", "missing_lines": 2, "excluded_lines": 0, "percent_statements_covered": 80.0, "percent_statements_covered_display": "80"}, "missing_lines": [53, 54], "excluded_lines": [], "start_line": 24}, "SajuPromptContext": {"executed_lines": [], "summary": {"covered_lines": 0, "num_statements": 0, "percent_covered": 100.0, "percent_covered_display": "100", "missing_lines": 0, "excluded_lines": 0, "percent_statements_covered": 100.0, "percent_statements_covered_display": "100"}, "missing_lines": [], "excluded_lines": [], "start_line": 62}, "": {"executed_lines": [13, 14, 15, 16, 23, 24, 29, 30, 31, 32, 33, 34, 36, 39, 42, 43, 48, 49, 61, 62, 65, 66, 67, 68, 69, 70, 73, 74, 75, 76, 79, 80, 81, 84, 85, 86, 89, 90, 91, 92, 93, 94, 95, 98, 99, 100, 103, 104, 111, 137, 146, 155, 164, 175, 186, 187, 188, 190, 191, 192, 193, 195, 197, 205, 207, 225, 228, 230, 231, 232, 233, 234, 235, 237, 244, 247, 248, 249, 251, 253, 254, 259, 262, 274, 277, 279, 297, 300, 301, 303, 310, 311, 316, 319, 328, 331, 333, 351, 354, 356, 357, 359, 366, 369, 370, 375, 378, 390, 397, 413, 415, 417, 418, 420, 421, 424, 425, 426, 427, 430, 431, 432, 433, 436, 437, 438, 439, 440, 443, 444, 445, 446, 447, 448, 449, 450, 451, 452, 457, 458, 462, 494, 499, 501, 525, 526, 528, 529, 553, 554, 576], "summary": {"covered_lines": 151, "num_statements": 168, "percent_covered": 89.88095238095238, "percent_covered_display": "90", "missing_lines": 17, "excluded_lines": 0, "percent_statements_covered": 89.88095238095238, "percent_statements_covered_display": "90"}, "missing_lines": [226, 227, 229, 245, 260, 298, 299, 317, 352, 353, 355, 367, 376, 453, 454, 459, 460], "excluded_lines": [], "start_line": 1}}}, "locustfile.py": {"executed_lines": [], "summary": {"covered_lines": 0, "num_statements": 15, "percent_covered": 0.0, "percent_covered_display": "0", "missing_lines": 15, "excluded_lines": 0, "percent_statements_covered": 0.0, "percent_statements_covered_display": "0"}, "missing_lines": [1, 3, 4, 6, 7, 8, 10, 11, 12, 14, 15, 16, 27, 28, 29], "excluded_lines": [], "functions": {"SajuUser.saju_calculate": {"executed_lines": [], "summary": {"covered_lines": 0, "num_statements": 1, "percent_covered": 0.0, "percent_covered_display": "0", "missing_lines": 1, "excluded_lines": 0, "percent_statements_covered": 0.0, "percent_statements_covered_display": "0"}, "missing_lines": [8], "excluded_lines": [], "start_line": 7}, "SajuUser.fortune_daily": {"executed_lines": [], "summary": {"covered_lines": 0, "num_statements": 1, "percent_covered": 0.0, "percent_covered_display": "0", "missing_lines": 1, "excluded_lines": 0, "percent_statements_covered": 0.0, "percent_statements_covered_display": "0"}, "missing_lines": [12], "excluded_lines": [], "start_line": 11}, "SajuUser.saju_analyze": {"executed_lines": [], "summary": {"covered_lines": 0, "num_statements": 1, "percent_covered": 0.0, "percent_covered_display": "0", "missing_lines": 1, "excluded_lines": 0, "percent_statements_covered": 0.0, "percent_statements_covered_display": "0"}, "missing_lines": [16], "excluded_lines": [], "start_line": 15}, "SajuUser.health": {"executed_lines": [], "summary": {"covered_lines": 0, "num_statements": 1, "percent_covered": 0.0, "percent_covered_display": "0", "missing_lines": 1, "excluded_lines": 0, "percent_statements_covered": 0.0, "percent_statements_covered_display": "0"}, "missing_lines": [29], "excluded_lines": [], "start_line": 28}, "": {"executed_lines": [], "summary": {"covered_lines": 0, "num_statements": 11, "percent_covered": 0.0, "percent_covered_display": "0", "missing_lines": 11, "excluded_lines": 0, "percent_statements_covered": 0.0, "percent_statements_covered_display": "0"}, "missing_lines": [1, 3, 4, 6, 7, 10, 11, 14, 15, 27, 28], "excluded_lines": [], "start_line": 1}}, "classes": {"SajuUser": {"executed_lines": [], "summary": {"covered_lines": 0, "num_statements": 4, "percent_covered": 0.0, "percent_covered_display": "0", "missing_lines": 4, "excluded_lines": 0, "percent_statements_covered": 0.0, "percent_statements_covered_display": "0"}, "missing_lines": [8, 12, 16, 29], "excluded_lines": [], "start_line": 3}, "": {"executed_lines": [], "summary": {"covered_lines": 0, "num_statements": 11, "percent_covered": 0.0, "percent_covered_display": "0", "missing_lines": 11, "excluded_lines": 0, "percent_statements_covered": 0.0, "percent_statements_covered_display": "0"}, "missing_lines": [1, 3, 4, 6, 7, 10, 11, 14, 15, 27, 28], "excluded_lines": [], "start_line": 1}}}, "saju_engine.py": {"executed_lines": [9, 10, 11, 12, 19, 20, 21, 22, 25, 26, 28, 29, 32, 33, 34, 37, 45, 46, 47, 48, 58, 62, 63, 70, 71, 72, 73, 75, 76, 77, 79, 80, 81, 83, 84, 85, 87, 88, 89, 91, 92, 93, 100, 101, 104, 105, 106, 107, 108, 109, 111, 112, 113, 115, 116, 117, 119, 120, 121, 123, 124, 139, 141, 142, 143, 145, 146, 148, 151, 153, 154, 155, 156, 157, 158, 159, 160, 161, 162, 163, 164, 165, 173, 177, 178, 179, 180, 183, 184, 185, 186, 193, 213, 214, 215, 216, 217, 218, 219, 220, 221, 222, 228, 231, 232, 233, 234, 235, 236, 242, 243, 251, 252, 265, 267, 268, 269, 270, 271, 272, 277, 278, 285, 293, 306, 315, 316, 317, 318, 319, 320, 321, 322, 325, 340, 341, 342, 343, 344, 345, 347, 366, 374, 390, 404, 405, 406, 408, 409, 410, 411, 412, 413, 414, 415, 416, 417, 418, 419, 426, 427, 428, 429, 431, 432, 433, 434, 435, 436, 437, 438, 439, 441, 443, 457, 831, 844, 845, 846, 847, 848, 856], "summary": {"covered_lines": 182, "num_statements": 218, "percent_covered": 83.4862385321101, "percent_covered_display": "83", "missing_lines": 36, "excluded_lines": 0, "percent_statements_covered": 83.4862385321101, "percent_statements_covered_display": "83"}, "missing_lines": [859, 860, 861, 862, 863, 864, 865, 866, 868, 869, 870, 871, 872, 873, 874, 876, 877, 878, 879, 881, 882, 883, 884, 885, 886, 887, 889, 890, 891, 892, 893, 894, 895, 896, 897, 899], "excluded_lines": [], "functions": {"Pillar.stem": {"executed_lines": [77], "summary": {"covered_lines": 1, "num_statements": 1, "percent_covered": 100.0, "percent_covered_display": "100", "missing_lines": 0, "excluded_lines": 0, "percent_statements_covered": 100.0, "percent_statements_covered_display": "100"}, "missing_lines": [], "excluded_lines": [], "start_line": 76}, "Pillar.branch": {"executed_lines": [81], "summary": {"covered_lines": 1, "num_statements": 1, "percent_covered": 100.0, "percent_covered_display": "100", "missing_lines": 0, "excluded_lines": 0, "percent_statements_covered": 100.0, "percent_statements_covered_display": "100"}, "missing_lines": [], "excluded_lines": [], "start_line": 80}, "Pillar.glyph": {"executed_lines": [85], "summary": {"covered_lines": 1, "num_statements": 1, "percent_covered": 100.0, "percent_covered_display": "100", "missing_lines": 0, "excluded_lines": 0, "percent_statements_covered": 100.0, "percent_statements_covered_display": "100"}, "missing_lines": [], "excluded_lines": [], "start_line": 84}, "Pillar.reading": {"executed_lines": [89], "summary": {"covered_lines": 1, "num_statements": 1, "percent_covered": 100.0, "percent_covered_display": "100", "missing_lines": 0, "excluded_lines": 0, "percent_statements_covered": 100.0, "percent_statements_covered_display": "100"}, "missing_lines": [], "excluded_lines": [], "start_line": 88}, "Pillar.element": {"executed_lines": [93], "summary": {"covered_lines": 1, "num_statements": 1, "percent_covered": 100.0, "percent_covered_display": "100", "missing_lines": 0, "excluded_lines": 0, "percent_statements_covered": 100.0, "percent_statements_covered_display": "100"}, "missing_lines": [], "excluded_lines": [], "start_line": 92}, "Pillar.to_dict": {"executed_lines": [101], "summary": {"covered_lines": 1, "num_statements": 1, "percent_covered": 100.0, "percent_covered_display": "100", "missing_lines": 0, "excluded_lines": 0, "percent_statements_covered": 100.0, "percent_statements_covered_display": "100"}, "missing_lines": [], "excluded_lines": [], "start_line": 100}, "EightChar.eight_glyphs": {"executed_lines": [113], "summary": {"covered_lines": 1, "num_statements": 1, "percent_covered": 100.0, "percent_covered_display": "100", "missing_lines": 0, "excluded_lines": 0, "percent_statements_covered": 100.0, "percent_statements_covered_display": "100"}, "missing_lines": [], "excluded_lines": [], "start_line": 112}, "EightChar.stems": {"executed_lines": [117], "summary": {"covered_lines": 1, "num_statements": 1, "percent_covered": 100.0, "percent_covered_display": "100", "missing_lines": 0, "excluded_lines": 0, "percent_statements_covered": 100.0, "percent_statements_covered_display": "100"}, "missing_lines": [], "excluded_lines": [], "start_line": 116}, "EightChar.branches": {"executed_lines": [121], "summary": {"covered_lines": 1, "num_statements": 1, "percent_covered": 100.0, "percent_covered_display": "100", "missing_lines": 0, "excluded_lines": 0, "percent_statements_covered": 100.0, "percent_statements_covered_display": "100"}, "missing_lines": [], "excluded_lines": [], "start_line": 120}, "EightChar.to_dict": {"executed_lines": [124], "summary": {"covered_lines": 1, "num_statements": 1, "percent_covered": 100.0, "percent_covered_display": "100", "missing_lines": 0, "excluded_lines": 0, "percent_statements_covered": 100.0, "percent_statements_covered_display": "100"}, "missing_lines": [], "excluded_lines": [], "start_line": 123}, "_calc_lunar_python": {"executed_lines": [141, 142, 143, 145, 148], "summary": {"covered_lines": 5, "num_statements": 5, "percent_covered": 100.0, "percent_covered_display": "100", "missing_lines": 0, "excluded_lines": 0, "percent_statements_covered": 100.0, "percent_statements_covered_display": "100"}, "missing_lines": [], "excluded_lines": [], "start_line": 139}, "_calc_lunar_python.parse": {"executed_lines": [146], "summary": {"covered_lines": 1, "num_statements": 1, "percent_covered": 100.0, "percent_covered_display": "100", "missing_lines": 0, "excluded_lines": 0, "percent_statements_covered": 100.0, "percent_statements_covered_display": "100"}, "missing_lines": [], "excluded_lines": [], "start_line": 145}, "_calc_fallback": {"executed_lines": [153, 154, 155, 156, 157, 158, 159, 160, 161, 162, 163, 164, 165], "summary": {"covered_lines": 13, "num_statements": 13, "percent_covered": 100.0, "percent_covered_display": "100", "missing_lines": 0, "excluded_lines": 0, "percent_statements_covered": 100.0, "percent_statements_covered_display": "100"}, "missing_lines": [], "excluded_lines": [], "start_line": 151}, "_calc": {"executed_lines": [177, 178, 179, 180], "summary": {"covered_lines": 4, "num_statements": 4, "percent_covered": 100.0, "percent_covered_display": "100", "missing_lines": 0, "excluded_lines": 0, "percent_statements_covered": 100.0, "percent_statements_covered_display": "100"}, "missing_lines": [], "excluded_lines": [], "start_line": 173}, "_branch_time_range": {"executed_lines": [184, 185, 186], "summary": {"covered_lines": 3, "num_statements": 3, "percent_covered": 100.0, "percent_covered_display": "100", "missing_lines": 0, "excluded_lines": 0, "percent_statements_covered": 100.0, "percent_statements_covered_display": "100"}, "missing_lines": [], "excluded_lines": [], "start_line": 183}, "get_saju": {"executed_lines": [213, 214, 215, 216, 217, 218, 219, 220, 221, 222, 228, 231, 232, 233, 234, 235, 236, 242, 243, 251, 252], "summary": {"covered_lines": 21, "num_statements": 21, "percent_covered": 100.0, "percent_covered_display": "100", "missing_lines": 0, "excluded_lines": 0, "percent_statements_covered": 100.0, "percent_statements_covered_display": "100"}, "missing_lines": [], "excluded_lines": [], "start_line": 193}, "get_daewoon": {"executed_lines": [267, 268, 269, 270, 271, 272, 277, 278], "summary": {"covered_lines": 8, "num_statements": 8, "percent_covered": 100.0, "percent_covered_display": "100", "missing_lines": 0, "excluded_lines": 0, "percent_statements_covered": 100.0, "percent_statements_covered_display": "100"}, "missing_lines": [], "excluded_lines": [], "start_line": 265}, "_element_relation": {"executed_lines": [316, 317, 318, 319, 320, 321, 322], "summary": {"covered_lines": 7, "num_statements": 7, "percent_covered": 100.0, "percent_covered_display": "100", "missing_lines": 0, "excluded_lines": 0, "percent_statements_covered": 100.0, "percent_statements_covered_display": "100"}, "missing_lines": [], "excluded_lines": [], "start_line": 315}, "map_mood_to_saju": {"executed_lines": [340, 341, 342, 343, 344, 345, 347, 366, 374], "summary": {"covered_lines": 9, "num_statements": 9, "percent_covered": 100.0, "percent_covered_display": "100", "missing_lines": 0, "excluded_lines": 0, "percent_statements_covered": 100.0, "percent_statements_covered_display": "100"}, "missing_lines": [], "excluded_lines": [], "start_line": 325}, "get_five_element_distribution": {"executed_lines": [404, 405, 406, 408, 409, 410, 411, 412, 413, 414, 415, 416, 417, 418, 419, 426, 427, 428, 429, 431, 432, 433, 434, 435, 436, 437, 438, 439, 441, 443], "summary": {"covered_lines": 30, "num_statements": 30, "percent_covered": 100.0, "percent_covered_display": "100", "missing_lines": 0, "excluded_lines": 0, "percent_statements_covered": 100.0, "percent_statements_covered_display": "100"}, "missing_lines": [], "excluded_lines": [], "start_line": 390}, "get_ilju_personality": {"executed_lines": [844, 845, 846, 847, 848], "summary": {"covered_lines": 5, "num_statements": 5, "percent_covered": 100.0, "percent_covered_display": "100", "missing_lines": 0, "excluded_lines": 0, "percent_statements_covered": 100.0, "percent_statements_covered_display": "100"}, "missing_lines": [], "excluded_lines": [], "start_line": 831}, "": {"executed_lines": [9, 10, 11, 12, 19, 20, 21, 22, 25, 26, 28, 29, 32, 33, 34, 37, 45, 46, 47, 48, 58, 62, 63, 70, 71, 72, 73, 75, 76, 79, 80, 83, 84, 87, 88, 91, 92, 100, 104, 105, 106, 107, 108, 109, 111, 112, 115, 116, 119, 120, 123, 139, 151, 173, 183, 193, 265, 285, 293, 306, 315, 325, 390, 457, 831, 856], "summary": {"covered_lines": 66, "num_statements": 102, "percent_covered": 64.70588235294117, "percent_covered_display": "65", "missing_lines": 36, "excluded_lines": 0, "percent_statements_covered": 64.70588235294117, "percent_statements_covered_display": "65"}, "missing_lines": [859, 860, 861, 862, 863, 864, 865, 866, 868, 869, 870, 871, 872, 873, 874, 876, 877, 878, 879, 881, 882, 883, 884, 885, 886, 887, 889, 890, 891, 892, 893, 894, 895, 896, 897, 899], "excluded_lines": [], "start_line": 1}}, "classes": {"Pillar": {"executed_lines": [77, 81, 85, 89, 93, 101], "summary": {"covered_lines": 6, "num_statements": 6, "percent_covered": 100.0, "percent_covered_display": "100", "missing_lines": 0, "excluded_lines": 0, "percent_statements_covered": 100.0, "percent_statements_covered_display": "100"}, "missing_lines": [], "excluded_lines": [], "start_line": 71}, "EightChar": {"executed_lines": [113, 117, 121, 124], "summary": {"covered_lines": 4, "num_statements": 4, "percent_covered": 100.0, "percent_covered_display": "100", "missing_lines": 0, "excluded_lines": 0, "percent_statements_covered": 100.0, "percent_statements_covered_display": "100"}, "missing_lines": [], "excluded_lines": [], "start_line": 105}, "": {"executed_lines": [9, 10, 11, 12, 19, 20, 21, 22, 25, 26, 28, 29, 32, 33, 34, 37, 45, 46, 47, 48, 58, 62, 63, 70, 71, 72, 73, 75, 76, 79, 80, 83, 84, 87, 88, 91, 92, 100, 104, 105, 106, 107, 108, 109, 111, 112, 115, 116, 119, 120, 123, 139, 141, 142, 143, 145, 146, 148, 151, 153, 154, 155, 156, 157, 158, 159, 160, 161, 162, 163, 164, 165, 173, 177, 178, 179, 180, 183, 184, 185, 186, 193, 213, 214, 215, 216, 217, 218, 219, 220, 221, 222, 228, 231, 232, 233, 234, 235, 236, 242, 243, 251, 252, 265, 267, 268, 269, 270, 271, 272, 277, 278, 285, 293, 306, 315, 316, 317, 318, 319, 320, 321, 322, 325, 340, 341, 342, 343, 344, 345, 347, 366, 374, 390, 404, 405, 406, 408, 409, 410, 411, 412, 413, 414, 415, 416, 417, 418, 419, 426, 427, 428, 429, 431, 432, 433, 434, 435, 436, 437, 438, 439, 441, 443, 457, 831, 844, 845, 846, 847, 848, 856], "summary": {"covered_lines": 172, "num_statements": 208, "percent_covered": 82.6923076923077, "percent_covered_display": "83", "missing_lines": 36, "excluded_lines": 0, "percent_statements_covered": 82.6923076923077, "percent_statements_covered_display": "83"}, "missing_lines": [859, 860, 861, 862, 863, 864, 865, 866, 868, 869, 870, 871, 872, 873, 874, 876, 877, 878, 879, 881, 882, 883, 884, 885, 886, 887, 889, 890, 891, 892, 893, 894, 895, 896, 897, 899], "excluded_lines": [], "start_line": 1}}}, "src/__init__.py": {"executed_lines": [], "summary": {"covered_lines": 0, "num_statements": 0, "percent_covered": 100.0, "percent_covered_display": "100", "missing_lines": 0, "excluded_lines": 0, "percent_statements_covered": 100.0, "percent_statements_covered_display": "100"}, "missing_lines": [], "excluded_lines": [], "functions": {"": {"executed_lines": [], "summary": {"covered_lines": 0, "num_statements": 0, "percent_covered": 100.0, "percent_covered_display": "100", "missing_lines": 0, "excluded_lines": 0, "percent_statements_covered": 100.0, "percent_statements_covered_display": "100"}, "missing_lines": [], "excluded_lines": [], "start_line": 1}}, "classes": {"": {"executed_lines": [], "summary": {"covered_lines": 0, "num_statements": 0, "percent_covered": 100.0, "percent_covered_display": "100", "missing_lines": 0, "excluded_lines": 0, "percent_statements_covered": 100.0, "percent_statements_covered_display": "100"}, "missing_lines": [], "excluded_lines": [], "start_line": 1}}}, "src/api/main.py": {"executed_lines": [5, 6, 7, 8, 9, 10, 12, 14, 16, 17, 19, 21, 28, 29, 31, 42, 43, 44, 45, 49, 51, 53, 54, 55, 56, 57, 59, 60, 67, 68, 73, 74, 75, 76, 77, 78, 80, 91, 92, 93, 95, 96, 97, 99, 100, 101], "summary": {"covered_lines": 46, "num_statements": 47, "percent_covered": 97.87234042553192, "percent_covered_display": "98", "missing_lines": 1, "excluded_lines": 0, "percent_statements_covered": 97.87234042553192, "percent_statements_covered_display": "98"}, "missing_lines": [18], "excluded_lines": [], "functions": {"_parse_cors_origins": {"executed_lines": [16, 17, 19], "summary": {"covered_lines": 3, "num_statements": 4, "percent_covered": 75.0, "percent_covered_display": "75", "missing_lines": 1, "excluded_lines": 0, "percent_statements_covered": 75.0, "percent_statements_covered_display": "75"}, "missing_lines": [18], "excluded_lines": [], "start_line": 14}, "privacy_policy": {"executed_lines": [53, 54, 55, 56, 57, 59, 60], "summary": {"covered_lines": 7, "num_statements": 7, "percent_covered": 100.0, "percent_covered_display": "100", "missing_lines": 0, "excluded_lines": 0, "percent_statements_covered": 100.0, "percent_statements_covered_display": "100"}, "missing_lines": [], "excluded_lines": [], "start_line": 51}, "health_check": {"executed_lines": [73, 74, 75, 76, 77, 78, 80], "summary": {"covered_lines": 7, "num_statements": 7, "percent_covered": 100.0, "percent_covered_display": "100", "missing_lines": 0, "excluded_lines": 0, "percent_statements_covered": 100.0, "percent_statements_covered_display": "100"}, "missing_lines": [], "excluded_lines": [], "start_line": 68}, "webapp": {"executed_lines": [101], "summary": {"covered_lines": 1, "num_statements": 1, "percent_covered": 100.0, "percent_covered_display": "100", "missing_lines": 0, "excluded_lines": 0, "percent_statements_covered": 100.0, "percent_statements_covered_display": "100"}, "missing_lines": [], "excluded_lines": [], "start_line": 100}, "": {"executed_lines": [5, 6, 7, 8, 9, 10, 12, 14, 21, 28, 29, 31, 42, 43, 44, 45, 49, 51, 67, 68, 91, 92, 93, 95, 96, 97, 99, 100], "summary": {"covered_lines": 28, "num_statements": 28, "percent_covered": 100.0, "percent_covered_display": "100", "missing_lines": 0, "excluded_lines": 0, "percent_statements_covered": 100.0, "percent_statements_covered_display": "100"}, "missing_lines": [], "excluded_lines": [], "start_line": 1}}, "classes": {"": {"executed_lines": [5, 6, 7, 8, 9, 10, 12, 14, 16, 17, 19, 21, 28, 29, 31, 42, 43, 44, 45, 49, 51, 53, 54, 55, 56, 57, 59, 60, 67, 68, 73, 74, 75, 76, 77, 78, 80, 91, 92, 93, 95, 96, 97, 99, 100, 101], "summary": {"covered_lines": 46, "num_statements": 47, "percent_covered": 97.87234042553192, "percent_covered_display": "98", "missing_lines": 1, "excluded_lines": 0, "percent_statements_covered": 97.87234042553192, "percent_statements_covered_display": "98"}, "missing_lines": [18], "excluded_lines": [], "start_line": 1}}}, "src/api/rate_limiter.py": {"executed_lines": [8, 9, 10, 12, 14], "summary": {"covered_lines": 5, "num_statements": 5, "percent_covered": 100.0, "percent_covered_display": "100", "missing_lines": 0, "excluded_lines": 0, "percent_statements_covered": 100.0, "percent_statements_covered_display": "100"}, "missing_lines": [], "excluded_lines": [], "functions": {"": {"executed_lines": [8, 9, 10, 12, 14], "summary": {"covered_lines": 5, "num_statements": 5, "percent_covered": 100.0, "percent_covered_display": "100", "missing_lines": 0, "excluded_lines": 0, "percent_statements_covered": 100.0, "percent_statements_covered_display": "100"}, "missing_lines": [], "excluded_lines": [], "start_line": 1}}, "classes": {"": {"executed_lines": [8, 9, 10, 12, 14], "summary": {"covered_lines": 5, "num_statements": 5, "percent_covered": 100.0, "percent_covered_display": "100", "missing_lines": 0, "excluded_lines": 0, "percent_statements_covered": 100.0, "percent_statements_covered_display": "100"}, "missing_lines": [], "excluded_lines": [], "start_line": 1}}}, "src/api/routes/auth.py": {"executed_lines": [4, 5, 6, 7, 8, 13, 15, 16, 19, 20, 21, 22, 25, 26, 33, 34, 35, 38, 44, 50, 51, 57, 58, 59, 69, 71, 72, 79, 80, 81, 91, 92, 93, 100, 101, 102, 108, 109, 110, 112, 114, 115, 116, 117, 119, 120, 121, 125, 126, 127, 128, 131, 132, 134, 137, 138, 139, 141, 144, 145, 146, 153, 154, 156, 159, 160, 161, 162, 163, 164, 165, 166, 167, 169, 184, 185, 189, 190], "summary": {"covered_lines": 78, "num_statements": 84, "percent_covered": 92.85714285714286, "percent_covered_display": "93", "missing_lines": 6, "excluded_lines": 0, "percent_statements_covered": 92.85714285714286, "percent_statements_covered_display": "93"}, "missing_lines": [45, 111, 179, 182, 183, 187], "excluded_lines": [], "functions": {"generate_oauth_state": {"executed_lines": [33, 34, 35], "summary": {"covered_lines": 3, "num_statements": 3, "percent_covered": 100.0, "percent_covered_display": "100", "missing_lines": 0, "excluded_lines": 0, "percent_statements_covered": 100.0, "percent_statements_covered_display": "100"}, "missing_lines": [], "excluded_lines": [], "start_line": 26}, "_validate_oauth_state": {"executed_lines": [44, 50, 51], "summary": {"covered_lines": 3, "num_statements": 4, "percent_covered": 75.0, "percent_covered_display": "75", "missing_lines": 1, "excluded_lines": 0, "percent_statements_covered": 75.0, "percent_statements_covered_display": "75"}, "missing_lines": [45], "excluded_lines": [], "start_line": 38}, "kakao_login": {"executed_lines": [69, 71, 72], "summary": {"covered_lines": 3, "num_statements": 3, "percent_covered": 100.0, "percent_covered_display": "100", "missing_lines": 0, "excluded_lines": 0, "percent_statements_covered": 100.0, "percent_statements_covered_display": "100"}, "missing_lines": [], "excluded_lines": [], "start_line": 59}, "google_login": {"executed_lines": [91, 92, 93], "summary": {"covered_lines": 3, "num_statements": 3, "percent_covered": 100.0, "percent_covered_display": "100", "missing_lines": 0, "excluded_lines": 0, "percent_statements_covered": 100.0, "percent_statements_covered_display": "100"}, "missing_lines": [], "excluded_lines": [], "start_line": 81}, "refresh_token": {"executed_lines": [108, 109, 110, 112, 114, 115, 116, 117, 119, 120, 121, 125, 126, 127, 128], "summary": {"covered_lines": 15, "num_statements": 16, "percent_covered": 93.75, "percent_covered_display": "94", "missing_lines": 1, "excluded_lines": 0, "percent_statements_covered": 93.75, "percent_statements_covered_display": "94"}, "missing_lines": [111], "excluded_lines": [], "start_line": 102}, "get_me": {"executed_lines": [134], "summary": {"covered_lines": 1, "num_statements": 1, "percent_covered": 100.0, "percent_covered_display": "100", "missing_lines": 0, "excluded_lines": 0, "percent_statements_covered": 100.0, "percent_statements_covered_display": "100"}, "missing_lines": [], "excluded_lines": [], "start_line": 132}, "logout": {"executed_lines": [141], "summary": {"covered_lines": 1, "num_statements": 1, "percent_covered": 100.0, "percent_covered_display": "100", "missing_lines": 0, "excluded_lines": 0, "percent_statements_covered": 100.0, "percent_statements_covered_display": "100"}, "missing_lines": [], "excluded_lines": [], "start_line": 139}, "delete_account": {"executed_lines": [153, 154, 156, 159, 160, 161, 162, 163, 164, 165, 166, 167, 169, 184, 185, 189, 190], "summary": {"covered_lines": 17, "num_statements": 21, "percent_covered": 80.95238095238095, "percent_covered_display": "81", "missing_lines": 4, "excluded_lines": 0, "percent_statements_covered": 80.95238095238095, "percent_statements_covered_display": "81"}, "missing_lines": [179, 182, 183, 187], "excluded_lines": [], "start_line": 146}, "": {"executed_lines": [4, 5, 6, 7, 8, 13, 15, 16, 19, 20, 21, 22, 25, 26, 38, 57, 58, 59, 79, 80, 81, 100, 101, 102, 131, 132, 137, 138, 139, 144, 145, 146], "summary": {"covered_lines": 32, "num_statements": 32, "percent_covered": 100.0, "percent_covered_display": "100", "missing_lines": 0, "excluded_lines": 0, "percent_statements_covered": 100.0, "percent_statements_covered_display": "100"}, "missing_lines": [], "excluded_lines": [], "start_line": 1}}, "classes": {"TokenPair": {"executed_lines": [], "summary": {"covered_lines": 0, "num_statements": 0, "percent_covered": 100.0, "percent_covered_display": "100", "missing_lines": 0, "excluded_lines": 0, "percent_statements_covered": 100.0, "percent_statements_covered_display": "100"}, "missing_lines": [], "excluded_lines": [], "start_line": 19}, "": {"executed_lines": [4, 5, 6, 7, 8, 13, 15, 16, 19, 20, 21, 22, 25, 26, 33, 34, 35, 38, 44, 50, 51, 57, 58, 59, 69, 71, 72, 79, 80, 81, 91, 92, 93, 100, 101, 102, 108, 109, 110, 112, 114, 115, 116, 117, 119, 120, 121, 125, 126, 127, 128, 131, 132, 134, 137, 138, 139, 141, 144, 145, 146, 153, 154, 156, 159, 160, 161, 162, 163, 164, 165, 166, 167, 169, 184, 185, 189, 190], "summary": {"covered_lines": 78, "num_statements": 84, "percent_covered": 92.85714285714286, "percent_covered_display": "93", "missing_lines": 6, "excluded_lines": 0, "percent_statements_covered": 92.85714285714286, "percent_statements_covered_display": "93"}, "missing_lines": [45, 111, 179, 182, 183, 187], "excluded_lines": [], "start_line": 1}}}, "src/api/routes/insight.py": {"executed_lines": [6, 7, 8, 9, 10, 11, 12, 13, 14, 16, 19, 48, 64, 65, 66, 67, 68, 69, 70, 71, 74, 76, 77, 80, 83, 90, 91, 92, 93, 94, 96, 98, 99, 102, 103, 105, 108, 109, 110, 118, 119, 120, 121, 124, 129, 130, 131, 132, 140, 141, 143, 154, 155, 156, 163, 164, 165, 166, 169, 170, 175, 176, 180, 181, 182, 183, 184, 185, 192, 194, 195, 196, 197, 198, 208, 209, 214, 220, 221, 222, 225, 226, 231, 248, 249, 257, 258, 259, 270, 271, 272, 273, 275, 276, 277, 279, 280, 282, 283, 284, 285, 286, 287, 288, 293, 295], "summary": {"covered_lines": 106, "num_statements": 109, "percent_covered": 97.24770642201835, "percent_covered_display": "97", "missing_lines": 3, "excluded_lines": 0, "percent_statements_covered": 97.24770642201835, "percent_statements_covered_display": "97"}, "missing_lines": [289, 290, 291], "excluded_lines": [], "functions": {"_get_element_from_birth": {"executed_lines": [76, 77], "summary": {"covered_lines": 2, "num_statements": 2, "percent_covered": 100.0, "percent_covered_display": "100", "missing_lines": 0, "excluded_lines": 0, "percent_statements_covered": 100.0, "percent_statements_covered_display": "100"}, "missing_lines": [], "excluded_lines": [], "start_line": 74}, "_generate_insight": {"executed_lines": [83, 90, 91, 92, 93, 94, 96, 98, 99, 102, 103, 105], "summary": {"covered_lines": 12, "num_statements": 12, "percent_covered": 100.0, "percent_covered_display": "100", "missing_lines": 0, "excluded_lines": 0, "percent_statements_covered": 100.0, "percent_statements_covered_display": "100"}, "missing_lines": [], "excluded_lines": [], "start_line": 80}, "get_daily_insight": {"executed_lines": [118, 119, 120, 121, 124, 129, 130, 131, 132, 140, 141, 143], "summary": {"covered_lines": 12, "num_statements": 12, "percent_covered": 100.0, "percent_covered_display": "100", "missing_lines": 0, "excluded_lines": 0, "percent_statements_covered": 100.0, "percent_statements_covered_display": "100"}, "missing_lines": [], "excluded_lines": [], "start_line": 110}, "start_insight_session": {"executed_lines": [163, 164, 165, 166, 169, 170, 175, 176, 180, 181, 182, 183, 184, 185, 192, 194, 195, 196, 197, 198], "summary": {"covered_lines": 20, "num_statements": 20, "percent_covered": 100.0, "percent_covered_display": "100", "missing_lines": 0, "excluded_lines": 0, "percent_statements_covered": 100.0, "percent_statements_covered_display": "100"}, "missing_lines": [], "excluded_lines": [], "start_line": 156}, "_disclaimer": {"executed_lines": [209, 214], "summary": {"covered_lines": 2, "num_statements": 2, "percent_covered": 100.0, "percent_covered_display": "100", "missing_lines": 0, "excluded_lines": 0, "percent_statements_covered": 100.0, "percent_statements_covered_display": "100"}, "missing_lines": [], "excluded_lines": [], "start_line": 208}, "ai_loading_status": {"executed_lines": [231, 248, 249], "summary": {"covered_lines": 3, "num_statements": 3, "percent_covered": 100.0, "percent_covered_display": "100", "missing_lines": 0, "excluded_lines": 0, "percent_statements_covered": 100.0, "percent_statements_covered_display": "100"}, "missing_lines": [], "excluded_lines": [], "start_line": 226}, "ai_insight_stream": {"executed_lines": [270, 295], "summary": {"covered_lines": 2, "num_statements": 2, "percent_covered": 100.0, "percent_covered_display": "100", "missing_lines": 0, "excluded_lines": 0, "percent_statements_covered": 100.0, "percent_statements_covered_display": "100"}, "missing_lines": [], "excluded_lines": [], "start_line": 259}, "ai_insight_stream.generate": {"executed_lines": [271, 272, 273, 275, 276, 277, 279, 280, 282, 283, 284, 285, 286, 287, 288, 293], "summary": {"covered_lines": 16, "num_statements": 19, "percent_covered": 84.21052631578948, "percent_covered_display": "84", "missing_lines": 3, "excluded_lines": 0, "percent_statements_covered": 84.21052631578948, "percent_statements_covered_display": "84"}, "missing_lines": [289, 290, 291], "excluded_lines": [], "start_line": 270}, "": {"executed_lines": [6, 7, 8, 9, 10, 11, 12, 13, 14, 16, 19, 48, 64, 65, 66, 67, 68, 69, 70, 71, 74, 80, 108, 109, 110, 154, 155, 156, 208, 220, 221, 222, 225, 226, 257, 258, 259], "summary": {"covered_lines": 37, "num_statements": 37, "percent_covered": 100.0, "percent_covered_display": "100", "missing_lines": 0, "excluded_lines": 0, "percent_statements_covered": 100.0, "percent_statements_covered_display": "100"}, "missing_lines": [], "excluded_lines": [], "start_line": 1}}, "classes": {"InsightRequest": {"executed_lines": [], "summary": {"covered_lines": 0, "num_statements": 0, "percent_covered": 100.0, "percent_covered_display": "100", "missing_lines": 0, "excluded_lines": 0, "percent_statements_covered": 100.0, "percent_statements_covered_display": "100"}, "missing_lines": [], "excluded_lines": [], "start_line": 64}, "": {"executed_lines": [6, 7, 8, 9, 10, 11, 12, 13, 14, 16, 19, 48, 64, 65, 66, 67, 68, 69, 70, 71, 74, 76, 77, 80, 83, 90, 91, 92, 93, 94, 96, 98, 99, 102, 103, 105, 108, 109, 110, 118, 119, 120, 121, 124, 129, 130, 131, 132, 140, 141, 143, 154, 155, 156, 163, 164, 165, 166, 169, 170, 175, 176, 180, 181, 182, 183, 184, 185, 192, 194, 195, 196, 197, 198, 208, 209, 214, 220, 221, 222, 225, 226, 231, 248, 249, 257, 258, 259, 270, 271, 272, 273, 275, 276, 277, 279, 280, 282, 283, 284, 285, 286, 287, 288, 293, 295], "summary": {"covered_lines": 106, "num_statements": 109, "percent_covered": 97.24770642201835, "percent_covered_display": "97", "missing_lines": 3, "excluded_lines": 0, "percent_statements_covered": 97.24770642201835, "percent_statements_covered_display": "97"}, "missing_lines": [289, 290, 291], "excluded_lines": [], "start_line": 1}}}, "src/api/routes/ivr.py": {"executed_lines": [20, 22, 23, 24, 25, 26, 27, 28, 29, 30, 31, 33, 34, 36, 38, 41, 42, 43, 46, 47, 50, 55, 56, 58, 59, 60, 63, 65, 66, 67, 68, 70, 71, 72, 73, 74, 75, 76, 80, 86, 94, 101, 106, 112, 115, 124, 126, 127, 128, 131, 137, 138, 139, 140, 142, 143, 146, 149, 150, 157, 160, 162, 165, 170, 171, 172, 173, 178, 179, 182, 184, 186, 187, 188, 191, 193, 194, 195, 198, 200, 201, 203, 204, 205, 206, 207, 208, 209, 210, 211, 212, 217, 221, 222, 223, 224, 226, 228, 237, 245, 247, 253, 255, 256, 259, 267, 268, 269, 270, 273, 275, 278, 280, 281, 288, 302, 303, 308, 309, 317, 318, 319, 320, 321, 322, 323, 324, 325, 327, 330, 337, 338, 340, 343, 344, 356, 357, 358, 359, 360, 361, 362, 363, 366, 370, 371, 377, 379, 381, 384, 390, 393, 394, 400, 401, 402, 409, 411, 419, 420, 432, 433, 434, 435, 436, 437, 438, 440, 441, 443, 444, 448, 450, 454, 459, 460, 472, 473, 479, 480, 481, 482, 484, 485, 486, 487, 488, 493, 494, 495, 499, 506, 507, 508, 511, 512, 516], "summary": {"covered_lines": 197, "num_statements": 207, "percent_covered": 95.16908212560386, "percent_covered_display": "95", "missing_lines": 10, "excluded_lines": 0, "percent_statements_covered": 95.16908212560386, "percent_statements_covered_display": "95"}, "missing_lines": [214, 290, 291, 367, 368, 395, 396, 397, 504, 505], "excluded_lines": [], "functions": {"_is_duplicate_callsid": {"executed_lines": [65, 66, 67, 68, 70, 71, 72, 73, 74, 75, 76], "summary": {"covered_lines": 11, "num_statements": 11, "percent_covered": 100.0, "percent_covered_display": "100", "missing_lines": 0, "excluded_lines": 0, "percent_statements_covered": 100.0, "percent_statements_covered_display": "100"}, "missing_lines": [], "excluded_lines": [], "start_line": 63}, "_is_twilio_configured": {"executed_lines": [126, 127, 128], "summary": {"covered_lines": 3, "num_statements": 3, "percent_covered": 100.0, "percent_covered_display": "100", "missing_lines": 0, "excluded_lines": 0, "percent_statements_covered": 100.0, "percent_statements_covered_display": "100"}, "missing_lines": [], "excluded_lines": [], "start_line": 124}, "_verify_twilio_signature": {"executed_lines": [137, 138, 139, 140, 142, 143, 146, 149, 150, 157], "summary": {"covered_lines": 10, "num_statements": 10, "percent_covered": 100.0, "percent_covered_display": "100", "missing_lines": 0, "excluded_lines": 0, "percent_statements_covered": 100.0, "percent_statements_covered_display": "100"}, "missing_lines": [], "excluded_lines": [], "start_line": 131}, "_sanitize_digits": {"executed_lines": [162], "summary": {"covered_lines": 1, "num_statements": 1, "percent_covered": 100.0, "percent_covered_display": "100", "missing_lines": 0, "excluded_lines": 0, "percent_statements_covered": 100.0, "percent_statements_covered_display": "100"}, "missing_lines": [], "excluded_lines": [], "start_line": 160}, "_parse_birthday": {"executed_lines": [170, 171, 172, 173, 178, 179], "summary": {"covered_lines": 6, "num_statements": 6, "percent_covered": 100.0, "percent_covered_display": "100", "missing_lines": 0, "excluded_lines": 0, "percent_statements_covered": 100.0, "percent_statements_covered_display": "100"}, "missing_lines": [], "excluded_lines": [], "start_line": 165}, "_get_today_element": {"executed_lines": [184, 186, 187, 188], "summary": {"covered_lines": 4, "num_statements": 4, "percent_covered": 100.0, "percent_covered_display": "100", "missing_lines": 0, "excluded_lines": 0, "percent_statements_covered": 100.0, "percent_statements_covered_display": "100"}, "missing_lines": [], "excluded_lines": [], "start_line": 182}, "_get_birth_element": {"executed_lines": [193, 194, 195], "summary": {"covered_lines": 3, "num_statements": 3, "percent_covered": 100.0, "percent_covered_display": "100", "missing_lines": 0, "excluded_lines": 0, "percent_statements_covered": 100.0, "percent_statements_covered_display": "100"}, "missing_lines": [], "excluded_lines": [], "start_line": 191}, "_get_element_relation": {"executed_lines": [200, 201, 203, 204, 205, 206, 207, 208, 209, 210, 211, 212], "summary": {"covered_lines": 12, "num_statements": 13, "percent_covered": 92.3076923076923, "percent_covered_display": "92", "missing_lines": 1, "excluded_lines": 0, "percent_statements_covered": 92.3076923076923, "percent_statements_covered_display": "92"}, "missing_lines": [214], "excluded_lines": [], "start_line": 198}, "_build_fortune_script": {"executed_lines": [221, 222, 223, 224, 226, 228, 237], "summary": {"covered_lines": 7, "num_statements": 7, "percent_covered": 100.0, "percent_covered_display": "100", "missing_lines": 0, "excluded_lines": 0, "percent_statements_covered": 100.0, "percent_statements_covered_display": "100"}, "missing_lines": [], "excluded_lines": [], "start_line": 217}, "_twiml_response": {"executed_lines": [247], "summary": {"covered_lines": 1, "num_statements": 1, "percent_covered": 100.0, "percent_covered_display": "100", "missing_lines": 0, "excluded_lines": 0, "percent_statements_covered": 100.0, "percent_statements_covered_display": "100"}, "missing_lines": [], "excluded_lines": [], "start_line": 245}, "_twiml_say": {"executed_lines": [255, 256], "summary": {"covered_lines": 2, "num_statements": 2, "percent_covered": 100.0, "percent_covered_display": "100", "missing_lines": 0, "excluded_lines": 0, "percent_statements_covered": 100.0, "percent_statements_covered_display": "100"}, "missing_lines": [], "excluded_lines": [], "start_line": 253}, "_twiml_gather": {"executed_lines": [267, 268, 269, 270], "summary": {"covered_lines": 4, "num_statements": 4, "percent_covered": 100.0, "percent_covered_display": "100", "missing_lines": 0, "excluded_lines": 0, "percent_statements_covered": 100.0, "percent_statements_covered_display": "100"}, "missing_lines": [], "excluded_lines": [], "start_line": 259}, "_twiml_redirect": {"executed_lines": [275], "summary": {"covered_lines": 1, "num_statements": 1, "percent_covered": 100.0, "percent_covered_display": "100", "missing_lines": 0, "excluded_lines": 0, "percent_statements_covered": 100.0, "percent_statements_covered_display": "100"}, "missing_lines": [], "excluded_lines": [], "start_line": 273}, "_build_twiml": {"executed_lines": [280, 281], "summary": {"covered_lines": 2, "num_statements": 2, "percent_covered": 100.0, "percent_covered_display": "100", "missing_lines": 0, "excluded_lines": 0, "percent_statements_covered": 100.0, "percent_statements_covered_display": "100"}, "missing_lines": [], "excluded_lines": [], "start_line": 278}, "_check_twilio_configured": {"executed_lines": [], "summary": {"covered_lines": 0, "num_statements": 2, "percent_covered": 0.0, "percent_covered_display": "0", "missing_lines": 2, "excluded_lines": 0, "percent_statements_covered": 0.0, "percent_statements_covered_display": "0"}, "missing_lines": [290, 291], "excluded_lines": [], "start_line": 288}, "ivr_incoming": {"executed_lines": [308, 309, 317, 318, 319, 320, 321, 322, 323, 324, 325, 327, 330, 337, 338, 340], "summary": {"covered_lines": 16, "num_statements": 16, "percent_covered": 100.0, "percent_covered_display": "100", "missing_lines": 0, "excluded_lines": 0, "percent_statements_covered": 100.0, "percent_statements_covered_display": "100"}, "missing_lines": [], "excluded_lines": [], "start_line": 303}, "ivr_gather": {"executed_lines": [356, 357, 358, 359, 360, 361, 362, 363, 366, 370, 371, 377, 379, 381, 384, 390, 393, 394, 400, 401, 402, 409, 411], "summary": {"covered_lines": 23, "num_statements": 28, "percent_covered": 82.14285714285714, "percent_covered_display": "82", "missing_lines": 5, "excluded_lines": 0, "percent_statements_covered": 82.14285714285714, "percent_statements_covered_display": "82"}, "missing_lines": [367, 368, 395, 396, 397], "excluded_lines": [], "start_line": 344}, "ivr_menu": {"executed_lines": [432, 433, 434, 435, 436, 437, 438, 440, 441, 443, 444, 448, 450, 454], "summary": {"covered_lines": 14, "num_statements": 14, "percent_covered": 100.0, "percent_covered_display": "100", "missing_lines": 0, "excluded_lines": 0, "percent_statements_covered": 100.0, "percent_statements_covered_display": "100"}, "missing_lines": [], "excluded_lines": [], "start_line": 420}, "ivr_outbound": {"executed_lines": [472, 473, 479, 480, 481, 482, 484, 485, 486, 487, 488, 493, 494, 495, 499, 506, 507, 508], "summary": {"covered_lines": 18, "num_statements": 20, "percent_covered": 90.0, "percent_covered_display": "90", "missing_lines": 2, "excluded_lines": 0, "percent_statements_covered": 90.0, "percent_statements_covered_display": "90"}, "missing_lines": [504, 505], "excluded_lines": [], "start_line": 460}, "ivr_status": {"executed_lines": [516], "summary": {"covered_lines": 1, "num_statements": 1, "percent_covered": 100.0, "percent_covered_display": "100", "missing_lines": 0, "excluded_lines": 0, "percent_statements_covered": 100.0, "percent_statements_covered_display": "100"}, "missing_lines": [], "excluded_lines": [], "start_line": 512}, "": {"executed_lines": [20, 22, 23, 24, 25, 26, 27, 28, 29, 30, 31, 33, 34, 36, 38, 41, 42, 43, 46, 47, 50, 55, 56, 58, 59, 60, 63, 80, 86, 94, 101, 106, 112, 115, 124, 131, 160, 165, 182, 191, 198, 217, 245, 253, 259, 273, 278, 288, 302, 303, 343, 344, 419, 420, 459, 460, 511, 512], "summary": {"covered_lines": 58, "num_statements": 58, "percent_covered": 100.0, "percent_covered_display": "100", "missing_lines": 0, "excluded_lines": 0, "percent_statements_covered": 100.0, "percent_statements_covered_display": "100"}, "missing_lines": [], "excluded_lines": [], "start_line": 1}}, "classes": {"": {"executed_lines": [20, 22, 23, 24, 25, 26, 27, 28, 29, 30, 31, 33, 34, 36, 38, 41, 42, 43, 46, 47, 50, 55, 56, 58, 59, 60, 63, 65, 66, 67, 68, 70, 71, 72, 73, 74, 75, 76, 80, 86, 94, 101, 106, 112, 115, 124, 126, 127, 128, 131, 137, 138, 139, 140, 142, 143, 146, 149, 150, 157, 160, 162, 165, 170, 171, 172, 173, 178, 179, 182, 184, 186, 187, 188, 191, 193, 194, 195, 198, 200, 201, 203, 204, 205, 206, 207, 208, 209, 210, 211, 212, 217, 221, 222, 223, 224, 226, 228, 237, 245, 247, 253, 255, 256, 259, 267, 268, 269, 270, 273, 275, 278, 280, 281, 288, 302, 303, 308, 309, 317, 318, 319, 320, 321, 322, 323, 324, 325, 327, 330, 337, 338, 340, 343, 344, 356, 357, 358, 359, 360, 361, 362, 363, 366, 370, 371, 377, 379, 381, 384, 390, 393, 394, 400, 401, 402, 409, 411, 419, 420, 432, 433, 434, 435, 436, 437, 438, 440, 441, 443, 444, 448, 450, 454, 459, 460, 472, 473, 479, 480, 481, 482, 484, 485, 486, 487, 488, 493, 494, 495, 499, 506, 507, 508, 511, 512, 516], "summary": {"covered_lines": 197, "num_statements": 207, "percent_covered": 95.16908212560386, "percent_covered_display": "95", "missing_lines": 10, "excluded_lines": 0, "percent_statements_covered": 95.16908212560386, "percent_statements_covered_display": "95"}, "missing_lines": [214, 290, 291, 367, 368, 395, 396, 397, 504, 505], "excluded_lines": [], "start_line": 1}}}, "src/api/routes/saju.py": {"executed_lines": [5, 6, 8, 9, 10, 12, 13, 14, 15, 18, 19, 24, 29, 30, 31, 32, 34, 36, 41, 42, 56, 57, 78, 86, 87, 89, 98, 99, 102, 105, 106, 107, 108, 109, 110, 111, 114, 115, 116, 117, 118, 119, 120, 123, 124, 127, 129, 130, 131, 134, 136, 137, 138, 139, 140, 141, 142, 143, 144, 145, 146, 157, 162, 164, 165, 166, 167, 168, 177, 178, 179, 182, 184, 194, 195, 196, 198, 204, 205, 206, 207, 208, 209, 210, 211, 213, 214, 217, 218, 219, 220, 221, 229, 232, 233, 234, 242, 243, 244, 260, 261, 262, 263, 264, 267, 268, 270, 271, 272, 273, 274, 275, 276, 277, 278, 281, 283, 289, 294, 299, 315, 317, 318, 348, 349, 350, 355, 356, 358, 359, 364, 365, 366, 369, 370, 371, 374, 375, 376, 379, 382, 383, 384, 387, 408, 410, 414, 415, 416, 418, 419, 421, 422, 423, 424, 425, 428, 429, 430, 431, 432, 435, 436, 437, 440, 441, 442, 443, 446, 447, 449, 450, 451, 452, 454, 455, 456, 458, 460, 461, 463, 465, 466, 467, 468, 471, 472, 473, 474, 478, 496, 497, 498, 503, 504, 506, 507, 509, 511, 512, 514, 515, 516, 517, 519, 520, 523, 524, 527, 528, 529, 530, 531, 532, 533, 534, 535, 536, 537, 541, 542, 543, 544, 545, 546, 547, 548, 554, 555, 556, 558, 561, 562, 563, 564, 565, 566, 567, 568, 569, 571, 572, 575, 576, 577, 578, 579, 580, 584, 598, 599, 608, 609, 611, 612, 613, 614, 615, 616, 617, 618, 620, 623, 646, 669, 670, 672, 673, 676, 678, 680, 681, 682, 683, 684, 685, 686, 687, 688, 689, 690, 693, 694, 695, 698, 700, 709, 718, 719, 853, 854, 859, 861, 864, 865, 866, 867, 868, 871, 872, 873, 876, 877, 879, 881, 882, 883, 895, 896, 897, 898, 900, 915, 917, 918, 919, 920, 921, 922, 924, 948, 949, 961, 971, 972, 973, 974, 975, 976, 977, 978, 985, 986, 1000, 1002, 1003, 1004, 1005, 1006, 1009, 1010, 1011, 1015, 1026, 1027, 1028, 1038, 1039, 1041, 1042, 1043, 1044, 1045, 1047, 1048, 1049, 1053, 1068, 1069, 1077, 1078, 1079, 1080, 1081, 1082, 1084, 1094, 1095, 1096, 1105, 1106, 1107, 1108, 1109, 1111, 1138, 1139, 1141, 1146, 1151, 1162, 1163, 1164, 1175, 1176, 1178, 1179, 1181, 1182, 1183, 1184, 1186, 1189, 1190, 1195, 1205, 1207, 1208, 1217, 1218, 1219, 1223, 1225, 1243, 1244, 1245, 1350, 1351, 1352, 1372, 1373, 1374], "summary": {"covered_lines": 412, "num_statements": 601, "percent_covered": 68.55241264559068, "percent_covered_display": "69", "missing_lines": 189, "excluded_lines": 0, "percent_statements_covered": 68.55241264559068, "percent_statements_covered_display": "69"}, "missing_lines": [25, 26, 27, 28, 58, 59, 60, 62, 63, 64, 65, 66, 67, 68, 69, 70, 71, 72, 73, 265, 266, 280, 319, 320, 321, 325, 326, 340, 341, 342, 343, 344, 367, 368, 475, 476, 538, 539, 540, 550, 551, 552, 581, 582, 730, 731, 733, 734, 735, 736, 738, 739, 741, 742, 743, 744, 746, 753, 761, 762, 764, 765, 766, 767, 768, 771, 772, 773, 774, 775, 776, 777, 778, 779, 780, 781, 784, 785, 786, 788, 790, 791, 792, 793, 795, 798, 805, 808, 815, 823, 838, 839, 840, 841, 842, 843, 845, 1012, 1013, 1050, 1051, 1209, 1210, 1214, 1220, 1221, 1251, 1252, 1253, 1255, 1259, 1261, 1262, 1264, 1265, 1266, 1267, 1268, 1269, 1270, 1271, 1272, 1274, 1275, 1278, 1279, 1280, 1281, 1282, 1283, 1284, 1286, 1287, 1288, 1289, 1296, 1297, 1298, 1299, 1300, 1301, 1302, 1321, 1322, 1329, 1330, 1331, 1332, 1333, 1334, 1335, 1336, 1337, 1338, 1339, 1340, 1341, 1343, 1354, 1355, 1356, 1357, 1358, 1359, 1360, 1361, 1362, 1363, 1364, 1365, 1366, 1367, 1368, 1382, 1383, 1384, 1388, 1389, 1398, 1399, 1400, 1402, 1403, 1404, 1416, 1418, 1419, 1420, 1421], "excluded_lines": [], "functions": {"_load_pillar_data": {"executed_lines": [106, 107, 108, 109, 110, 111], "summary": {"covered_lines": 6, "num_statements": 6, "percent_covered": 100.0, "percent_covered_display": "100", "missing_lines": 0, "excluded_lines": 0, "percent_statements_covered": 100.0, "percent_statements_covered_display": "100"}, "missing_lines": [], "excluded_lines": [], "start_line": 105}, "_load_element_data": {"executed_lines": [115, 116, 117, 118, 119, 120], "summary": {"covered_lines": 6, "num_statements": 6, "percent_covered": 100.0, "percent_covered_display": "100", "missing_lines": 0, "excluded_lines": 0, "percent_statements_covered": 100.0, "percent_statements_covered_display": "100"}, "missing_lines": [], "excluded_lines": [], "start_line": 114}, "_get_element_han": {"executed_lines": [124], "summary": {"covered_lines": 1, "num_statements": 1, "percent_covered": 100.0, "percent_covered_display": "100", "missing_lines": 0, "excluded_lines": 0, "percent_statements_covered": 100.0, "percent_statements_covered_display": "100"}, "missing_lines": [], "excluded_lines": [], "start_line": 123}, "_kst_today": {"executed_lines": [129, 130, 131], "summary": {"covered_lines": 3, "num_statements": 3, "percent_covered": 100.0, "percent_covered_display": "100", "missing_lines": 0, "excluded_lines": 0, "percent_statements_covered": 100.0, "percent_statements_covered_display": "100"}, "missing_lines": [], "excluded_lines": [], "start_line": 127}, "_calc_today_pillar": {"executed_lines": [136, 137, 138, 139, 140, 141, 142, 143, 144, 145, 146], "summary": {"covered_lines": 11, "num_statements": 11, "percent_covered": 100.0, "percent_covered_display": "100", "missing_lines": 0, "excluded_lines": 0, "percent_statements_covered": 100.0, "percent_statements_covered_display": "100"}, "missing_lines": [], "excluded_lines": [], "start_line": 134}, "_saju_engine_to_legacy": {"executed_lines": [162, 164, 177, 178, 179, 182, 184, 194, 195, 196, 198], "summary": {"covered_lines": 11, "num_statements": 11, "percent_covered": 100.0, "percent_covered_display": "100", "missing_lines": 0, "excluded_lines": 0, "percent_statements_covered": 100.0, "percent_statements_covered_display": "100"}, "missing_lines": [], "excluded_lines": [], "start_line": 157}, "_saju_engine_to_legacy.pillar_dict": {"executed_lines": [165, 166, 167, 168], "summary": {"covered_lines": 4, "num_statements": 4, "percent_covered": 100.0, "percent_covered_display": "100", "missing_lines": 0, "excluded_lines": 0, "percent_statements_covered": 100.0, "percent_statements_covered_display": "100"}, "missing_lines": [], "excluded_lines": [], "start_line": 164}, "BirthInfo.validate_date": {"executed_lines": [217, 218, 219, 220, 221, 229], "summary": {"covered_lines": 6, "num_statements": 6, "percent_covered": 100.0, "percent_covered_display": "100", "missing_lines": 0, "excluded_lines": 0, "percent_statements_covered": 100.0, "percent_statements_covered_display": "100"}, "missing_lines": [], "excluded_lines": [], "start_line": 214}, "get_compatibility_preview": {"executed_lines": [260, 261, 262, 263, 264, 267, 270, 271, 272, 273, 274, 275, 276, 277, 278, 281, 283, 289, 294, 299], "summary": {"covered_lines": 20, "num_statements": 23, "percent_covered": 86.95652173913044, "percent_covered_display": "87", "missing_lines": 3, "excluded_lines": 0, "percent_statements_covered": 86.95652173913044, "percent_statements_covered_display": "87"}, "missing_lines": [265, 266, 280], "excluded_lines": [], "start_line": 244}, "get_compatibility_preview.get_day_el": {"executed_lines": [268], "summary": {"covered_lines": 1, "num_statements": 1, "percent_covered": 100.0, "percent_covered_display": "100", "missing_lines": 0, "excluded_lines": 0, "percent_statements_covered": 100.0, "percent_statements_covered_display": "100"}, "missing_lines": [], "excluded_lines": [], "start_line": 267}, "_save_saju_reading": {"executed_lines": [317, 318], "summary": {"covered_lines": 2, "num_statements": 12, "percent_covered": 16.666666666666668, "percent_covered_display": "17", "missing_lines": 10, "excluded_lines": 0, "percent_statements_covered": 16.666666666666668, "percent_statements_covered_display": "17"}, "missing_lines": [319, 320, 321, 325, 326, 340, 341, 342, 343, 344], "excluded_lines": [], "start_line": 315}, "calculate_saju": {"executed_lines": [355, 356, 358, 359, 364, 365, 366, 369, 370, 371, 374, 375, 376, 379, 382, 383, 384, 387, 408, 410], "summary": {"covered_lines": 20, "num_statements": 22, "percent_covered": 90.9090909090909, "percent_covered_display": "91", "missing_lines": 2, "excluded_lines": 0, "percent_statements_covered": 90.9090909090909, "percent_statements_covered_display": "91"}, "missing_lines": [367, 368], "excluded_lines": [], "start_line": 350}, "get_daily_energy": {"executed_lines": [418, 419, 421, 422, 423, 424, 425, 428, 429, 430, 431, 432, 435, 436, 437, 440, 441, 442, 443, 446, 447, 449, 450, 451, 452, 454, 455, 456, 458, 460, 461, 463, 465, 466, 467, 468, 471, 472, 473, 474, 478], "summary": {"covered_lines": 41, "num_statements": 43, "percent_covered": 95.34883720930233, "percent_covered_display": "95", "missing_lines": 2, "excluded_lines": 0, "percent_statements_covered": 95.34883720930233, "percent_statements_covered_display": "95"}, "missing_lines": [475, 476], "excluded_lines": [], "start_line": 416}, "check_compatibility": {"executed_lines": [503, 504, 506, 507, 509, 511, 512, 514, 519, 520, 523, 524, 527, 528, 529, 530, 531, 532, 533, 534, 535, 536, 537, 541, 542, 543, 544, 545, 546, 547, 548, 554, 555, 556, 558, 561, 562, 563, 564, 565, 566, 567, 568, 569, 571, 572, 575, 576, 577, 578, 579, 580, 584], "summary": {"covered_lines": 53, "num_statements": 61, "percent_covered": 86.88524590163935, "percent_covered_display": "87", "missing_lines": 8, "excluded_lines": 0, "percent_statements_covered": 86.88524590163935, "percent_statements_covered_display": "87"}, "missing_lines": [538, 539, 540, 550, 551, 552, 581, 582], "excluded_lines": [], "start_line": 498}, "check_compatibility.get_day_element": {"executed_lines": [515, 516, 517], "summary": {"covered_lines": 3, "num_statements": 3, "percent_covered": 100.0, "percent_covered_display": "100", "missing_lines": 0, "excluded_lines": 0, "percent_statements_covered": 100.0, "percent_statements_covered_display": "100"}, "missing_lines": [], "excluded_lines": [], "start_line": 514}, "get_fortune_calendar": {"executed_lines": [608, 609, 611, 612, 613, 614, 615, 616, 617, 618, 620, 623, 646, 669, 670, 672, 673, 676, 678, 680, 681, 682, 683, 684, 685, 686, 687, 688, 689, 690, 693, 694, 695, 698, 700, 709], "summary": {"covered_lines": 36, "num_statements": 36, "percent_covered": 100.0, "percent_covered_display": "100", "missing_lines": 0, "excluded_lines": 0, "percent_statements_covered": 100.0, "percent_statements_covered_display": "100"}, "missing_lines": [], "excluded_lines": [], "start_line": 599}, "get_fortune_calendar_daily": {"executed_lines": [], "summary": {"covered_lines": 0, "num_statements": 53, "percent_covered": 0.0, "percent_covered_display": "0", "missing_lines": 53, "excluded_lines": 0, "percent_statements_covered": 0.0, "percent_statements_covered_display": "0"}, "missing_lines": [730, 731, 733, 734, 735, 736, 738, 739, 741, 742, 743, 744, 746, 753, 761, 762, 764, 765, 766, 767, 768, 771, 772, 773, 774, 775, 776, 777, 778, 779, 780, 781, 784, 785, 786, 788, 790, 791, 792, 793, 795, 798, 805, 808, 815, 823, 838, 839, 840, 841, 842, 843, 845], "excluded_lines": [], "start_line": 719}, "get_pillar_details": {"executed_lines": [859, 861, 864, 865, 866, 867, 868, 871, 872, 873, 876, 877, 879, 881, 882, 883, 895, 896, 897, 898, 900], "summary": {"covered_lines": 21, "num_statements": 21, "percent_covered": 100.0, "percent_covered_display": "100", "missing_lines": 0, "excluded_lines": 0, "percent_statements_covered": 100.0, "percent_statements_covered_display": "100"}, "missing_lines": [], "excluded_lines": [], "start_line": 854}, "_get_pillar_interpretations": {"executed_lines": [917, 918, 919, 920, 921, 922, 924], "summary": {"covered_lines": 7, "num_statements": 7, "percent_covered": 100.0, "percent_covered_display": "100", "missing_lines": 0, "excluded_lines": 0, "percent_statements_covered": 100.0, "percent_statements_covered_display": "100"}, "missing_lines": [], "excluded_lines": [], "start_line": 915}, "_get_generic_interpretations": {"executed_lines": [949], "summary": {"covered_lines": 1, "num_statements": 1, "percent_covered": 100.0, "percent_covered_display": "100", "missing_lines": 0, "excluded_lines": 0, "percent_statements_covered": 100.0, "percent_statements_covered_display": "100"}, "missing_lines": [], "excluded_lines": [], "start_line": 948}, "_resolve_lang_from_request": {"executed_lines": [971, 972, 973, 974, 975, 976, 977, 978], "summary": {"covered_lines": 8, "num_statements": 8, "percent_covered": 100.0, "percent_covered_display": "100", "missing_lines": 0, "excluded_lines": 0, "percent_statements_covered": 100.0, "percent_statements_covered_display": "100"}, "missing_lines": [], "excluded_lines": [], "start_line": 961}, "get_astrology": {"executed_lines": [1000, 1002, 1003, 1004, 1005, 1006, 1009, 1010, 1011, 1015], "summary": {"covered_lines": 10, "num_statements": 12, "percent_covered": 83.33333333333333, "percent_covered_display": "83", "missing_lines": 2, "excluded_lines": 0, "percent_statements_covered": 83.33333333333333, "percent_statements_covered_display": "83"}, "missing_lines": [1012, 1013], "excluded_lines": [], "start_line": 986}, "post_astrology": {"executed_lines": [1038, 1039, 1041, 1042, 1043, 1044, 1045, 1047, 1048, 1049, 1053], "summary": {"covered_lines": 11, "num_statements": 13, "percent_covered": 84.61538461538461, "percent_covered_display": "85", "missing_lines": 2, "excluded_lines": 0, "percent_statements_covered": 84.61538461538461, "percent_statements_covered_display": "85"}, "missing_lines": [1050, 1051], "excluded_lines": [], "start_line": 1028}, "get_i18n_labels": {"executed_lines": [1077, 1078, 1079, 1080, 1081, 1082, 1084], "summary": {"covered_lines": 7, "num_statements": 7, "percent_covered": 100.0, "percent_covered_display": "100", "missing_lines": 0, "excluded_lines": 0, "percent_statements_covered": 100.0, "percent_statements_covered_display": "100"}, "missing_lines": [], "excluded_lines": [], "start_line": 1069}, "get_today_energy": {"executed_lines": [1105, 1106, 1107, 1108, 1109, 1111, 1138, 1139, 1141, 1146, 1151], "summary": {"covered_lines": 11, "num_statements": 11, "percent_covered": 100.0, "percent_covered_display": "100", "missing_lines": 0, "excluded_lines": 0, "percent_statements_covered": 100.0, "percent_statements_covered_display": "100"}, "missing_lines": [], "excluded_lines": [], "start_line": 1096}, "get_fortune_standard": {"executed_lines": [1175, 1176, 1178, 1179, 1181, 1182, 1183, 1184, 1186, 1189, 1190, 1195, 1205, 1207, 1208, 1217, 1218, 1219, 1223, 1225], "summary": {"covered_lines": 20, "num_statements": 25, "percent_covered": 80.0, "percent_covered_display": "80", "missing_lines": 5, "excluded_lines": 0, "percent_statements_covered": 80.0, "percent_statements_covered_display": "80"}, "missing_lines": [1209, 1210, 1214, 1220, 1221], "excluded_lines": [], "start_line": 1164}, "ai_interpret": {"executed_lines": [], "summary": {"covered_lines": 0, "num_statements": 52, "percent_covered": 0.0, "percent_covered_display": "0", "missing_lines": 52, "excluded_lines": 0, "percent_statements_covered": 0.0, "percent_statements_covered_display": "0"}, "missing_lines": [1251, 1252, 1253, 1255, 1259, 1261, 1262, 1264, 1265, 1266, 1267, 1268, 1269, 1270, 1271, 1272, 1274, 1275, 1278, 1279, 1280, 1281, 1282, 1283, 1284, 1286, 1287, 1288, 1289, 1296, 1297, 1298, 1299, 1300, 1301, 1302, 1321, 1322, 1329, 1330, 1331, 1332, 1333, 1334, 1335, 1336, 1337, 1338, 1339, 1340, 1341, 1343], "excluded_lines": [], "start_line": 1245}, "ai_energy_interpret": {"executed_lines": [], "summary": {"covered_lines": 0, "num_statements": 15, "percent_covered": 0.0, "percent_covered_display": "0", "missing_lines": 15, "excluded_lines": 0, "percent_statements_covered": 0.0, "percent_statements_covered_display": "0"}, "missing_lines": [1354, 1355, 1356, 1357, 1358, 1359, 1360, 1361, 1362, 1363, 1364, 1365, 1366, 1367, 1368], "excluded_lines": [], "start_line": 1352}, "get_saju_history": {"executed_lines": [], "summary": {"covered_lines": 0, "num_statements": 16, "percent_covered": 0.0, "percent_covered_display": "0", "missing_lines": 16, "excluded_lines": 0, "percent_statements_covered": 0.0, "percent_statements_covered_display": "0"}, "missing_lines": [1382, 1383, 1384, 1388, 1389, 1398, 1399, 1400, 1402, 1403, 1404, 1416, 1418, 1419, 1420, 1421], "excluded_lines": [], "start_line": 1374}, "": {"executed_lines": [5, 6, 8, 9, 10, 12, 13, 14, 15, 18, 19, 24, 29, 30, 31, 32, 34, 36, 41, 42, 56, 57, 78, 86, 87, 89, 98, 99, 102, 105, 114, 123, 127, 134, 157, 204, 205, 206, 207, 208, 209, 210, 211, 213, 214, 232, 233, 234, 242, 243, 244, 315, 348, 349, 350, 414, 415, 416, 496, 497, 498, 598, 599, 718, 719, 853, 854, 915, 948, 961, 985, 986, 1026, 1027, 1028, 1068, 1069, 1094, 1095, 1096, 1162, 1163, 1164, 1243, 1244, 1245, 1350, 1351, 1352, 1372, 1373, 1374], "summary": {"covered_lines": 92, "num_statements": 111, "percent_covered": 82.88288288288288, "percent_covered_display": "83", "missing_lines": 19, "excluded_lines": 0, "percent_statements_covered": 82.88288288288288, "percent_statements_covered_display": "83"}, "missing_lines": [25, 26, 27, 28, 58, 59, 60, 62, 63, 64, 65, 66, 67, 68, 69, 70, 71, 72, 73], "excluded_lines": [], "start_line": 1}}, "classes": {"BirthInfo": {"executed_lines": [217, 218, 219, 220, 221, 229], "summary": {"covered_lines": 6, "num_statements": 6, "percent_covered": 100.0, "percent_covered_display": "100", "missing_lines": 0, "excluded_lines": 0, "percent_statements_covered": 100.0, "percent_statements_covered_display": "100"}, "missing_lines": [], "excluded_lines": [], "start_line": 204}, "CompatibilityRequest": {"executed_lines": [], "summary": {"covered_lines": 0, "num_statements": 0, "percent_covered": 100.0, "percent_covered_display": "100", "missing_lines": 0, "excluded_lines": 0, "percent_statements_covered": 100.0, "percent_statements_covered_display": "100"}, "missing_lines": [], "excluded_lines": [], "start_line": 232}, "": {"executed_lines": [5, 6, 8, 9, 10, 12, 13, 14, 15, 18, 19, 24, 29, 30, 31, 32, 34, 36, 41, 42, 56, 57, 78, 86, 87, 89, 98, 99, 102, 105, 106, 107, 108, 109, 110, 111, 114, 115, 116, 117, 118, 119, 120, 123, 124, 127, 129, 130, 131, 134, 136, 137, 138, 139, 140, 141, 142, 143, 144, 145, 146, 157, 162, 164, 165, 166, 167, 168, 177, 178, 179, 182, 184, 194, 195, 196, 198, 204, 205, 206, 207, 208, 209, 210, 211, 213, 214, 232, 233, 234, 242, 243, 244, 260, 261, 262, 263, 264, 267, 268, 270, 271, 272, 273, 274, 275, 276, 277, 278, 281, 283, 289, 294, 299, 315, 317, 318, 348, 349, 350, 355, 356, 358, 359, 364, 365, 366, 369, 370, 371, 374, 375, 376, 379, 382, 383, 384, 387, 408, 410, 414, 415, 416, 418, 419, 421, 422, 423, 424, 425, 428, 429, 430, 431, 432, 435, 436, 437, 440, 441, 442, 443, 446, 447, 449, 450, 451, 452, 454, 455, 456, 458, 460, 461, 463, 465, 466, 467, 468, 471, 472, 473, 474, 478, 496, 497, 498, 503, 504, 506, 507, 509, 511, 512, 514, 515, 516, 517, 519, 520, 523, 524, 527, 528, 529, 530, 531, 532, 533, 534, 535, 536, 537, 541, 542, 543, 544, 545, 546, 547, 548, 554, 555, 556, 558, 561, 562, 563, 564, 565, 566, 567, 568, 569, 571, 572, 575, 576, 577, 578, 579, 580, 584, 598, 599, 608, 609, 611, 612, 613, 614, 615, 616, 617, 618, 620, 623, 646, 669, 670, 672, 673, 676, 678, 680, 681, 682, 683, 684, 685, 686, 687, 688, 689, 690, 693, 694, 695, 698, 700, 709, 718, 719, 853, 854, 859, 861, 864, 865, 866, 867, 868, 871, 872, 873, 876, 877, 879, 881, 882, 883, 895, 896, 897, 898, 900, 915, 917, 918, 919, 920, 921, 922, 924, 948, 949, 961, 971, 972, 973, 974, 975, 976, 977, 978, 985, 986, 1000, 1002, 1003, 1004, 1005, 1006, 1009, 1010, 1011, 1015, 1026, 1027, 1028, 1038, 1039, 1041, 1042, 1043, 1044, 1045, 1047, 1048, 1049, 1053, 1068, 1069, 1077, 1078, 1079, 1080, 1081, 1082, 1084, 1094, 1095, 1096, 1105, 1106, 1107, 1108, 1109, 1111, 1138, 1139, 1141, 1146, 1151, 1162, 1163, 1164, 1175, 1176, 1178, 1179, 1181, 1182, 1183, 1184, 1186, 1189, 1190, 1195, 1205, 1207, 1208, 1217, 1218, 1219, 1223, 1225, 1243, 1244, 1245, 1350, 1351, 1352, 1372, 1373, 1374], "summary": {"covered_lines": 406, "num_statements": 595, "percent_covered": 68.23529411764706, "percent_covered_display": "68", "missing_lines": 189, "excluded_lines": 0, "percent_statements_covered": 68.23529411764706, "percent_statements_covered_display": "68"}, "missing_lines": [25, 26, 27, 28, 58, 59, 60, 62, 63, 64, 65, 66, 67, 68, 69, 70, 71, 72, 73, 265, 266, 280, 319, 320, 321, 325, 326, 340, 341, 342, 343, 344, 367, 368, 475, 476, 538, 539, 540, 550, 551, 552, 581, 582, 730, 731, 733, 734, 735, 736, 738, 739, 741, 742, 743, 744, 746, 753, 761, 762, 764, 765, 766, 767, 768, 771, 772, 773, 774, 775, 776, 777, 778, 779, 780, 781, 784, 785, 786, 788, 790, 791, 792, 793, 795, 798, 805, 808, 815, 823, 838, 839, 840, 841, 842, 843, 845, 1012, 1013, 1050, 1051, 1209, 1210, 1214, 1220, 1221, 1251, 1252, 1253, 1255, 1259, 1261, 1262, 1264, 1265, 1266, 1267, 1268, 1269, 1270, 1271, 1272, 1274, 1275, 1278, 1279, 1280, 1281, 1282, 1283, 1284, 1286, 1287, 1288, 1289, 1296, 
[...]
t_all_langs_return_nonempty": {"executed_lines": [88, 89], "summary": {"covered_lines": 2, "num_statements": 2, "percent_covered": 100.0, "percent_covered_display": "100", "missing_lines": 0, "excluded_lines": 0, "percent_statements_covered": 100.0, "percent_statements_covered_display": "100"}, "missing_lines": [], "excluded_lines": [], "start_line": 87}, "TestGetCurrentSolarTerm.test_different_seasons_differ": {"executed_lines": [92, 93, 94], "summary": {"covered_lines": 3, "num_statements": 3, "percent_covered": 100.0, "percent_covered_display": "100", "missing_lines": 0, "excluded_lines": 0, "percent_statements_covered": 100.0, "percent_statements_covered_display": "100"}, "missing_lines": [], "excluded_lines": [], "start_line": 91}, "TestGetCurrentSolarTerm.test_source_ephem_or_swisseph": {"executed_lines": [97, 98], "summary": {"covered_lines": 2, "num_statements": 2, "percent_covered": 100.0, "percent_covered_display": "100", "missing_lines": 0, "excluded_lines": 0, "percent_statements_covered": 100.0, "percent_statements_covered_display": "100"}, "missing_lines": [], "excluded_lines": [], "start_line": 96}, "TestGetMonthPillarTerm.test_returns_saju_month": {"executed_lines": [105, 106, 107], "summary": {"covered_lines": 3, "num_statements": 3, "percent_covered": 100.0, "percent_covered_display": "100", "missing_lines": 0, "excluded_lines": 0, "percent_statements_covered": 100.0, "percent_statements_covered_display": "100"}, "missing_lines": [], "excluded_lines": [], "start_line": 104}, "TestGetMonthPillarTerm.test_birth_minute_param_accepted": {"executed_lines": [112, 113, 115, 116], "summary": {"covered_lines": 4, "num_statements": 4, "percent_covered": 100.0, "percent_covered_display": "100", "missing_lines": 0, "excluded_lines": 0, "percent_statements_covered": 100.0, "percent_statements_covered_display": "100"}, "missing_lines": [], "excluded_lines": [], "start_line": 109}, "TestGetMonthPillarTerm.test_term_names_multilang": {"executed_lines": [119, 120, 121, 122], "summary": {"covered_lines": 4, "num_statements": 4, "percent_covered": 100.0, "percent_covered_display": "100", "missing_lines": 0, "excluded_lines": 0, "percent_statements_covered": 100.0, "percent_statements_covered_display": "100"}, "missing_lines": [], "excluded_lines": [], "start_line": 118}, "TestGetMonthPillarTerm.test_different_months_differ": {"executed_lines": [125, 126, 127], "summary": {"covered_lines": 3, "num_statements": 3, "percent_covered": 100.0, "percent_covered_display": "100", "missing_lines": 0, "excluded_lines": 0, "percent_statements_covered": 100.0, "percent_statements_covered_display": "100"}, "missing_lines": [], "excluded_lines": [], "start_line": 124}, "TestSolarTermsConstants.test_24_solar_terms": {"executed_lines": [134], "summary": {"covered_lines": 1, "num_statements": 1, "percent_covered": 100.0, "percent_covered_display": "100", "missing_lines": 0, "excluded_lines": 0, "percent_statements_covered": 100.0, "percent_statements_covered_display": "100"}, "missing_lines": [], "excluded_lines": [], "start_line": 133}, "TestSolarTermsConstants.test_all_terms_have_ko_ja_en": {"executed_lines": [137, 138, 139, 140], "summary": {"covered_lines": 4, "num_statements": 4, "percent_covered": 100.0, "percent_covered_display": "100", "missing_lines": 0, "excluded_lines": 0, "percent_statements_covered": 100.0, "percent_statements_covered_display": "100"}, "missing_lines": [], "excluded_lines": [], "start_line": 136}, "TestSolarTermsConstants.test_12_month_term_starts": {"executed_lines": [143], "summary": {"covered_lines": 1, "num_statements": 1, "percent_covered": 100.0, "percent_covered_display": "100", "missing_lines": 0, "excluded_lines": 0, "percent_statements_covered": 100.0, "percent_statements_covered_display": "100"}, "missing_lines": [], "excluded_lines": [], "start_line": 142}, "TestSolarTermsConstants.test_datetimetojd_epoch": {"executed_lines": [147, 148, 149], "summary": {"covered_lines": 3, "num_statements": 3, "percent_covered": 100.0, "percent_covered_display": "100", "missing_lines": 0, "excluded_lines": 0, "percent_statements_covered": 100.0, "percent_statements_covered_display": "100"}, "missing_lines": [], "excluded_lines": [], "start_line": 145}, "TestSolarTermsConstants.test_has_swisseph_returns_bool": {"executed_lines": [152, 153], "summary": {"covered_lines": 2, "num_statements": 2, "percent_covered": 100.0, "percent_covered_display": "100", "missing_lines": 0, "excluded_lines": 0, "percent_statements_covered": 100.0, "percent_statements_covered_display": "100"}, "missing_lines": [], "excluded_lines": [], "start_line": 151}, "": {"executed_lines": [7, 8, 17, 19, 22, 25, 31, 37, 47, 53, 59, 64, 67, 73, 76, 82, 86, 87, 91, 96, 101, 104, 109, 118, 124, 130, 133, 136, 142, 145, 151], "summary": {"covered_lines": 31, "num_statements": 31, "percent_covered": 100.0, "percent_covered_display": "100", "missing_lines": 0, "excluded_lines": 0, "percent_statements_covered": 100.0, "percent_statements_covered_display": "100"}, "missing_lines": [], "excluded_lines": [], "start_line": 1}}, "classes": {"TestCalcDayPillarJDN": {"executed_lines": [27, 28, 29, 33, 34, 35, 38, 39, 40, 41, 42, 43, 44, 45, 49, 50, 51, 55, 56, 57, 61, 62, 68, 69, 70], "summary": {"covered_lines": 25, "num_statements": 25, "percent_covered": 100.0, "percent_covered_display": "100", "missing_lines": 0, "excluded_lines": 0, "percent_statements_covered": 100.0, "percent_statements_covered_display": "100"}, "missing_lines": [], "excluded_lines": [], "start_line": 22}, "TestGetCurrentSolarTerm": {"executed_lines": [77, 78, 80, 83, 84, 88, 89, 92, 93, 94, 97, 98], "summary": {"covered_lines": 12, "num_statements": 12, "percent_covered": 100.0, "percent_covered_display": "100", "missing_lines": 0, "excluded_lines": 0, "percent_statements_covered": 100.0, "percent_statements_covered_display": "100"}, "missing_lines": [], "excluded_lines": [], "start_line": 73}, "TestGetMonthPillarTerm": {"executed_lines": [105, 106, 107, 112, 113, 115, 116, 119, 120, 121, 122, 125, 126, 127], "summary": {"covered_lines": 14, "num_statements": 14, "percent_covered": 100.0, "percent_covered_display": "100", "missing_lines": 0, "excluded_lines": 0, "percent_statements_covered": 100.0, "percent_statements_covered_display": "100"}, "missing_lines": [], "excluded_lines": [], "start_line": 101}, "TestSolarTermsConstants": {"executed_lines": [134, 137, 138, 139, 140, 143, 147, 148, 149, 152, 153], "summary": {"covered_lines": 11, "num_statements": 11, "percent_covered": 100.0, "percent_covered_display": "100", "missing_lines": 0, "excluded_lines": 0, "percent_statements_covered": 100.0, "percent_statements_covered_display": "100"}, "missing_lines": [], "excluded_lines": [], "start_line": 130}, "": {"executed_lines": [7, 8, 17, 19, 22, 25, 31, 37, 47, 53, 59, 64, 67, 73, 76, 82, 86, 87, 91, 96, 101, 104, 109, 118, 124, 130, 133, 136, 142, 145, 151], "summary": {"covered_lines": 31, "num_statements": 31, "percent_covered": 100.0, "percent_covered_display": "100", "missing_lines": 0, "excluded_lines": 0, "percent_statements_covered": 100.0, "percent_statements_covered_display": "100"}, "missing_lines": [], "excluded_lines": [], "start_line": 1}}}, "tests/test_true_solar_time.py": {"executed_lines": [4, 5, 6, 8, 17, 24, 25, 26, 27, 28, 30, 32, 33, 34, 35, 42, 43, 45, 46, 47, 49, 51, 52, 53, 55, 57, 58, 59, 61, 63, 64, 65, 66, 68, 70, 71, 72, 73, 80, 81, 82, 83, 84, 85, 86, 87, 88, 89, 90, 91, 92, 94, 95, 96, 97, 98, 100, 101, 102, 103, 104, 106, 108, 109, 110, 111, 113, 114, 115, 116, 117, 119, 120, 121, 122, 123, 125, 127, 128, 129, 136, 137, 138, 139, 140, 142, 143, 144, 145, 147, 148, 149, 150, 152, 154, 155, 156, 163, 164, 165, 166, 167, 169, 170, 171, 172, 173, 175, 176, 177, 179, 180, 181, 183, 184, 185], "summary": {"covered_lines": 116, "num_statements": 116, "percent_covered": 100.0, "percent_covered_display": "100", "missing_lines": 0, "excluded_lines": 0, "percent_statements_covered": 100.0, "percent_statements_covered_display": "100"}, "missing_lines": [], "excluded_lines": [], "functions": {"TestEquationOfTime.test_returns_float": {"executed_lines": [26, 27, 28], "summary": {"covered_lines": 3, "num_statements": 3, "percent_covered": 100.0, "percent_covered_display": "100", "missing_lines": 0, "excluded_lines": 0, "percent_statements_covered": 100.0, "percent_statements_covered_display": "100"}, "missing_lines": [], "excluded_lines": [], "start_line": 25}, "TestEquationOfTime.test_range_reasonable": {"executed_lines": [32, 33, 34, 35], "summary": {"covered_lines": 4, "num_statements": 4, "percent_covered": 100.0, "percent_covered_display": "100", "missing_lines": 0, "excluded_lines": 0, "percent_statements_covered": 100.0, "percent_statements_covered_display": "100"}, "missing_lines": [], "excluded_lines": [], "start_line": 30}, "TestLongitudeCorrection.test_seoul_correction_negative": {"executed_lines": [45, 46, 47], "summary": {"covered_lines": 3, "num_statements": 3, "percent_covered": 100.0, "percent_covered_display": "100", "missing_lines": 0, "excluded_lines": 0, "percent_statements_covered": 100.0, "percent_statements_covered_display": "100"}, "missing_lines": [], "excluded_lines": [], "start_line": 43}, "TestLongitudeCorrection.test_tokyo_correction_positive": {"executed_lines": [51, 52, 53], "summary": {"covered_lines": 3, "num_statements": 3, "percent_covered": 100.0, "percent_covered_display": "100", "missing_lines": 0, "excluded_lines": 0, "percent_statements_covered": 100.0, "percent_statements_covered_display": "100"}, "missing_lines": [], "excluded_lines": [], "start_line": 49}, "TestLongitudeCorrection.test_osaka_near_zero": {"executed_lines": [57, 58, 59], "summary": {"covered_lines": 3, "num_statements": 3, "percent_covered": 100.0, "percent_covered_display": "100", "missing_lines": 0, "excluded_lines": 0, "percent_statements_covered": 100.0, "percent_statements_covered_display": "100"}, "missing_lines": [], "excluded_lines": [], "start_line": 55}, "TestLongitudeCorrection.test_seoul_correction_magnitude": {"executed_lines": [63, 64, 65, 66], "summary": {"covered_lines": 4, "num_statements": 4, "percent_covered": 100.0, "percent_covered_display": "100", "missing_lines": 0, "excluded_lines": 0, "percent_statements_covered": 100.0, "percent_statements_covered_display": "100"}, "missing_lines": [], "excluded_lines": [], "start_line": 61}, "TestLongitudeCorrection.test_explicit_longitude": {"executed_lines": [70, 71, 72, 73], "summary": {"covered_lines": 4, "num_statements": 4, "percent_covered": 100.0, "percent_covered_display": "100", "missing_lines": 0, "excluded_lines": 0, "percent_statements_covered": 100.0, "percent_statements_covered_display": "100"}, "missing_lines": [], "excluded_lines": [], "start_line": 68}, "TestTrueSolarTimeResult.test_result_fields_complete": {"executed_lines": [82, 83, 84, 85, 86, 87, 88, 89, 90, 91, 92], "summary": {"covered_lines": 11, "num_statements": 11, "percent_covered": 100.0, "percent_covered_display": "100", "missing_lines": 0, "excluded_lines": 0, "percent_statements_covered": 100.0, "percent_statements_covered_display": "100"}, "missing_lines": [], "excluded_lines": [], "start_line": 81}, "TestTrueSolarTimeResult.test_total_correction_equals_sum": {"executed_lines": [95, 96, 97, 98], "summary": {"covered_lines": 4, "num_statements": 4, "percent_covered": 100.0, "percent_covered_display": "100", "missing_lines": 0, "excluded_lines": 0, "percent_statements_covered": 100.0, "percent_statements_covered_display": "100"}, "missing_lines": [], "excluded_lines": [], "start_line": 94}, "TestTrueSolarTimeResult.test_corrected_datetime_consistent": {"executed_lines": [101, 102, 103, 104], "summary": {"covered_lines": 4, "num_statements": 4, "percent_covered": 100.0, "percent_covered_display": "100", "missing_lines": 0, "excluded_lines": 0, "percent_statements_covered": 100.0, "percent_statements_covered_display": "100"}, "missing_lines": [], "excluded_lines": [], "start_line": 100}, "TestTrueSolarTimeResult.test_hour_branch_idx_range": {"executed_lines": [108, 109, 110, 111], "summary": {"covered_lines": 4, "num_statements": 4, "percent_covered": 100.0, "percent_covered_display": "100", "missing_lines": 0, "excluded_lines": 0, "percent_statements_covered": 100.0, "percent_statements_covered_display": "100"}, "missing_lines": [], "excluded_lines": [], "start_line": 106}, "TestTrueSolarTimeResult.test_to_dict_serializable": {"executed_lines": [114, 115, 116, 117, 119, 120, 121, 122, 123], "summary": {"covered_lines": 9, "num_statements": 9, "percent_covered": 100.0, "percent_covered_display": "100", "missing_lines": 0, "excluded_lines": 0, "percent_statements_covered": 100.0, "percent_statements_covered_display": "100"}, "missing_lines": [], "excluded_lines": [], "start_line": 113}, "TestTrueSolarTimeResult.test_eot_disabled": {"executed_lines": [127, 128, 129], "summary": {"covered_lines": 3, "num_statements": 3, "percent_covered": 100.0, "percent_covered_display": "100", "missing_lines": 0, "excluded_lines": 0, "percent_statements_covered": 100.0, "percent_statements_covered_display": "100"}, "missing_lines": [], "excluded_lines": [], "start_line": 125}, "TestErrorHandling.test_no_longitude_raises": {"executed_lines": [138, 139, 140], "summary": {"covered_lines": 3, "num_statements": 3, "percent_covered": 100.0, "percent_covered_display": "100", "missing_lines": 0, "excluded_lines": 0, "percent_statements_covered": 100.0, "percent_statements_covered_display": "100"}, "missing_lines": [], "excluded_lines": [], "start_line": 137}, "TestErrorHandling.test_invalid_city_key_raises": {"executed_lines": [143, 144, 145], "summary": {"covered_lines": 3, "num_statements": 3, "percent_covered": 100.0, "percent_covered_display": "100", "missing_lines": 0, "excluded_lines": 0, "percent_statements_covered": 100.0, "percent_statements_covered_display": "100"}, "missing_lines": [], "excluded_lines": [], "start_line": 142}, "TestErrorHandling.test_longitude_out_of_range_raises": {"executed_lines": [148, 149, 150], "summary": {"covered_lines": 3, "num_statements": 3, "percent_covered": 100.0, "percent_covered_display": "100", "missing_lines": 0, "excluded_lines": 0, "percent_statements_covered": 100.0, "percent_statements_covered_display": "100"}, "missing_lines": [], "excluded_lines": [], "start_line": 147}, "TestErrorHandling.test_negative_longitude_valid": {"executed_lines": [154, 155, 156], "summary": {"covered_lines": 3, "num_statements": 3, "percent_covered": 100.0, "percent_covered_display": "100", "missing_lines": 0, "excluded_lines": 0, "percent_statements_covered": 100.0, "percent_statements_covered_display": "100"}, "missing_lines": [], "excluded_lines": [], "start_line": 152}, "TestCitySuggestions.test_get_city_suggestions_list": {"executed_lines": [165, 166, 167], "summary": {"covered_lines": 3, "num_statements": 3, "percent_covered": 100.0, "percent_covered_display": "100", "missing_lines": 0, "excluded_lines": 0, "percent_statements_covered": 100.0, "percent_statements_covered_display": "100"}, "missing_lines": [], "excluded_lines": [], "start_line": 164}, "TestCitySuggestions.test_city_suggestion_keys": {"executed_lines": [170, 171, 172, 173], "summary": {"covered_lines": 4, "num_statements": 4, "percent_covered": 100.0, "percent_covered_display": "100", "missing_lines": 0, "excluded_lines": 0, "percent_statements_covered": 100.0, "percent_statements_covered_display": "100"}, "missing_lines": [], "excluded_lines": [], "start_line": 169}, "TestCitySuggestions.test_seoul_in_suggestions": {"executed_lines": [176, 177], "summary": {"covered_lines": 2, "num_statements": 2, "percent_covered": 100.0, "percent_covered_display": "100", "missing_lines": 0, "excluded_lines": 0, "percent_statements_covered": 100.0, "percent_statements_covered_display": "100"}, "missing_lines": [], "excluded_lines": [], "start_line": 175}, "TestCitySuggestions.test_tokyo_in_suggestions": {"executed_lines": [180, 181], "summary": {"covered_lines": 2, "num_statements": 2, "percent_covered": 100.0, "percent_covered_display": "100", "missing_lines": 0, "excluded_lines": 0, "percent_statements_covered": 100.0, "percent_statements_covered_display": "100"}, "missing_lines": [], "excluded_lines": [], "start_line": 179}, "TestCitySuggestions.test_all_longitudes_valid_range": {"executed_lines": [184, 185], "summary": {"covered_lines": 2, "num_statements": 2, "percent_covered": 100.0, "percent_covered_display": "100", "missing_lines": 0, "excluded_lines": 0, "percent_statements_covered": 100.0, "percent_statements_covered_display": "100"}, "missing_lines": [], "excluded_lines": [], "start_line": 183}, "": {"executed_lines": [4, 5, 6, 8, 17, 24, 25, 30, 42, 43, 49, 55, 61, 68, 80, 81, 94, 100, 106, 113, 125, 136, 137, 142, 147, 152, 163, 164, 169, 175, 179, 183], "summary": {"covered_lines": 32, "num_statements": 32, "percent_covered": 100.0, "percent_covered_display": "100", "missing_lines": 0, "excluded_lines": 0, "percent_statements_covered": 100.0, "percent_statements_covered_display": "100"}, "missing_lines": [], "excluded_lines": [], "start_line": 1}}, "classes": {"TestEquationOfTime": {"executed_lines": [26, 27, 28, 32, 33, 34, 35], "summary": {"covered_lines": 7, "num_statements": 7, "percent_covered": 100.0, "percent_covered_display": "100", "missing_lines": 0, "excluded_lines": 0, "percent_statements_covered": 100.0, "percent_statements_covered_display": "100"}, "missing_lines": [], "excluded_lines": [], "start_line": 24}, "TestLongitudeCorrection": {"executed_lines": [45, 46, 47, 51, 52, 53, 57, 58, 59, 63, 64, 65, 66, 70, 71, 72, 73], "summary": {"covered_lines": 17, "num_statements": 17, "percent_covered": 100.0, "percent_covered_display": "100", "missing_lines": 0, "excluded_lines": 0, "percent_statements_covered": 100.0, "percent_statements_covered_display": "100"}, "missing_lines": [], "excluded_lines": [], "start_line": 42}, "TestTrueSolarTimeResult": {"executed_lines": [82, 83, 84, 85, 86, 87, 88, 89, 90, 91, 92, 95, 96, 97, 98, 101, 102, 103, 104, 108, 109, 110, 111, 114, 115, 116, 117, 119, 120, 121, 122, 123, 127, 128, 129], "summary": {"covered_lines": 35, "num_statements": 35, "percent_covered": 100.0, "percent_covered_display": "100", "missing_lines": 0, "excluded_lines": 0, "percent_statements_covered": 100.0, "percent_statements_covered_display": "100"}, "missing_lines": [], "excluded_lines": [], "start_line": 80}, "TestErrorHandling": {"executed_lines": [138, 139, 140, 143, 144, 145, 148, 149, 150, 154, 155, 156], "summary": {"covered_lines": 12, "num_statements": 12, "percent_covered": 100.0, "percent_covered_display": "100", "missing_lines": 0, "excluded_lines": 0, "percent_statements_covered": 100.0, "percent_statements_covered_display": "100"}, "missing_lines": [], "excluded_lines": [], "start_line": 136}, "TestCitySuggestions": {"executed_lines": [165, 166, 167, 170, 171, 172, 173, 176, 177, 180, 181, 184, 185], "summary": {"covered_lines": 13, "num_statements": 13, "percent_covered": 100.0, "percent_covered_display": "100", "missing_lines": 0, "excluded_lines": 0, "percent_statements_covered": 100.0, "percent_statements_covered_display": "100"}, "missing_lines": [], "excluded_lines": [], "start_line": 163}, "": {"executed_lines": [4, 5, 6, 8, 17, 24, 25, 30, 42, 43, 49, 55, 61, 68, 80, 81, 94, 100, 106, 113, 125, 136, 137, 142, 147, 152, 163, 164, 169, 175, 179, 183], "summary": {"covered_lines": 32, "num_statements": 32, "percent_covered": 100.0, "percent_covered_display": "100", "missing_lines": 0, "excluded_lines": 0, "percent_statements_covered": 100.0, "percent_statements_covered_display": "100"}, "missing_lines": [], "excluded_lines": [], "start_line": 1}}}}, "totals": {"covered_lines": 8041, "num_statements": 8599, "percent_covered": 93.51087335736713, "percent_covered_display": "94", "missing_lines": 558, "excluded_lines": 0, "percent_statements_covered": 93.51087335736713, "percent_statements_covered_display": "94"}}